"../../../FlexProject/Content/TestPackages/Flex/flexSurfaceMaterialTranslucentSimple.uasset" 0
"../../../FlexProject/Content/Maps/testMaps/NewFlexFluidSurface.uasset" 1
"../../../FlexProject/Content/Maps/testMaps/NewFlexContainer.uasset" 2
"../../../FlexProject/Content/FirstPerson/Character/Mesh/SK_Mannequin_Arms_Skeleton.uasset" 3
"../../../FlexProject/Content/FirstPerson/Animations/FirstPerson_Idle.uasset" 4
"../../../FlexProject/Content/FirstPerson/Animations/FirstPerson_JumpEnd.uasset" 5
"../../../FlexProject/Content/FirstPerson/Animations/FirstPerson_JumpLoop.uasset" 6
"../../../FlexProject/Content/FirstPerson/Animations/FirstPerson_JumpStart.uasset" 7
"../../../FlexProject/Content/FirstPerson/Animations/FirstPerson_Run.uasset" 8
"../../../Engine/Content/EditorBlueprintResources/StandardMacros.uasset" 9
"../../../FlexProject/Content/FirstPerson/Animations/FirstPerson_AnimBP.uasset" 10
"../../../FlexProject/Content/FirstPerson/Animations/FirstPerson_Fire.uasset" 11
"../../../FlexProject/Content/FirstPerson/Animations/FirstPersonFire_Montage.uasset" 12
"../../../FlexProject/Content/FirstPerson/Audio/FirstPersonTemplateWeaponFire02.uasset" 13
"../../../Engine/Content/Functions/Engine_MaterialFunctions02/Utility/BlendAngleCorrectedNormals.uasset" 14
"../../../Engine/Content/Functions/MaterialLayerFunctions/MatLayerBlend_NormalBlend.uasset" 15
"../../../Engine/Content/Functions/MaterialLayerFunctions/MatLayerBlend_Simple.uasset" 16
"../../../FlexProject/Content/FirstPerson/Character/Materials/MaterialLayers/T_ML_Rubber_Blue_01_D.uasset" 17
"../../../FlexProject/Content/FirstPerson/Character/Materials/MaterialLayers/T_ML_Rubber_Blue_01_N.uasset" 18
"../../../FlexProject/Content/FirstPerson/Character/Materials/MaterialLayers/ML_GlossyBlack_Latex_UE4.uasset" 19
"../../../FlexProject/Content/FirstPerson/Character/Materials/MaterialLayers/ML_Plastic_Shiny_Beige.uasset" 20
"../../../FlexProject/Content/FirstPerson/Character/Textures/UE4_LOGO_CARD.uasset" 21
"../../../FlexProject/Content/FirstPerson/Character/Materials/MaterialLayers/ML_Plastic_Shiny_Beige_LOGO.uasset" 22
"../../../FlexProject/Content/FirstPerson/Character/Materials/MaterialLayers/T_ML_Aluminum01.uasset" 23
"../../../FlexProject/Content/FirstPerson/Character/Materials/MaterialLayers/T_ML_Aluminum01_N.uasset" 24
"../../../FlexProject/Content/FirstPerson/Character/Materials/MaterialLayers/ML_SoftMetal_UE4.uasset" 25
"../../../FlexProject/Content/FirstPerson/Character/Textures/UE4_Mannequin__normals.uasset" 26
"../../../FlexProject/Content/FirstPerson/Character/Textures/UE4_Mannequin_MAT_MASKA.uasset" 27
"../../../FlexProject/Content/FirstPerson/Character/Materials/M_UE4Man_Body.uasset" 28
"../../../FlexProject/Content/FirstPerson/Character/Mesh/SK_Mannequin_Arms_PhysicsAsset.uasset" 29
"../../../FlexProject/Content/FirstPerson/Character/Mesh/SK_Mannequin_Arms.uasset" 30
"../../../FlexProject/Content/FirstPerson/FPWeapon/Materials/MaterialLayers/T_ML_Rubber_Blue_01_D.uasset" 31
"../../../FlexProject/Content/FirstPerson/FPWeapon/Materials/MaterialLayers/T_ML_Rubber_Blue_01_N.uasset" 32
"../../../FlexProject/Content/FirstPerson/FPWeapon/Materials/MaterialLayers/ML_GlossyBlack_Latex_UE4.uasset" 33
"../../../FlexProject/Content/FirstPerson/FPWeapon/Materials/MaterialLayers/ML_Plastic_Shiny_Beige.uasset" 34
"../../../FlexProject/Content/FirstPerson/FPWeapon/Materials/MaterialLayers/ML_Screen.uasset" 35
"../../../FlexProject/Content/FirstPerson/FPWeapon/Materials/MaterialLayers/T_ML_Aluminum01.uasset" 36
"../../../FlexProject/Content/FirstPerson/FPWeapon/Materials/MaterialLayers/T_ML_Aluminum01_N.uasset" 37
"../../../FlexProject/Content/FirstPerson/FPWeapon/Materials/MaterialLayers/ML_SoftMetal_UE4.uasset" 38
"../../../FlexProject/Content/FirstPerson/FPWeapon/Textures/T_FPGun_M.uasset" 39
"../../../FlexProject/Content/FirstPerson/FPWeapon/Textures/T_FPGun_N.uasset" 40
"../../../FlexProject/Content/FirstPerson/FPWeapon/Materials/M_FPGun.uasset" 41
"../../../FlexProject/Content/FirstPerson/FPWeapon/Mesh/SK_FPGun_Skeleton.uasset" 42
"../../../FlexProject/Content/FirstPerson/FPWeapon/Mesh/SK_FPGun.uasset" 43
"../../../FlexProject/Content/FirstPersonCharacter_2.uasset" 44
"../../../FlexProject/Content/AnimStarterPack/UE4_Mannequin/Mesh/UE4_Mannequin_Skeleton.uasset" 45
"../../../FlexProject/Content/AnimStarterPack/Aim_Space_Hip.uasset" 46
"../../../FlexProject/Content/AnimStarterPack/Aim_Space_Ironsights.uasset" 47
"../../../FlexProject/Content/AnimStarterPack/Crouch_to_Stand_Rifle_Hip.uasset" 48
"../../../FlexProject/Content/AnimStarterPack/Crouch_to_Stand_Rifle_Ironsights.uasset" 49
"../../../FlexProject/Content/AnimStarterPack/Crouch_Walk_Bwd_Rifle_Ironsights.uasset" 50
"../../../FlexProject/Content/AnimStarterPack/Crouch_Walk_Lt_Rifle_Ironsights.uasset" 51
"../../../FlexProject/Content/AnimStarterPack/Crouch_Walk_Rt_Rifle_Ironsights.uasset" 52
"../../../FlexProject/Content/AnimStarterPack/Death_1.uasset" 53
"../../../FlexProject/Content/AnimStarterPack/Death_2.uasset" 54
"../../../FlexProject/Content/AnimStarterPack/Death_3.uasset" 55
"../../../FlexProject/Content/AnimStarterPack/Death_Ironsights_1.uasset" 56
"../../../FlexProject/Content/AnimStarterPack/Death_Ironsights_2.uasset" 57
"../../../FlexProject/Content/AnimStarterPack/Equip_Rifle_Standing.uasset" 58
"../../../FlexProject/Content/AnimStarterPack/Fire_Rifle_Hip.uasset" 59
"../../../FlexProject/Content/AnimStarterPack/Fire_Shotgun_Hip.uasset" 60
"../../../FlexProject/Content/AnimStarterPack/Fire_Shotgun_Ironsights.uasset" 61
"../../../FlexProject/Content/AnimStarterPack/Hit_React_4.uasset" 62
"../../../FlexProject/Content/AnimStarterPack/Idle_Pistol.uasset" 63
"../../../FlexProject/Content/AnimStarterPack/Idle_Rifle_Ironsights.uasset" 64
"../../../FlexProject/Content/AnimStarterPack/Jump_From_Stand_Ironsights.uasset" 65
"../../../FlexProject/Content/AnimStarterPack/Prone_Death_1.uasset" 66
"../../../FlexProject/Content/AnimStarterPack/Prone_Death_2.uasset" 67
"../../../FlexProject/Content/AnimStarterPack/Prone_Fire_1.uasset" 68
"../../../FlexProject/Content/AnimStarterPack/Prone_Fire_2.uasset" 69
"../../../FlexProject/Content/AnimStarterPack/Prone_Idle.uasset" 70
"../../../FlexProject/Content/AnimStarterPack/Prone_Reload_Rifle.uasset" 71
"../../../FlexProject/Content/AnimStarterPack/Prone_Reload_Shotgun.uasset" 72
"../../../FlexProject/Content/AnimStarterPack/Prone_To_Stand.uasset" 73
"../../../FlexProject/Content/AnimStarterPack/Reload_Pistol.uasset" 74
"../../../FlexProject/Content/AnimStarterPack/Reload_Rifle_Ironsights.uasset" 75
"../../../FlexProject/Content/AnimStarterPack/Reload_Shotgun_Hip.uasset" 76
"../../../FlexProject/Content/AnimStarterPack/Reload_Shotgun_Ironsights.uasset" 77
"../../../FlexProject/Content/AnimStarterPack/Sprint_Fwd_Rifle.uasset" 78
"../../../FlexProject/Content/AnimStarterPack/Stand_to_Crouch_Rifle_Hip.uasset" 79
"../../../FlexProject/Content/AnimStarterPack/Stand_to_Crouch_Rifle_Ironsights.uasset" 80
"../../../FlexProject/Content/AnimStarterPack/Stand_To_Prone.uasset" 81
"../../../FlexProject/Content/AnimStarterPack/Walk_Bwd_Rifle_Ironsights.uasset" 82
"../../../FlexProject/Content/AnimStarterPack/Walk_Lt_Rifle_Ironsights.uasset" 83
"../../../FlexProject/Content/AnimStarterPack/Walk_Rt_Rifle_Ironsights.uasset" 84
"../../../FlexProject/Content/Character/HeroTPP_Skeleton.uasset" 85
"../../../FlexProject/Content/Animations/Jump_End.uasset" 86
"../../../FlexProject/Content/Animations/Jump_Loop.uasset" 87
"../../../FlexProject/Content/Animations/Jump_Start.uasset" 88
"../../../FlexProject/Content/Animations/Idle.uasset" 89
"../../../FlexProject/Content/Animations/Run.uasset" 90
"../../../FlexProject/Content/Animations/Walk.uasset" 91
"../../../FlexProject/Content/Character/IdleRun_TPP.uasset" 92
"../../../FlexProject/Content/Character/HeroTPP_AnimBlueprint.uasset" 93
"../../../Engine/Content/TemplateResources/M_Template_Master.uasset" 94
"../../../Engine/Content/TemplateResources/MI_Template_BaseBlue.uasset" 95
"../../../FlexProject/Content/Character/HeroTPP.uasset" 96
"../../../FlexProject/Content/Blueprints/MyCharacter.uasset" 97
"../../../FlexProject/Content/AnimStarterPack/Crouch_Idle_Rifle_Hip.uasset" 98
"../../../FlexProject/Content/AnimStarterPack/Idle_Rifle_Hip.uasset" 99
"../../../FlexProject/Content/AnimStarterPack/Jump_From_Jog.uasset" 100
"../../../FlexProject/Content/AnimStarterPack/Jump_From_Stand.uasset" 101
"../../../FlexProject/Content/AnimStarterPack/Crouch_Walk_Bwd_Rifle_Hip.uasset" 102
"../../../FlexProject/Content/AnimStarterPack/Crouch_Walk_Fwd_Rifle_Hip.uasset" 103
"../../../FlexProject/Content/AnimStarterPack/Crouch_Walk_Lt_Rifle_Hip.uasset" 104
"../../../FlexProject/Content/AnimStarterPack/Crouch_Walk_Rt_Rifle_Hip.uasset" 105
"../../../FlexProject/Content/AnimStarterPack/BS_CrouchWalk.uasset" 106
"../../../FlexProject/Content/AnimStarterPack/Jog_Bwd_Rifle.uasset" 107
"../../../FlexProject/Content/AnimStarterPack/Jog_Fwd_Rifle.uasset" 108
"../../../FlexProject/Content/AnimStarterPack/Jog_Lt_Rifle.uasset" 109
"../../../FlexProject/Content/AnimStarterPack/Jog_Rt_Rifle.uasset" 110
"../../../FlexProject/Content/AnimStarterPack/BS_Jog.uasset" 111
"../../../Engine/Content/Functions/MaterialLayerFunctions/MatLayerBlend_AO.uasset" 112
"../../../FlexProject/Content/AnimStarterPack/UE4_Mannequin/Materials/MaterialLayers/T_ML_Rubber_Blue_01_D.uasset" 113
"../../../FlexProject/Content/AnimStarterPack/UE4_Mannequin/Materials/MaterialLayers/T_ML_Rubber_Blue_01_N.uasset" 114
"../../../FlexProject/Content/AnimStarterPack/UE4_Mannequin/Materials/MaterialLayers/ML_GlossyBlack_Latex_UE4.uasset" 115
"../../../FlexProject/Content/AnimStarterPack/UE4_Mannequin/Materials/MaterialLayers/ML_Plastic_Shiny_Beige.uasset" 116
"../../../FlexProject/Content/AnimStarterPack/UE4_Mannequin/Textures/UE4_LOGO_CARD.uasset" 117
"../../../FlexProject/Content/AnimStarterPack/UE4_Mannequin/Materials/MaterialLayers/ML_Plastic_Shiny_Beige_LOGO.uasset" 118
"../../../FlexProject/Content/AnimStarterPack/UE4_Mannequin/Materials/MaterialLayers/T_ML_Aluminum01.uasset" 119
"../../../FlexProject/Content/AnimStarterPack/UE4_Mannequin/Materials/MaterialLayers/T_ML_Aluminum01_N.uasset" 120
"../../../FlexProject/Content/AnimStarterPack/UE4_Mannequin/Materials/MaterialLayers/ML_SoftMetal_UE4.uasset" 121
"../../../FlexProject/Content/AnimStarterPack/UE4_Mannequin/Textures/UE4_Mannequin__normals.uasset" 122
"../../../FlexProject/Content/AnimStarterPack/UE4_Mannequin/Textures/UE4_Mannequin_MAT_MASKA.uasset" 123
"../../../FlexProject/Content/AnimStarterPack/UE4_Mannequin/Textures/UE4_Mannequin_occlusion_Mobile.uasset" 124
"../../../FlexProject/Content/AnimStarterPack/UE4_Mannequin/Materials/M_UE4Man_Body.uasset" 125
"../../../FlexProject/Content/AnimStarterPack/UE4_Mannequin/Textures/UE4Man_Logo_N.uasset" 126
"../../../FlexProject/Content/AnimStarterPack/UE4_Mannequin/Materials/M_UE4Man_ChestLogo.uasset" 127
"../../../FlexProject/Content/AnimStarterPack/UE4_Mannequin/Mesh/SK_Mannequin_PhysicsAsset.uasset" 128
"../../../FlexProject/Content/AnimStarterPack/UE4_Mannequin/Mesh/SK_Mannequin.uasset" 129
"../../../FlexProject/Content/AnimStarterPack/Ue4ASP_Character.uasset" 130
"../../../FlexProject/Content/AnimStarterPack/UE4ASP_HeroTPP_AnimBlueprint.uasset" 131
"../../../FlexProject/Content/VirtualReality/Mannequin/Character/Mesh/MannequinHand_Right_Skeleton.uasset" 132
"../../../FlexProject/Content/VirtualReality/Mannequin/Animations/MannequinHand_Right_CanGrab.uasset" 133
"../../../FlexProject/Content/VirtualReality/Mannequin/Animations/MannequinHand_Right_Grab.uasset" 134
"../../../FlexProject/Content/VirtualReality/Mannequin/Animations/MannequinHand_Right_Open.uasset" 135
"../../../FlexProject/Content/VirtualReality/Mannequin/Animations/RightGrip_BS.uasset" 136
"../../../FlexProject/Content/VirtualRealityBP/Blueprints/GripEnum.uasset" 137
"../../../FlexProject/Content/VirtualReality/Mannequin/Animations/RightHand_AnimBP.uasset" 138
"../../../FlexProject/Content/FirstPersonBP/Blueprints/FirstPersonProjectileTrans.uasset" 139
"../../../FlexProject/Content/FirstPerson/Meshes/BaseMaterial.uasset" 140
"../../../FlexProject/Content/FirstPerson/Meshes/FirstPersonProjectileMaterial.uasset" 141
"../../../FlexProject/Content/FirstPerson/Meshes/FirstPersonProjectileMesh.uasset" 142
"../../../FlexProject/Content/TestPackages/Flex/flexSurfaceTranslucentSimple.uasset" 143
"../../../FlexProject/Content/TestPackages/Flex/flexSurfaceContainerTranslucentSimple.uasset" 144
"../../../FlexProject/Content/TestPackages/Flex/flexSurfaceTranslucentExt.uasset" 145
"../../../FlexProject/Content/TestPackages/Flex/flexParticleMaterial.uasset" 146
"../../../FlexProject/Content/TestPackages/Flex/flexSurfaceEmitterTranslucentSimple.uasset" 147
"../../../FlexProject/Content/FirstPersonBP/Blueprints/FirstPersonProjectile.uasset" 148
"../../../Engine/Content/EditorSounds/GamePreview/PossessPlayer.uasset" 149
"../../../FlexProject/Content/VirtualReality/Mannequin/Character/Textures/UE4_Mannequin__normals.uasset" 150
"../../../FlexProject/Content/VirtualReality/Mannequin/Character/Textures/UE4_Mannequin_MAT_MASKA.uasset" 151
"../../../FlexProject/Content/VirtualReality/Mannequin/Character/Materials/M_HandMat.uasset" 152
"../../../FlexProject/Content/VirtualReality/Mannequin/Character/Mesh/MannequinHand_Right_PhysicsAsset.uasset" 153
"../../../FlexProject/Content/VirtualReality/Mannequin/Character/Mesh/MannequinHand_Right.uasset" 154
"../../../FlexProject/Content/FirstPersonBP/Blueprints/FirstPersonCharacter.uasset" 155
"../../../FlexProject/Content/FirstPerson/Textures/FirstPersonCrosshair.uasset" 156
"../../../FlexProject/Content/FirstPersonBP/Blueprints/FirstPersonHUD.uasset" 157
"../../../FlexProject/Content/Blueprints/MyGame.uasset" 158
"../../../FlexProject/Content/Cinematics/NewLevelSequence.uasset" 159
"../../../FlexProject/Content/FirstPerson/FPWeapon/Materials/MaterialLayers/ML_Plastic_Shiny_Beige_LOGO.uasset" 160
"../../../FlexProject/Content/FirstPerson/FPWeapon/Materials/MaterialLayers/T_ML_FineRubber.uasset" 161
"../../../FlexProject/Content/FirstPerson/FPWeapon/Mesh/SK_FPGun_PhysicsAsset.uasset" 162
"../../../FlexProject/Content/FirstPersonBP/Blueprints/FirstPersonGameMode.uasset" 163
"../../../FlexProject/Content/Geometry/Meshes/CubeMaterial.uasset" 164
"../../../FlexProject/Content/Geometry/Meshes/1M_Cube_Chamfer.uasset" 165
"../../../FlexProject/Content/Geometry/Meshes/TemplateFloor.uasset" 166
"../../../FlexProject/Content/IndustryPropsPack6/Textures/T_Barrel01_D.uasset" 167
"../../../FlexProject/Content/IndustryPropsPack6/Textures/T_Barrel01_N.uasset" 168
"../../../FlexProject/Content/IndustryPropsPack6/Textures/T_Barrel01_SRM.uasset" 169
"../../../FlexProject/Content/IndustryPropsPack6/Materials/MI_Barrel01_2.uasset" 170
"../../../FlexProject/Content/IndustryPropsPack6/Materials/MI_Barrel01_3.uasset" 171
"../../../FlexProject/Content/IndustryPropsPack6/Materials/MI_Barrel01_4.uasset" 172
"../../../FlexProject/Content/IndustryPropsPack6/Materials/MI_Barrel01_5.uasset" 173
"../../../FlexProject/Content/IndustryPropsPack6/Materials/MI_Barrel01_6.uasset" 174
"../../../FlexProject/Content/IndustryPropsPack6/Textures/T_Box01_D.uasset" 175
"../../../FlexProject/Content/IndustryPropsPack6/Textures/T_Box01_N.uasset" 176
"../../../FlexProject/Content/IndustryPropsPack6/Textures/T_Box01_SRM.uasset" 177
"../../../FlexProject/Content/IndustryPropsPack6/Materials/MI_Box01_1.uasset" 178
"../../../FlexProject/Content/IndustryPropsPack6/Materials/MI_Box01_3.uasset" 179
"../../../FlexProject/Content/IndustryPropsPack6/Materials/MI_Box01_4.uasset" 180
"../../../FlexProject/Content/IndustryPropsPack6/Textures/T_Cartonbox01_D.uasset" 181
"../../../FlexProject/Content/IndustryPropsPack6/Textures/T_Cartonbox01_N.uasset" 182
"../../../FlexProject/Content/IndustryPropsPack6/Textures/T_Cartonbox01_SRM.uasset" 183
"../../../FlexProject/Content/IndustryPropsPack6/Materials/MI_Cartonbox01_2.uasset" 184
"../../../FlexProject/Content/IndustryPropsPack6/Textures/T_Hose_D.uasset" 185
"../../../FlexProject/Content/IndustryPropsPack6/Textures/T_Hose_N.uasset" 186
"../../../FlexProject/Content/IndustryPropsPack6/Textures/T_Hose_SRM.uasset" 187
"../../../FlexProject/Content/IndustryPropsPack6/Materials/MI_Hose01_2.uasset" 188
"../../../FlexProject/Content/IndustryPropsPack6/Textures/T_Newspaper01_D.uasset" 189
"../../../FlexProject/Content/IndustryPropsPack6/Textures/T_Newspaper01_N.uasset" 190
"../../../FlexProject/Content/IndustryPropsPack6/Textures/T_Newspaper01_SRM.uasset" 191
"../../../FlexProject/Content/IndustryPropsPack6/Materials/MI_Newspaper01_2.uasset" 192
"../../../FlexProject/Content/IndustryPropsPack6/Textures/T_Tarp01_N.uasset" 193
"../../../FlexProject/Content/IndustryPropsPack6/Textures/T_Tarp01_SRM.uasset" 194
"../../../FlexProject/Content/IndustryPropsPack6/Textures/T_Tarp02_D.uasset" 195
"../../../FlexProject/Content/IndustryPropsPack6/Materials/Mi_Tarp01_2.uasset" 196
"../../../FlexProject/Content/IndustryPropsPack6/Textures/T_Tarp02_N.uasset" 197
"../../../FlexProject/Content/IndustryPropsPack6/Textures/T_TrafficBarrel01_D.uasset" 198
"../../../FlexProject/Content/IndustryPropsPack6/Textures/T_TrafficBarrel01_N.uasset" 199
"../../../FlexProject/Content/IndustryPropsPack6/Textures/T_TrafficBarrel01_SRM.uasset" 200
"../../../FlexProject/Content/IndustryPropsPack6/Textures/BaseTextures/BB_D.uasset" 201
"../../../FlexProject/Content/IndustryPropsPack6/Textures/BaseTextures/BG_D.uasset" 202
"../../../FlexProject/Content/IndustryPropsPack6/Textures/BaseTextures/BW_D.uasset" 203
"../../../FlexProject/Content/IndustryPropsPack6/Textures/BaseTextures/B_N.uasset" 204
"../../../FlexProject/Content/IndustryPropsPack6/Textures/BaseTextures/TC_HDR01.uasset" 205
"../../../FlexProject/Content/IndustryPropsPack6/Textures/BaseTextures/TC_HDR02.uasset" 206
"../../../FlexProject/Content/IndustryPropsPack6/Textures/BaseTextures/T_Dirt_N.uasset" 207
"../../../FlexProject/Content/IndustryPropsPack6/Textures/BaseTextures/T_gradient_D.uasset" 208
"../../../FlexProject/Content/IndustryPropsPack6/Textures/BaseTextures/T_MASK1.uasset" 209
"../../../FlexProject/Content/IndustryPropsPack6/Textures/BaseTextures/T_MASK2.uasset" 210
"../../../FlexProject/Content/StarterContent/Materials/M_Basic_Wall.uasset" 211
"../../../FlexProject/Content/StarterContent/Architecture/Pillar_50x500.uasset" 212
"../../../FlexProject/Content/StarterContent/Architecture/Wall_400x300.uasset" 213
"../../../FlexProject/Content/StarterContent/Architecture/Wall_400x400.uasset" 214
"../../../FlexProject/Content/StarterContent/Architecture/Wall_500x500.uasset" 215
"../../../FlexProject/Content/StarterContent/Architecture/Wall_Door_400x400.uasset" 216
"../../../FlexProject/Content/StarterContent/Architecture/Wall_Window_400x400.uasset" 217
"../../../FlexProject/Content/StarterContent/Audio/Collapse01.uasset" 218
"../../../FlexProject/Content/StarterContent/Audio/Collapse02.uasset" 219
"../../../FlexProject/Content/StarterContent/Audio/Explosion01.uasset" 220
"../../../FlexProject/Content/StarterContent/Audio/Explosion02.uasset" 221
"../../../FlexProject/Content/StarterContent/Audio/Fire01.uasset" 222
"../../../FlexProject/Content/StarterContent/Audio/Fire_Sparks01.uasset" 223
"../../../FlexProject/Content/StarterContent/Audio/Light01.uasset" 224
"../../../FlexProject/Content/StarterContent/Audio/Light01_Cue.uasset" 225
"../../../FlexProject/Content/StarterContent/Audio/Light02.uasset" 226
"../../../FlexProject/Content/StarterContent/Audio/Light02_Cue.uasset" 227
"../../../FlexProject/Content/StarterContent/Audio/Smoke01.uasset" 228
"../../../FlexProject/Content/StarterContent/Audio/Starter_Birds01.uasset" 229
"../../../FlexProject/Content/StarterContent/Audio/Starter_Music01.uasset" 230
"../../../FlexProject/Content/StarterContent/Audio/Starter_Wind05.uasset" 231
"../../../FlexProject/Content/StarterContent/Audio/Starter_Wind06.uasset" 232
"../../../FlexProject/Content/StarterContent/Audio/Steam01.uasset" 233
"../../../FlexProject/Content/StarterContent/Audio/Explosion_Cue.uasset" 234
"../../../FlexProject/Content/StarterContent/Textures/T_Burst_M.uasset" 235
"../../../FlexProject/Content/StarterContent/Particles/Materials/M_Burst.uasset" 236
"../../../FlexProject/Content/StarterContent/Textures/T_Explosion_SubUV.uasset" 237
"../../../FlexProject/Content/StarterContent/Particles/Materials/M_explosion_subUV.uasset" 238
"../../../FlexProject/Content/StarterContent/Particles/Materials/m_flare_01.uasset" 239
"../../../Engine/Content/Functions/Engine_MaterialFunctions01/Gradient/RadialGradient.uasset" 240
"../../../FlexProject/Content/StarterContent/Particles/Materials/M_radial_ramp.uasset" 241
"../../../FlexProject/Content/StarterContent/Textures/T_Smoke_SubUV.uasset" 242
"../../../FlexProject/Content/StarterContent/Textures/T_Smoke_Tiled_D.uasset" 243
"../../../FlexProject/Content/StarterContent/Particles/Materials/M_smoke_subUV.uasset" 244
"../../../FlexProject/Content/StarterContent/Particles/P_Explosion.uasset" 245
"../../../FlexProject/Content/StarterContent/Blueprints/Blueprint_Effect_Explosion.uasset" 246
"../../../Engine/Content/EditorMeshes/ColorCalibrator/T_ColorGrid.uasset" 247
"../../../FlexProject/Content/StarterContent/Materials/M_ColorGrid_LowSpec.uasset" 248
"../../../FlexProject/Content/StarterContent/Textures/T_Bush_D.uasset" 249
"../../../FlexProject/Content/StarterContent/Textures/T_Bush_N.uasset" 250
"../../../FlexProject/Content/StarterContent/Props/Materials/M_Bush.uasset" 251
"../../../FlexProject/Content/StarterContent/Props/SM_Bush.uasset" 252
"../../../FlexProject/Content/StarterContent/Textures/T_Chair_M.uasset" 253
"../../../FlexProject/Content/StarterContent/Textures/T_Chair_N.uasset" 254
"../../../FlexProject/Content/StarterContent/Props/Materials/M_Chair.uasset" 255
"../../../FlexProject/Content/StarterContent/Props/SM_Couch.uasset" 256
"../../../FlexProject/Content/StarterContent/Materials/M_Glass.uasset" 257
"../../../FlexProject/Content/StarterContent/Textures/T_Door_M.uasset" 258
"../../../FlexProject/Content/StarterContent/Textures/T_Door_N.uasset" 259
"../../../FlexProject/Content/StarterContent/Props/Materials/M_Door.uasset" 260
"../../../FlexProject/Content/StarterContent/Props/SM_Door.uasset" 261
"../../../FlexProject/Content/StarterContent/Props/Materials/M_MaterialSphere.uasset" 262
"../../../FlexProject/Content/StarterContent/Props/Materials/M_MaterialSphere_Plain.uasset" 263
"../../../FlexProject/Content/StarterContent/Props/SM_MatPreviewMesh_02.uasset" 264
"../../../FlexProject/Content/StarterContent/Textures/T_Detail_Rocky_N.uasset" 265
"../../../FlexProject/Content/StarterContent/Textures/T_Rock_Basalt_D.uasset" 266
"../../../FlexProject/Content/StarterContent/Textures/T_RockMesh_M.uasset" 267
"../../../FlexProject/Content/StarterContent/Textures/T_RockMesh_N.uasset" 268
"../../../FlexProject/Content/StarterContent/Props/Materials/M_Rock.uasset" 269
"../../../FlexProject/Content/StarterContent/Props/SM_Rock.uasset" 270
"../../../FlexProject/Content/StarterContent/Textures/T_Shelf_M.uasset" 271
"../../../FlexProject/Content/StarterContent/Textures/T_Shelf_N.uasset" 272
"../../../FlexProject/Content/StarterContent/Props/Materials/M_Shelf.uasset" 273
"../../../FlexProject/Content/StarterContent/Props/SM_Shelf.uasset" 274
"../../../FlexProject/Content/StarterContent/Materials/M_Basic_Floor.uasset" 275
"../../../FlexProject/Content/StarterContent/Props/SM_Stairs.uasset" 276
"../../../FlexProject/Content/StarterContent/Shapes/Shape_Cone.uasset" 277
"../../../FlexProject/Content/StarterContent/Shapes/Shape_Cylinder.uasset" 278
"../../../FlexProject/Content/StarterContent/Shapes/Shape_NarrowCapsule.uasset" 279
"../../../FlexProject/Content/StarterContent/Shapes/Shape_Pipe.uasset" 280
"../../../FlexProject/Content/StarterContent/Shapes/Shape_Pipe_180.uasset" 281
"../../../FlexProject/Content/StarterContent/Shapes/Shape_Pipe_90.uasset" 282
"../../../FlexProject/Content/StarterContent/Shapes/Shape_Plane.uasset" 283
"../../../FlexProject/Content/StarterContent/Shapes/Shape_Torus.uasset" 284
"../../../FlexProject/Content/StarterContent/Shapes/Shape_Trim.uasset" 285
"../../../FlexProject/Content/StarterContent/Shapes/Shape_Trim_90_In.uasset" 286
"../../../FlexProject/Content/StarterContent/Shapes/Shape_Trim_90_Out.uasset" 287
"../../../FlexProject/Content/StarterContent/Shapes/Shape_TriPyramid.uasset" 288
"../../../FlexProject/Content/StarterContent/Shapes/Shape_Tube.uasset" 289
"../../../FlexProject/Content/StarterContent/Shapes/Shape_Wedge_A.uasset" 290
"../../../FlexProject/Content/StarterContent/Shapes/Shape_Wedge_B.uasset" 291
"../../../FlexProject/Content/StarterContent/Shapes/Shape_WideCapsule.uasset" 292
"../../../FlexProject/Content/TestPackages/Flex/flexClothContainer.uasset" 293
"../../../Engine/Content/Functions/Engine_MaterialFunctions01/Opacity/CameraDepthFade.uasset" 294
"../../../Engine/Content/EngineMaterials/T_Default_Material_Grid_M.uasset" 295
"../../../Engine/Content/EngineMaterials/T_Default_Material_Grid_N.uasset" 296
"../../../Engine/Content/EngineMaterials/WorldGridMaterial.uasset" 297
"../../../FlexProject/Content/TestPackages/Flex/flexBoxHigh.uasset" 298
"../../../FlexProject/Content/TestPackages/Flex/flexClothBig.uasset" 299
"../../../Engine/Content/EditorResources/S_RadForce.uasset" 300
"../../../FlexProject/Content/TestPackages/Flex/flexImpactImpulse.uasset" 301
"../../../FlexProject/Content/TestPackages/Flex/flexSandContainer.uasset" 302
"../../../FlexProject/Content/TestPackages/Flex/flexRockE.uasset" 303
"../../../FlexProject/Content/TestPackages/Flex/flexSurfaceShiny.uasset" 304
"../../../FlexProject/Content/TestPackages/Flex/flexSurfaceSolid.uasset" 305
"../../../Engine/Content/Functions/Engine_MaterialFunctions01/Shading/ConvertFromDiffSpec.uasset" 306
"../../../Engine/Content/EngineMaterials/FlatNormal.uasset" 307
"../../../FlexProject/Content/TestPackages/Flex/flexPinkMaterial.uasset" 308
"../../../FlexProject/Content/TestPackages/Flex/flexTearingClothSmall.uasset" 309
"../../../FlexProject/Content/TestPackages/Flex/flexTerrainMaterial.uasset" 310
"../../../Engine/Content/BasicShapes/Plane.uasset" 311
"../../../Engine/Content/EditorLandscapeResources/DataLayer.uasset" 312
"../../../Engine/Content/EditorMaterials/GizmoMaterial.uasset" 313
"../../../Engine/Content/EditorMaterials/MAT_Groups_Toggle.uasset" 314
"../../../Engine/Content/EditorMaterials/MAT_Groups_Visibility.uasset" 315
"../../../Engine/Content/EditorMaterials/PreviewShadowIndicator.uasset" 316
"../../../Engine/Content/EditorMaterials/PreviewShadowIndicatorMaterial.uasset" 317
"../../../Engine/Content/EditorMaterials/MatineeGroups/MAT_ColorTrack.uasset" 318
"../../../Engine/Content/EditorMaterials/MatineeGroups/MAT_Groups_Anim.uasset" 319
"../../../Engine/Content/EditorMaterials/MatineeGroups/MAT_Groups_AudioMaster.uasset" 320
"../../../Engine/Content/EditorMaterials/MatineeGroups/MAT_Groups_Director.uasset" 321
"../../../Engine/Content/EditorMaterials/MatineeGroups/MAT_Groups_Event.uasset" 322
"../../../Engine/Content/EditorMaterials/MatineeGroups/MAT_Groups_Fade.uasset" 323
"../../../Engine/Content/EditorMaterials/MatineeGroups/MAT_Groups_Float.uasset" 324
"../../../Engine/Content/EditorMaterials/MatineeGroups/MAT_Groups_Move.uasset" 325
"../../../Engine/Content/EditorMaterials/MatineeGroups/MAT_Groups_Slomo.uasset" 326
"../../../Engine/Content/EditorMaterials/MatineeGroups/MAT_Groups_Sound.uasset" 327
"../../../Engine/Content/EditorMaterials/MatineeGroups/MAT_Groups_Vector.uasset" 328
"../../../Engine/Content/EditorMaterials/ParticleSystems/PSysThumbnail_NoImage.uasset" 329
"../../../Engine/Content/EditorMaterials/ParticleSystems/PSysThumbnail_OOD.uasset" 330
"../../../Engine/Content/EditorMaterials/Camera/CineMat.uasset" 331
"../../../Engine/Content/EditorMaterials/Camera/MI_CineMat_Rig.uasset" 332
"../../../Engine/Content/EditorMeshes/Camera/SM_CraneRig_Arm.uasset" 333
"../../../Engine/Content/EditorMeshes/Camera/SM_CraneRig_Base.uasset" 334
"../../../Engine/Content/EditorMeshes/Camera/SM_CraneRig_Body.uasset" 335
"../../../Engine/Content/EditorMeshes/Camera/SM_CraneRig_Mount.uasset" 336
"../../../Engine/Content/EditorMeshes/Camera/SM_RailRig_Mount.uasset" 337
"../../../Engine/Content/EditorMeshes/Camera/SM_RailRig_Track.uasset" 338
"../../../Engine/Content/EditorResources/BSPVertex.uasset" 339
"../../../Engine/Content/EditorResources/EmptyActor.uasset" 340
"../../../Engine/Content/EditorResources/S_Actor.uasset" 341
"../../../Engine/Content/EditorResources/S_Trigger.uasset" 342
"../../../Engine/Content/EditorResources/AudioIcons/S_AudioComponent.uasset" 343
"../../../Engine/Content/EditorResources/AudioIcons/S_AudioComponent_AutoActivate.uasset" 344
"../../../Engine/Content/EditorResources/LightIcons/S_LightError.uasset" 345
"../../../Engine/Content/EditorResources/SequenceRecorder/Countdown.uasset" 346
"../../../Engine/Content/EditorResources/SequenceRecorder/RecordingIndicator.uasset" 347
"../../../Engine/Content/EditorSounds/Notifications/CompileFailed.uasset" 348
"../../../Engine/Content/EditorSounds/Notifications/CompileFailed_Cue.uasset" 349
"../../../Engine/Content/EditorSounds/Notifications/CompileSuccess.uasset" 350
"../../../Engine/Content/EditorSounds/Notifications/CompileStart_Cue.uasset" 351
"../../../Engine/Content/EditorSounds/Notifications/CompileSuccess_Cue.uasset" 352
"../../../Engine/Content/EngineDamageTypes/DmgTypeBP_Environmental.uasset" 353
"../../../Engine/Content/EngineDebugMaterials/HeatmapGradient.uasset" 354
"../../../Engine/Content/EngineDebugMaterials/BoneWeightMaterial.uasset" 355
"../../../Engine/Content/EngineDebugMaterials/ClothMaterial.uasset" 356
"../../../Engine/Content/EngineDebugMaterials/ClothMaterial_WF.uasset" 357
"../../../Engine/Content/EngineDebugMaterials/DebugEditorMaterial.uasset" 358
"../../../Engine/Content/EngineDebugMaterials/DebugMeshMaterial.uasset" 359
"../../../Engine/Content/EngineDebugMaterials/GeomMaterial.uasset" 360
"../../../Engine/Content/EngineFonts/Faces/RobotoBold.uasset" 361
"../../../Engine/Content/EngineFonts/Faces/RobotoBoldItalic.uasset" 362
"../../../Engine/Content/EngineFonts/Faces/RobotoItalic.uasset" 363
"../../../Engine/Content/EngineFonts/Faces/RobotoLight.uasset" 364
"../../../Engine/Content/EngineFonts/Faces/RobotoRegular.uasset" 365
"../../../Engine/Content/EngineFonts/Roboto.uasset" 366
"../../../Engine/Content/EngineFonts/Faces/RobotoTiny.uasset" 367
"../../../Engine/Content/EngineFonts/RobotoTiny.uasset" 368
"../../../Engine/Content/EngineMaterials/DefaultBloomKernel.uasset" 369
"../../../Engine/Content/EngineMaterials/DefaultBokeh.uasset" 370
"../../../Engine/Content/EngineMaterials/DefaultDiffuse.uasset" 371
"../../../Engine/Content/EngineMaterials/DefaultDeferredDecalMaterial.uasset" 372
"../../../Engine/Content/EngineMaterials/DefaultLightFunctionMaterial.uasset" 373
"../../../Engine/Content/Functions/Engine_MaterialFunctions02/Utility/BreakOutFloat2Components.uasset" 374
"../../../Engine/Content/EngineMaterials/DefaultPostProcessMaterial.uasset" 375
"../../../Engine/Content/EngineFonts/RobotoDistanceField.uasset" 376
"../../../Engine/Content/EngineMaterials/DefaultTextMaterialOpaque.uasset" 377
"../../../Engine/Content/EngineMaterials/DefaultWhiteGrid.uasset" 378
"../../../Engine/Content/EngineMaterials/EditorBrushMaterial.uasset" 379
"../../../Engine/Content/EngineMaterials/MiniFont.uasset" 380
"../../../Engine/Content/EngineMaterials/InvalidLightmapSettings.uasset" 381
"../../../Engine/Content/EngineMaterials/M_InvalidLightmapSettings.uasset" 382
"../../../Engine/Content/Functions/Engine_MaterialFunctions02/WorldPositionOffset/CameraOffset.uasset" 383
"../../../Engine/Content/EngineMaterials/PhAT_JointLimitMaterial.uasset" 384
"../../../Engine/Content/EngineMaterials/PreintegratedSkinBRDF.uasset" 385
"../../../Engine/Content/EngineMaterials/RemoveSurfaceMaterial.uasset" 386
"../../../Engine/Content/EngineMaterials/WeightMapPlaceholderTexture.uasset" 387
"../../../Engine/Content/EngineResources/WhiteSquareTexture.uasset" 388
"../../../Engine/Content/EngineMaterials/Widget3DPassThrough.uasset" 389
"../../../Engine/Content/EngineMaterials/Widget3DPassThrough_Masked.uasset" 390
"../../../Engine/Content/EngineMaterials/Widget3DPassThrough_Opaque.uasset" 391
"../../../Engine/Content/EngineMaterials/Widget3DPassThrough_Masked_OneSided.uasset" 392
"../../../Engine/Content/EngineMaterials/Widget3DPassThrough_Opaque_OneSided.uasset" 393
"../../../Engine/Content/EngineMaterials/Widget3DPassThrough_Translucent.uasset" 394
"../../../Engine/Content/EngineMaterials/Widget3DPassThrough_Translucent_OneSided.uasset" 395
"../../../Engine/Content/EngineMaterials/DefaultMaterial.uasset" 396
"../../../Engine/Content/EngineMeshes/Cylinder.uasset" 397
"../../../Engine/Content/EngineMeshes/Sphere.uasset" 398
"../../../Engine/Content/EngineResources/Black.uasset" 399
"../../../Engine/Content/EngineResources/DefaultTexture.uasset" 400
"../../../Engine/Content/EngineResources/DefaultTextureCube.uasset" 401
"../../../Engine/Content/EngineResources/GradientTexture0.uasset" 402
"../../../Engine/Content/EngineSounds/Master.uasset" 403
"../../../Engine/Content/Functions/Engine_MaterialFunctions01/Shading/PowerToRoughness.uasset" 404
"../../../Engine/Content/Maps/Templates/Thumbnails/Default.uasset" 405
"../../../Engine/Content/Maps/Templates/Thumbnails/VR-Basic.uasset" 406
"../../../Engine/Content/MobileResources/T_MobileControls_texture.uasset" 407
"../../../Engine/Content/MobileResources/T_MobileMenu2.uasset" 408
"../../../Engine/Content/MobileResources/HUD/AnalogHat.uasset" 409
"../../../Engine/Content/MobileResources/HUD/VirtualJoystick_Background.uasset" 410
"../../../Engine/Content/MobileResources/HUD/VirtualJoystick_Thumb.uasset" 411
"../../../Engine/Content/MobileResources/HUD/DefaultVirtualJoysticks.uasset" 412
"../../../Engine/Content/MobileResources/HUD/LeftVirtualJoystickOnly.uasset" 413
"../../../Engine/Content/MobileResources/HUD/MobileHUDButton1_off.uasset" 414
"../../../Engine/Content/MobileResources/HUD/MobileHUDButton1_on.uasset" 415
"../../../Engine/Content/MobileResources/HUD/MobileHUDButton2_off.uasset" 416
"../../../Engine/Content/MobileResources/HUD/MobileHUDButton2_on.uasset" 417
"../../../Engine/Content/MobileResources/HUD/MobileHUDButton3.uasset" 418
"../../../Engine/Content/MobileResources/HUD/MobileHUDButtonFire.uasset" 419
"../../../Engine/Content/MobileResources/HUD/MobileHUDDirectionPad.uasset" 420
"../../../Engine/Content/MobileResources/HUD/MobileHUDDirectionPad2.uasset" 421
"../../../Engine/Content/MobileResources/HUD/MobileHUDDirectionPad3.uasset" 422
"../../../Engine/Content/MobileResources/HUD/MobileHUDDirectionStick.uasset" 423
"../../../Engine/Content/MobileResources/HUD/T_Castle_ThumbstickInner.uasset" 424
"../../../Engine/Content/MobileResources/HUD/T_Castle_ThumbstickOutter.uasset" 425
"../../../Engine/Content/Tutorial/ContentIntroCurve.uasset" 426
"../../../Engine/Content/Tutorial/Basics/TutorialAssets/icon_tab_Levels_40x.uasset" 427
"../../../Engine/Content/Tutorial/BlueprintTutorials/TutorialAssets/BlueprintInterface_64x.uasset" 428
"../../../Engine/Content/Tutorial/BlueprintTutorials/TutorialAssets/BlueprintMacroLibrary_64x.uasset" 429
"../../../Engine/Content/Tutorial/BlueprintTutorials/TutorialAssets/Blueprint_64x.uasset" 430
"../../../Engine/Content/Tutorial/BlueprintTutorials/TutorialAssets/Tutorial_BP_Interface.uasset" 431
"../../../Engine/Content/Tutorial/Foliage/TutorialAssets/Foliage.uasset" 432
"../../../Engine/Content/Tutorial/Landscape/TutorialAssets/Landscape.uasset" 433
"../../../Engine/Content/Tutorial/Paper2D/TutorialAssets/Paper2DFlipbook_TutorialIcon.uasset" 434
"../../../Engine/Content/Tutorial/Paper2D/TutorialAssets/Paper2DSprite_TutorialIcon.uasset" 435
"../../../Engine/Content/Tutorial/SubEditors/TutorialAssets/icon_Editor_Preferences_General_40x.uasset" 436
"../../../Engine/Content/Tutorial/SubEditors/TutorialAssets/icon_ShowSkeletalMeshes_40x.uasset" 437
"../../../Engine/Content/Tutorial/SubEditors/TutorialAssets/TutorialMaterial.uasset" 438
"../../../Engine/Content/Tutorial/SubEditors/TutorialAssets/T_SmokeSubUV_8X8.uasset" 439
"../../../Engine/Content/Tutorial/SubEditors/TutorialAssets/T_soft_smoke.uasset" 440
"../../../Engine/Content/Tutorial/SubEditors/TutorialAssets/M_smoke_subUV_blackbody.uasset" 441
"../../../Engine/Content/Tutorial/SubEditors/TutorialAssets/TutorialParticleSystem.uasset" 442
"../../../Engine/Content/VREditor/Devices/Generic/GenericHMDMaterial.uasset" 443
"../../../Engine/Content/VREditor/Devices/Generic/GenericHMD.uasset" 444
"../../../Engine/Content/Functions/Engine_MaterialFunctions02/Utility/BreakOutFloat3Components.uasset" 445
"../../../Engine/Content/VREditor/Devices/Vive/VivePreController_MasksB.uasset" 446
"../../../Engine/Content/VREditor/Devices/Oculus/OculusControllerMaterial.uasset" 447
"../../../Engine/Content/VREditor/Devices/Oculus/OculusControllerMaterial_Inst.uasset" 448
"../../../Engine/Content/VREditor/Devices/Oculus/OculusControllerMesh.uasset" 449
"../../../Engine/Content/VREditor/Devices/Vive/T_VivePreController_EM.uasset" 450
"../../../Engine/Content/VREditor/Devices/Vive/VivePreController_MasksA.uasset" 451
"../../../Engine/Content/VREditor/Devices/Vive/VivePreControllerDiffuse.uasset" 452
"../../../Engine/Content/VREditor/Devices/Vive/VivePreControllerSpec.uasset" 453
"../../../Engine/Content/VREditor/LaserPointer/VR_LaserPower_01.uasset" 454
"../../../Engine/Content/VREditor/Devices/Vive/VivePreControllerMaterial.uasset" 455
"../../../Engine/Content/VREditor/Devices/Vive/VivePreControllerMaterial_Inst.uasset" 456
"../../../Engine/Content/VREditor/Devices/Vive/VivePreControllerMesh.uasset" 457
"../../../Engine/Content/VREditor/FloatingText/LineMaterial.uasset" 458
"../../../Engine/Content/VREditor/FloatingText/JointSphere.uasset" 459
"../../../Engine/Content/VREditor/FloatingText/LineSegmentCylinder.uasset" 460
"../../../Engine/Content/VREditor/Fonts/VRText_RobotoLarge.uasset" 461
"../../../Engine/Content/VREditor/Fonts/VRTextMaterial.uasset" 462
"../../../Engine/Content/VREditor/Fonts/TranslucentVRTextMaterial.uasset" 463
"../../../Engine/Content/VREditor/LaserPointer/CursorPointer.uasset" 464
"../../../Engine/Content/VREditor/TransformGizmo/TransformGizmoMaterial.uasset" 465
"../../../Engine/Content/VREditor/LaserPointer/HoverMaterial.uasset" 466
"../../../Engine/Content/VREditor/TransformGizmo/TranslucentTransformGizmoMaterial.uasset" 467
"../../../Engine/Content/VREditor/LaserPointer/TranslucentHoverMaterial.uasset" 468
"../../../Engine/Content/VREditor/LaserPointer/HoverMesh.uasset" 469
"../../../Engine/Content/VREditor/LaserPointer/LaserPointerMaterial.uasset" 470
"../../../Engine/Content/VREditor/LaserPointer/LaserPointerMaterialInst.uasset" 471
"../../../Engine/Content/VREditor/LaserPointer/TranslucentLaserPointerMaterialInst.uasset" 472
"../../../Engine/Content/VREditor/LaserPointer/LaserPointerMesh.uasset" 473
"../../../Engine/Content/VREditor/LaserPointer/LaserPointerMesh_End.uasset" 474
"../../../Engine/Content/VREditor/LaserPointer/LaserPointerMesh_Start.uasset" 475
"../../../Engine/Content/VREditor/Sounds/VR_teleport.uasset" 476
"../../../Engine/Content/VREditor/Sounds/UI/Click_on_Button.uasset" 477
"../../../Engine/Content/VREditor/Sounds/UI/Click_on_Button_Cue.uasset" 478
"../../../Engine/Content/VREditor/Sounds/UI/Dockable_Window_Close.uasset" 479
"../../../Engine/Content/VREditor/Sounds/UI/Dockable_Window_Drop.uasset" 480
"../../../Engine/Content/VREditor/Sounds/UI/Dockable_Window_Open.uasset" 481
"../../../Engine/Content/VREditor/Sounds/UI/Dockable_Window_Pick_Up.uasset" 482
"../../../Engine/Content/VREditor/Sounds/UI/Drop_Item_From_ContentBrowser.uasset" 483
"../../../Engine/Content/VREditor/Sounds/UI/Floating_UI_Open-001.uasset" 484
"../../../Engine/Content/VREditor/Sounds/UI/Radial_Menu_FadeOut.uasset" 485
"../../../Engine/Content/VREditor/Sounds/UI/Teleport_Mode_Entered.uasset" 486
"../../../Engine/Content/VREditor/Teleport/TeleportDirectionMaterial.uasset" 487
"../../../Engine/Content/VREditor/Teleport/TeleportDirectionMaterial_Inst.uasset" 488
"../../../Engine/Content/VREditor/Teleport/TeleportDirectionMesh.uasset" 489
"../../../Engine/Content/VREditor/TransformGizmo/BoundingBoxCorner.uasset" 490
"../../../Engine/Content/VREditor/TransformGizmo/BoundingBoxEdge.uasset" 491
"../../../Engine/Content/VREditor/TransformGizmo/PlaneTranslationHandle.uasset" 492
"../../../Engine/Content/VREditor/TransformGizmo/Main.uasset" 493
"../../../Engine/Content/VREditor/TransformGizmo/Xray.uasset" 494
"../../../Engine/Content/VREditor/TransformGizmo/SM_Dialog_Close.uasset" 495
"../../../Engine/Content/VREditor/TransformGizmo/SM_Dialog_Move.uasset" 496
"../../../Engine/Content/VREditor/TransformGizmo/SM_Sequencer_Key.uasset" 497
"../../../Engine/Content/VREditor/TransformGizmo/SM_Sequencer_Node.uasset" 498
"../../../Engine/Content/VREditor/TransformGizmo/TransformGizmoMaterial_Inst.uasset" 499
"../../../Engine/Content/VREditor/TransformGizmo/TranslucentTransformGizmoMaterial_Inst.uasset" 500
"../../../Engine/Content/VREditor/Devices/Vive/UE4_Logo.uasset" 501
"../../../Engine/Content/VREditor/UI/M_ContentWindow.uasset" 502
"../../../Engine/Content/VREditor/UI/SM_ContentWindow_01.uasset" 503
"../../../Engine/Content/VREditor/UI/KeyDiskMaterial.uasset" 504
"../../../Engine/Content/VREditor/UI/DiscMaterial.uasset" 505
"../../../Engine/Content/VREditor/UI/SM_Radial_Disk.uasset" 506
"../../../Engine/Content/VREditor/UI/ArrowMaterial.uasset" 507
"../../../Engine/Content/VREditor/UI/SM_Radial_Pointer.uasset" 508
"../../../Engine/Content/VREditor/WorldMovementGrid/SimpleGrid.uasset" 509
"../../../Engine/Content/VREditor/WorldMovementGrid/GridMaterial.uasset" 510
"../../../Engine/Content/Functions/Engine_MaterialFunctions01/Density/ExponentialDensity.uasset" 511
"../../../Engine/Content/VREditor/WorldMovementGrid/GridPostProcess.uasset" 512
"../../../Engine/Content/EditorLandscapeResources/FlattenHeightMat.uasset" 513
"../../../Engine/Content/VREditor/WorldMovementGrid/PlaneMesh.uasset" 514
"../../Plugins/2D/Paper2D/Content/PlaceholderTextures/DummySpriteTexture.uasset" 515
"../../Plugins/2D/Paper2D/Content/DummySprite.uasset" 516
"../../Plugins/2D/Paper2D/Content/DefaultPaperTerrainMaterial.uasset" 517
"../../Plugins/2D/Paper2D/Content/DefaultSpriteMaterial.uasset" 518
"../../Plugins/2D/Paper2D/Content/MaskedUnlitSpriteMaterial.uasset" 519
"../../Plugins/2D/Paper2D/Content/OpaqueUnlitSpriteMaterial.uasset" 520
"../../Plugins/Media/MediaCompositing/Content/DefaultMediaPlaneTexture.uasset" 521
"../../Plugins/Media/MediaCompositing/Content/DefaultMediaPlaneMaterial.uasset" 522
"../../../Engine/Content/Functions/Engine_MaterialFunctions02/Utility/MakeFloat4.uasset" 523
"../../Plugins/Runtime/AppleARKit/Content/ARKitCameraMaterial.uasset" 524
"../../Plugins/Runtime/Oculus/OculusVR/Content/Textures/GearVRController_AO.uasset" 525
"../../Plugins/Runtime/Oculus/OculusVR/Content/Textures/GearVRController_Color.uasset" 526
"../../Plugins/Runtime/Oculus/OculusVR/Content/Textures/GearVRController_Normal.uasset" 527
"../../Plugins/Runtime/Oculus/OculusVR/Content/Materials/GearVRControllerMaterial.uasset" 528
"../../Plugins/Runtime/Oculus/OculusVR/Content/Meshes/GearVrController.uasset" 529
"../../../Engine/Content/EngineSky/C_Sky_Cloud_Color.uasset" 530
"../../../Engine/Content/EngineSky/C_Sky_Horizon_Color.uasset" 531
"../../../Engine/Content/EngineSky/C_Sky_Zenith_Color.uasset" 532
"../../../Engine/Content/EngineSky/T_Sky_Blue.uasset" 533
"../../../Engine/Content/EngineSky/T_Sky_Clouds_M.uasset" 534
"../../../Engine/Content/EngineSky/T_Sky_Stars.uasset" 535
"../../../Engine/Content/EngineSky/M_Sky_Panning_Clouds2.uasset" 536
"../../../Engine/Content/EngineSky/SM_SkySphere.uasset" 537
"../../../Engine/Content/EngineSky/BP_Sky_Sphere.uasset" 538
"../../../FlexProject/Content/TestPackages/Flex/flexTearingContainer.uasset" 539
"../../../FlexProject/Content/TestPackages/Flex/flexFrayTexture.uasset" 540
"../../../FlexProject/Content/TestPackages/Flex/flexTearingMaterial.uasset" 541
"../../../FlexProject/Content/TestPackages/Flex/flexTearingCloth.uasset" 542
"../../../FlexProject/Content/TestPackages/Flex/flexTearingSphere.uasset" 543
"../../../FlexProject/Content/Maps/flexClothTearingTestMap_BuiltData.uasset" 544
"../../../Engine/Content/BasicShapes/BasicShapeMaterial.uasset" 545
"../../../Engine/Content/TemplateResources/MI_Template_BaseGray.uasset" 546
"../../../Engine/Content/TemplateResources/MI_Template_BaseGray_03_Metal.uasset" 547
"../../../Engine/Content/BasicShapes/Cone.uasset" 548
"../../../Engine/Content/BasicShapes/Cube.uasset" 549
"../../../Engine/Content/BasicShapes/Sphere.uasset" 550
"../../../Engine/Content/MapTemplates/Bokeh_5Sides.uasset" 551
"../../../Engine/Content/MapTemplates/T_ScreenDirt02_w.uasset" 552
"../../../FlexProject/Content/Maps/flexClothTearingTestMap.umap" 553
"../../../FlexProject/Content/TestPackages/Flex/flexBox30.uasset" 554
"../../../FlexProject/Content/TestPackages/Flex/flexBlueMaterial.uasset" 555
"../../../FlexProject/Content/TestPackages/Flex/flexConfetti.uasset" 556
"../../../FlexProject/Content/TestPackages/Flex/flexFixedCloth.uasset" 557
"../../../FlexProject/Content/TestPackages/Flex/flexSphere.uasset" 558
"../../../FlexProject/Content/Maps/flexClothTestMap_BuiltData.uasset" 559
"../../../FlexProject/Content/TestPackages/Flex/flexGlossyMaterial.uasset" 560
"../../../FlexProject/Content/TestPackages/Flex/flexGreenMaterial.uasset" 561
"../../../FlexProject/Content/TestPackages/Flex/flexOrangeMaterial.uasset" 562
"../../../FlexProject/Content/TestPackages/Flex/flexWhiteMaterial.uasset" 563
"../../../Engine/Content/BasicShapes/Cylinder.uasset" 564
"../../../FlexProject/Content/Maps/flexClothTestMap.umap" 565
"../../../FlexProject/Content/TestPackages/Flex/flexForceCurve.uasset" 566
"../../../FlexProject/Content/TestPackages/Flex/flexRadialForce.uasset" 567
"../../../FlexProject/Content/TestPackages/Flex/flexGlassMaterial.uasset" 568
"../../../FlexProject/Content/TestPackages/Flex/flexRadialHardAttach.uasset" 569
"../../../FlexProject/Content/Maps/flexFluidTestMap_BuiltData.uasset" 570
"../../../Engine/Content/EngineMeshes/Cube.uasset" 571
"../../../FlexProject/Content/TestPackages/Flex/flexLoop.uasset" 572
"../../../FlexProject/Content/TestPackages/Flex/flexFluidContainer.uasset" 573
"../../../FlexProject/Content/TestPackages/Flex/flexTestEmitter.uasset" 574
"../../../FlexProject/Content/Maps/flexFluidTestMap.umap" 575
"../../../Engine/Content/EditorShapes/Textures/T_ShapeDiffuse.uasset" 576
"../../../Engine/Content/EditorShapes/Textures/T_ShapeNormal.uasset" 577
"../../../Engine/Content/EditorShapes/Materials/M_ShapeMaster.uasset" 578
"../../../Engine/Content/EditorShapes/Materials/MI_ShapeInstance.uasset" 579
"../../../FlexProject/Content/TestPackages/Flex/flexClothSmall.uasset" 580
"../../../FlexProject/Content/Maps/flexFrictionTestMap_BuiltData.uasset" 581
"../../../FlexProject/Content/Maps/flexFrictionTestMap.umap" 582
"../../../FlexProject/Content/Maps/flexLandscapeTestMap_BuiltData.uasset" 583
"../../../FlexProject/Content/TestPackages/Flex/flexSandMaterial.uasset" 584
"../../../Engine/Content/EngineMaterials/DefaultPhysicalMaterial.uasset" 585
"../../../Engine/Content/MapTemplates/SM_Template_Map_Floor.uasset" 586
"../../../FlexProject/Content/Maps/flexLandscapeTestMap.umap" 587
"../../../FlexProject/Content/Maps/flexLocalizedFluidTestMap_BuiltData.uasset" 588
"../../../FlexProject/Content/TestPackages/Flex/flexInvertedTorus.uasset" 589
"../../../FlexProject/Content/TestPackages/Flex/flexLocalContainer.uasset" 590
"../../../FlexProject/Content/TestPackages/Flex/flexLocalEmitter.uasset" 591
"../../../FlexProject/Content/TestPackages/Flex/flexOpenCylinder.uasset" 592
"../../../FlexProject/Content/Maps/flexLocalizedFluidTestMap.umap" 593
"../../../FlexProject/Content/TestPackages/Flex/flexSoftContainer.uasset" 594
"../../../FlexProject/Content/TestPackages/Flex/flexOctopus.uasset" 595
"../../../FlexProject/Content/TestPackages/Flex/flexRope.uasset" 596
"../../../FlexProject/Content/TestPackages/Flex/flexTorus.uasset" 597
"../../../FlexProject/Content/Maps/flexLocalizedSoftTestMap_BuiltData.uasset" 598
"../../../Engine/Content/TemplateResources/MI_Template_BaseGray_03.uasset" 599
"../../../FlexProject/Content/Maps/flexLocalizedSoftTestMap.umap" 600
"../../../FlexProject/Content/TestPackages/Flex/flexMixedContainer.uasset" 601
"../../../FlexProject/Content/TestPackages/Flex/flexWheel.uasset" 602
"../../../FlexProject/Content/Maps/flexMixedGpuTestMap_BuiltData.uasset" 603
"../../../Engine/Content/EditorMeshes/EditorCube.uasset" 604
"../../../FlexProject/Content/TestPackages/Flex/flexTestEmitterMix.uasset" 605
"../../../FlexProject/Content/TestPackages/Flex/flexTestEmitterMixGPU.uasset" 606
"../../../FlexProject/Content/Maps/flexMixedGpuTestMap.umap" 607
"../../../FlexProject/Content/Maps/flexMixedTestMap_BuiltData.uasset" 608
"../../../FlexProject/Content/Maps/flexMixedTestMap.umap" 609
"../../../FlexProject/Content/TestPackages/Flex/flexBaconTex.uasset" 610
"../../../FlexProject/Content/TestPackages/Flex/flexBaconMat.uasset" 611
"../../../FlexProject/Content/TestPackages/Flex/flexBacon.uasset" 612
"../../../FlexProject/Content/Maps/flexRagdollTest_BuiltData.uasset" 613
"../../../FlexProject/Content/Character/HeroRagdoll_Physics.uasset" 614
"../../../FlexProject/Content/Character/HeroRagdoll.uasset" 615
"../../../FlexProject/Content/Maps/flexRagdollTest.umap" 616
"../../../FlexProject/Content/TestPackages/Flex/flexRigidContainer.uasset" 617
"../../../FlexProject/Content/Maps/flexRigidTestMap_BuiltData.uasset" 618
"../../../FlexProject/Content/Maps/flexRigidTestMap.umap" 619
"../../../FlexProject/Content/Maps/flexRopeTestMap_BuiltData.uasset" 620
"../../../FlexProject/Content/Maps/flexRopeTestMap.umap" 621
"../../../FlexProject/Content/TestPackages/Flex/flexRockA.uasset" 622
"../../../FlexProject/Content/TestPackages/Flex/flexRockB.uasset" 623
"../../../FlexProject/Content/TestPackages/Flex/flexRockC.uasset" 624
"../../../FlexProject/Content/TestPackages/Flex/flexRockD.uasset" 625
"../../../FlexProject/Content/TestPackages/Flex/flexRockF.uasset" 626
"../../../FlexProject/Content/Maps/flexSandTestMap_BuiltData.uasset" 627
"../../../FlexProject/Content/TestPackages/Flex/flexSandCastle.uasset" 628
"../../../FlexProject/Content/TestPackages/Flex/flexShapeEmitter.uasset" 629
"../../../FlexProject/Content/Maps/flexSandTestMap.umap" 630
"../../../FlexProject/Content/Maps/flexSoftJointTestMap_BuiltData.uasset" 631
"../../../FlexProject/Content/Maps/flexSoftJointTestMap.umap" 632
"../../../FlexProject/Content/Maps/flexSoftTestMap_BuiltData.uasset" 633
"../../../FlexProject/Content/Maps/flexSoftTestMap.umap" 634
"../../../FlexProject/Content/Maps/flexStreamingSubLevelTestMap_BuiltData.uasset" 635
"../../../FlexProject/Content/Maps/flexStreamingSubLevelTestMap.umap" 636
"../../../FlexProject/Content/Maps/flexStreamingTestMap_BuiltData.uasset" 637
"../../../FlexProject/Content/Maps/flexStreamingTestMap.umap" 638
"../../../FlexProject/Content/TestPackages/Flex/flexSurfaceBorderFade.uasset" 639
"../../../FlexProject/Content/TestPackages/Flex/flexSurfaceRefractionUV.uasset" 640
"../../../FlexProject/Content/TestPackages/Flex/flexSurfaceMaterialTranslucentExt.uasset" 641
"../../../FlexProject/Content/TestPackages/Flex/flexSurfaceHalfres.uasset" 642
"../../../FlexProject/Content/TestPackages/Flex/flexSurfaceContainerHalfres.uasset" 643
"../../../FlexProject/Content/Maps/FlexFluidSurface/flexFluidSurfaceHalfresTestMap_BuiltData.uasset" 644
"../../../FlexProject/Content/TestPackages/Flex/flexSurfaceEmitterHalfres.uasset" 645
"../../../FlexProject/Content/Maps/FlexFluidSurface/flexFluidSurfaceHalfresTestMap.umap" 646
"../../../FlexProject/Content/Maps/FlexFluidSurface/flexFluidSurfaceMultColorTestMap_BuiltData.uasset" 647
"../../../FlexProject/Content/TestPackages/Flex/flexSurfaceMaterialDarkShiny.uasset" 648
"../../../FlexProject/Content/TestPackages/Flex/flexSurfaceMaterialMultColor.uasset" 649
"../../../FlexProject/Content/TestPackages/Flex/flexSurfaceMultColor.uasset" 650
"../../../FlexProject/Content/TestPackages/Flex/flexSurfaceContainerMultColor.uasset" 651
"../../../FlexProject/Content/TestPackages/Flex/flexSurfaceMaterialMultColorPrev.uasset" 652
"../../../FlexProject/Content/TestPackages/Flex/flexSurfaceEmitterMultColor.uasset" 653
"../../../FlexProject/Content/Maps/FlexFluidSurface/flexFluidSurfaceMultColorTestMap.umap" 654
"../../../FlexProject/Content/Maps/FlexFluidSurface/flexFluidSurfaceShadowTestMap_BuiltData.uasset" 655
"../../../FlexProject/Content/TestPackages/Flex/flexSurfaceMaterialOpaque.uasset" 656
"../../../FlexProject/Content/TestPackages/Flex/flexSurfaceOpaque.uasset" 657
"../../../FlexProject/Content/TestPackages/Flex/flexSurfaceContainerOpaque.uasset" 658
"../../../FlexProject/Content/TestPackages/Flex/flexSurfaceEmitterOpaque.uasset" 659
"../../../FlexProject/Content/Maps/FlexFluidSurface/flexFluidSurfaceShadowTestMap.umap" 660
"../../../FlexProject/Content/TestPackages/Flex/flexSurfaceContainerTranslucentExt.uasset" 661
"../../../FlexProject/Content/Maps/FlexFluidSurface/flexFluidSurfaceTranslucentExtTestMap_BuiltData.uasset" 662
"../../../FlexProject/Content/TestPackages/Flex/flexSurfaceEmitterTranslucentExt.uasset" 663
"../../../FlexProject/Content/Maps/FlexFluidSurface/flexFluidSurfaceTranslucentExtTestMap.umap" 664
"../../../FlexProject/Content/Maps/FlexFluidSurface/flexFluidSurfaceTranslucentSimpleTestMap_BuiltData.uasset" 665
"../../../FlexProject/Content/Maps/FlexFluidSurface/flexFluidSurfaceTranslucentSimpleTestMap.umap" 666
"../../../FlexProject/Content/Maps/testMaps/radforce-test_BuiltData.uasset" 667
"../../../FlexProject/Content/StarterContent/Textures/T_Ground_Grass_D.uasset" 668
"../../../FlexProject/Content/StarterContent/Textures/T_Ground_Grass_N.uasset" 669
"../../../FlexProject/Content/StarterContent/Textures/T_MacroVariation.uasset" 670
"../../../FlexProject/Content/StarterContent/Textures/T_Perlin_Noise_M.uasset" 671
"../../../FlexProject/Content/StarterContent/Materials/M_Ground_Grass.uasset" 672
"../../../FlexProject/Content/Maps/testMaps/radforce-test.umap" 673
"../../../FlexProject/Content/Maps/testMaps/radforce-test_2_BuiltData.uasset" 674
"../../../FlexProject/Content/Maps/testMaps/radforce-test_2.umap" 675
"../../../FlexProject/Content/AnimStarterPack/Crouch_Idle_Rifle_Ironsights.uasset" 676
"../../../FlexProject/Content/AnimStarterPack/Crouch_Walk_Fwd_Rifle_Ironsights.uasset" 677
"../../../FlexProject/Content/AnimStarterPack/Equip_Pistol_Standing.uasset" 678
"../../../FlexProject/Content/AnimStarterPack/Fire_Rifle_Ironsights.uasset" 679
"../../../FlexProject/Content/AnimStarterPack/Hit_React_1.uasset" 680
"../../../FlexProject/Content/AnimStarterPack/Hit_React_2.uasset" 681
"../../../FlexProject/Content/AnimStarterPack/Hit_React_3.uasset" 682
"../../../FlexProject/Content/AnimStarterPack/Idle_Rifle_Hip_Break1.uasset" 683
"../../../FlexProject/Content/AnimStarterPack/Idle_Rifle_Hip_Break2.uasset" 684
"../../../FlexProject/Content/AnimStarterPack/Reload_Rifle_Hip.uasset" 685
"../../../FlexProject/Content/AnimStarterPack/Walk_Fwd_Rifle_Ironsights.uasset" 686
"../../../FlexProject/Content/AnimStarterPack/Showcase.umap" 687
"../../../Engine/Content/Functions/Engine_MaterialFunctions03/Procedurals/ComputeFilterWidth.uasset" 688
"../../../Engine/Content/EngineMaterials/AntiAliasedTextMaterialTranslucent.uasset" 689
"../../../FlexProject/Content/FirstPerson/Meshes/CubeMaterialOverride.uasset" 690
"../../../FlexProject/Content/Geometry/Meshes/1M_Cube.uasset" 691
"../../../FlexProject/Content/FirstPersonBP/Maps/FirstPersonExampleMap.umap" 692
"../../../FlexProject/Content/IndustryPropsPack6/Materials/MI_Gray.uasset" 693
"../../../FlexProject/Content/IndustryPropsPack6/Materials/MI_Barrel01_1.uasset" 694
"../../../FlexProject/Content/IndustryPropsPack6/Meshes/SM_Barrel01.uasset" 695
"../../../FlexProject/Content/IndustryPropsPack6/Meshes/SM_Barrel02.uasset" 696
"../../../FlexProject/Content/IndustryPropsPack6/Meshes/SM_Barrel03.uasset" 697
"../../../FlexProject/Content/IndustryPropsPack6/Textures/T_Tarp01_D.uasset" 698
"../../../FlexProject/Content/IndustryPropsPack6/Materials/MI_Tarp01_1.uasset" 699
"../../../FlexProject/Content/IndustryPropsPack6/Meshes/SM_Barrel04.uasset" 700
"../../../FlexProject/Content/IndustryPropsPack6/Materials/MI_Box01_2.uasset" 701
"../../../FlexProject/Content/IndustryPropsPack6/Meshes/SM_Box01.uasset" 702
"../../../FlexProject/Content/IndustryPropsPack6/Meshes/SM_Box02.uasset" 703
"../../../FlexProject/Content/IndustryPropsPack6/Meshes/SM_Box03.uasset" 704
"../../../FlexProject/Content/IndustryPropsPack6/Meshes/SM_CartonBox01.uasset" 705
"../../../FlexProject/Content/IndustryPropsPack6/Meshes/SM_CartonBox02.uasset" 706
"../../../FlexProject/Content/IndustryPropsPack6/Meshes/SM_CartonBox03.uasset" 707
"../../../FlexProject/Content/IndustryPropsPack6/Meshes/SM_CartonGarbage01.uasset" 708
"../../../FlexProject/Content/IndustryPropsPack6/Meshes/SM_CartonGarbage02.uasset" 709
"../../../FlexProject/Content/IndustryPropsPack6/Meshes/SM_CartonGarbage03.uasset" 710
"../../../FlexProject/Content/IndustryPropsPack6/Meshes/SM_CartonGarbage04.uasset" 711
"../../../FlexProject/Content/IndustryPropsPack6/Meshes/SM_CartonGarbage05.uasset" 712
"../../../FlexProject/Content/IndustryPropsPack6/Meshes/SM_CartonGarbage06.uasset" 713
"../../../FlexProject/Content/IndustryPropsPack6/Meshes/SM_CartonGarbage07.uasset" 714
"../../../FlexProject/Content/IndustryPropsPack6/Meshes/SM_CartonGarbage08.uasset" 715
"../../../FlexProject/Content/IndustryPropsPack6/Meshes/SM_CartonGarbage09.uasset" 716
"../../../FlexProject/Content/IndustryPropsPack6/Materials/MI_Hose01_1.uasset" 717
"../../../FlexProject/Content/IndustryPropsPack6/Meshes/SM_Hose01.uasset" 718
"../../../FlexProject/Content/IndustryPropsPack6/Materials/MI_Newspaper01_1.uasset" 719
"../../../FlexProject/Content/IndustryPropsPack6/Meshes/SM_Newspaper01.uasset" 720
"../../../FlexProject/Content/IndustryPropsPack6/Meshes/SM_Newspaper02.uasset" 721
"../../../FlexProject/Content/IndustryPropsPack6/Meshes/SM_Newspaper03.uasset" 722
"../../../FlexProject/Content/IndustryPropsPack6/Meshes/SM_Pallet01.uasset" 723
"../../../FlexProject/Content/IndustryPropsPack6/Textures/T_Rack_D.uasset" 724
"../../../FlexProject/Content/IndustryPropsPack6/Textures/T_Rack_N.uasset" 725
"../../../FlexProject/Content/IndustryPropsPack6/Textures/T_Rack_SRM.uasset" 726
"../../../FlexProject/Content/IndustryPropsPack6/Materials/MI_Rack01_1.uasset" 727
"../../../FlexProject/Content/IndustryPropsPack6/Meshes/SM_Rack01.uasset" 728
"../../../FlexProject/Content/IndustryPropsPack6/Meshes/SM_Rack02.uasset" 729
"../../../FlexProject/Content/IndustryPropsPack6/Meshes/SM_Tarp01.uasset" 730
"../../../FlexProject/Content/IndustryPropsPack6/Meshes/SM_Tarp02.uasset" 731
"../../../FlexProject/Content/IndustryPropsPack6/Meshes/SM_TrafficBarrel01.uasset" 732
"../../../FlexProject/Content/IndustryPropsPack6/Textures/T_WaterTank01_D.uasset" 733
"../../../FlexProject/Content/IndustryPropsPack6/Textures/T_WaterTank01_N.uasset" 734
"../../../FlexProject/Content/IndustryPropsPack6/Textures/T_WaterTank01_SRM.uasset" 735
"../../../FlexProject/Content/IndustryPropsPack6/Materials/MI_WaterTank01.uasset" 736
"../../../FlexProject/Content/IndustryPropsPack6/Meshes/SM_WaterTank01.uasset" 737
"../../../FlexProject/Content/IndustryPropsPack6/Maps/Overview.umap" 738
"../../../FlexProject/Content/StarterContent/Blueprints/Assets/FogBrightnessLUT.uasset" 739
"../../../FlexProject/Content/StarterContent/Blueprints/Assets/SunlightColorLUT.uasset" 740
"../../../FlexProject/Content/StarterContent/Blueprints/Assets/M_LightStage_Arrows.uasset" 741
"../../../Engine/Content/MapTemplates/Sky/DaylightAmbientCubemap.uasset" 742
"../../../FlexProject/Content/StarterContent/Blueprints/Assets/M_LightStage_Skybox_Master.uasset" 743
"../../../FlexProject/Content/StarterContent/Blueprints/Assets/M_LightStage_Skybox_Black.uasset" 744
"../../../FlexProject/Content/StarterContent/Blueprints/Assets/M_LightStage_Skybox_HDRI.uasset" 745
"../../../Engine/Content/EditorMaterials/Thumbnails/SkySphereMaterial.uasset" 746
"../../../FlexProject/Content/StarterContent/Blueprints/Assets/Skybox.uasset" 747
"../../../FlexProject/Content/StarterContent/Blueprints/Assets/SM_Arrows.uasset" 748
"../../../FlexProject/Content/StarterContent/HDRI/HDRI_Epic_Courtyard_Daylight.uasset" 749
"../../../FlexProject/Content/StarterContent/Blueprints/BP_LightStudio.uasset" 750
"../../../FlexProject/Content/StarterContent/Maps/Advanced_Lighting_BuiltData.uasset" 751
"../../../FlexProject/Content/StarterContent/Materials/M_AssetPlatform.uasset" 752
"../../../Engine/Content/EditorMeshes/ColorCalibrator/M_ChromeBall.uasset" 753
"../../../Engine/Content/EditorMeshes/ColorCalibrator/M_ClearCoat.uasset" 754
"../../../Engine/Content/EditorMeshes/ColorCalibrator/M_ClearCoatBlack.uasset" 755
"../../../Engine/Content/EditorMeshes/ColorCalibrator/Color_checker.uasset" 756
"../../../Engine/Content/EditorMeshes/ColorCalibrator/M_ColorGrid.uasset" 757
"../../../Engine/Content/EditorMeshes/ColorCalibrator/M_GreyBall.uasset" 758
"../../../Engine/Content/EditorMeshes/ColorCalibrator/SM_ColorCalibrator.uasset" 759
"../../../FlexProject/Content/StarterContent/Architecture/SM_AssetPlatform.uasset" 760
"../../../FlexProject/Content/StarterContent/Maps/Advanced_Lighting.umap" 761
"../../../FlexProject/Content/StarterContent/Maps/Minimal_Default_BuiltData.uasset" 762
"../../../FlexProject/Content/StarterContent/Materials/M_Metal_Brushed_Nickel.uasset" 763
"../../../FlexProject/Content/StarterContent/Textures/T_Metal_Aluminum_D.uasset" 764
"../../../FlexProject/Content/StarterContent/Textures/T_Metal_Gold_N.uasset" 765
"../../../FlexProject/Content/StarterContent/Materials/M_Metal_Burnished_Steel.uasset" 766
"../../../FlexProject/Content/StarterContent/Textures/T_Metal_Copper_D.uasset" 767
"../../../FlexProject/Content/StarterContent/Materials/M_Metal_Copper.uasset" 768
"../../../FlexProject/Content/StarterContent/Textures/T_Statue_M.uasset" 769
"../../../FlexProject/Content/StarterContent/Textures/T_Statue_N.uasset" 770
"../../../FlexProject/Content/StarterContent/Props/Materials/M_StatueGlass.uasset" 771
"../../../FlexProject/Content/StarterContent/Architecture/Floor_400x400.uasset" 772
"../../../FlexProject/Content/StarterContent/Audio/Starter_Background_Cue.uasset" 773
"../../../FlexProject/Content/StarterContent/Props/SM_Chair.uasset" 774
"../../../FlexProject/Content/StarterContent/Props/Materials/M_Statue.uasset" 775
"../../../FlexProject/Content/StarterContent/Props/SM_Statue.uasset" 776
"../../../FlexProject/Content/StarterContent/Textures/T_TableRound_M.uasset" 777
"../../../FlexProject/Content/StarterContent/Textures/T_TableRound_N.uasset" 778
"../../../FlexProject/Content/StarterContent/Props/Materials/M_TableRound.uasset" 779
"../../../FlexProject/Content/StarterContent/Props/SM_TableRound.uasset" 780
"../../../FlexProject/Content/StarterContent/Maps/Minimal_Default.umap" 781
"../../../FlexProject/Content/StarterContent/Audio/Fire01_Cue.uasset" 782
"../../../FlexProject/Content/StarterContent/Textures/T_Fire_SubUV.uasset" 783
"../../../FlexProject/Content/StarterContent/Textures/T_Fire_Tiled_D.uasset" 784
"../../../FlexProject/Content/StarterContent/Particles/Materials/M_Fire_SubUV.uasset" 785
"../../../FlexProject/Content/StarterContent/Textures/T_Water_N.uasset" 786
"../../../FlexProject/Content/StarterContent/Particles/Materials/M_Heat_Distortion.uasset" 787
"../../../FlexProject/Content/StarterContent/Particles/Materials/M_Radial_Gradient.uasset" 788
"../../../FlexProject/Content/StarterContent/Particles/P_Fire.uasset" 789
"../../../FlexProject/Content/StarterContent/Blueprints/Blueprint_Effect_Fire.uasset" 790
"../../../FlexProject/Content/StarterContent/Audio/Smoke01_Cue.uasset" 791
"../../../FlexProject/Content/StarterContent/Particles/P_Smoke.uasset" 792
"../../../FlexProject/Content/StarterContent/Blueprints/Blueprint_Effect_Smoke.uasset" 793
"../../../FlexProject/Content/StarterContent/Audio/Fire_Sparks01_Cue.uasset" 794
"../../../FlexProject/Content/StarterContent/Textures/T_Spark_Core.uasset" 795
"../../../FlexProject/Content/StarterContent/Particles/Materials/M_Spark.uasset" 796
"../../../FlexProject/Content/StarterContent/Particles/P_Sparks.uasset" 797
"../../../FlexProject/Content/StarterContent/Blueprints/Blueprint_Effect_Sparks.uasset" 798
"../../../FlexProject/Content/StarterContent/Audio/Steam01_Cue.uasset" 799
"../../../FlexProject/Content/StarterContent/Particles/P_Steam_Lit.uasset" 800
"../../../FlexProject/Content/StarterContent/Blueprints/Blueprint_Effect_Steam.uasset" 801
"../../../FlexProject/Content/StarterContent/Textures/T_Lamp_M.uasset" 802
"../../../FlexProject/Content/StarterContent/Textures/T_Lamp_N.uasset" 803
"../../../FlexProject/Content/StarterContent/Props/Materials/M_Lamp.uasset" 804
"../../../FlexProject/Content/StarterContent/Props/SM_Lamp_Ceiling.uasset" 805
"../../../FlexProject/Content/StarterContent/Blueprints/Blueprint_CeilingLight.uasset" 806
"../../../FlexProject/Content/StarterContent/Props/SM_Lamp_Wall.uasset" 807
"../../../FlexProject/Content/StarterContent/Blueprints/Blueprint_WallSconce.uasset" 808
"../../../FlexProject/Content/StarterContent/Maps/StarterMap_BuiltData.uasset" 809
"../../../FlexProject/Content/StarterContent/Textures/T_Brick_Clay_Beveled_D.uasset" 810
"../../../FlexProject/Content/StarterContent/Textures/T_Brick_Clay_Beveled_M.uasset" 811
"../../../FlexProject/Content/StarterContent/Textures/T_Brick_Clay_Beveled_N.uasset" 812
"../../../FlexProject/Content/StarterContent/Materials/M_Brick_Clay_Beveled.uasset" 813
"../../../FlexProject/Content/StarterContent/Textures/T_Brick_Clay_New_D.uasset" 814
"../../../FlexProject/Content/StarterContent/Textures/T_Brick_Clay_New_M.uasset" 815
"../../../FlexProject/Content/StarterContent/Textures/T_Brick_Clay_New_N.uasset" 816
"../../../FlexProject/Content/StarterContent/Materials/M_Brick_Clay_New.uasset" 817
"../../../FlexProject/Content/StarterContent/Textures/T_Brick_Clay_Old_D.uasset" 818
"../../../FlexProject/Content/StarterContent/Textures/T_Brick_Clay_Old_N.uasset" 819
"../../../FlexProject/Content/StarterContent/Materials/M_Brick_Clay_Old.uasset" 820
"../../../FlexProject/Content/StarterContent/Textures/T_Brick_Cut_Stone_D.uasset" 821
"../../../FlexProject/Content/StarterContent/Textures/T_Brick_Cut_Stone_N.uasset" 822
"../../../FlexProject/Content/StarterContent/Materials/M_Brick_Cut_Stone.uasset" 823
"../../../FlexProject/Content/StarterContent/Textures/T_Brick_Hewn_Stone_D.uasset" 824
"../../../FlexProject/Content/StarterContent/Textures/T_Brick_Hewn_Stone_M.uasset" 825
"../../../FlexProject/Content/StarterContent/Textures/T_Brick_Hewn_Stone_N.uasset" 826
"../../../FlexProject/Content/StarterContent/Materials/M_Brick_Hewn_Stone.uasset" 827
"../../../FlexProject/Content/StarterContent/Textures/T_Ceramic_Tile_M.uasset" 828
"../../../FlexProject/Content/StarterContent/Textures/T_Ceramic_Tile_N.uasset" 829
"../../../FlexProject/Content/StarterContent/Textures/T_Rock_Marble_Polished_D.uasset" 830
"../../../FlexProject/Content/StarterContent/Materials/M_Ceramic_Tile_Checker.uasset" 831
"../../../FlexProject/Content/StarterContent/Textures/T_CobbleStone_Pebble_D.uasset" 832
"../../../FlexProject/Content/StarterContent/Textures/T_CobbleStone_Pebble_M.uasset" 833
"../../../FlexProject/Content/StarterContent/Textures/T_CobbleStone_Pebble_N.uasset" 834
"../../../FlexProject/Content/StarterContent/Materials/M_CobbleStone_Pebble.uasset" 835
"../../../FlexProject/Content/StarterContent/Textures/T_CobbleStone_Rough_D.uasset" 836
"../../../FlexProject/Content/StarterContent/Textures/T_CobbleStone_Rough_N.uasset" 837
"../../../FlexProject/Content/StarterContent/Textures/T_Gradinet_01.uasset" 838
"../../../FlexProject/Content/StarterContent/Textures/T_Rock_Smooth_Granite_D.uasset" 839
"../../../FlexProject/Content/StarterContent/Materials/M_CobbleStone_Rough.uasset" 840
"../../../FlexProject/Content/StarterContent/Textures/T_CobbleStone_Smooth_D.uasset" 841
"../../../FlexProject/Content/StarterContent/Textures/T_CobbleStone_Smooth_M.uasset" 842
"../../../FlexProject/Content/StarterContent/Textures/T_CobbleStone_Smooth_N.uasset" 843
"../../../FlexProject/Content/StarterContent/Materials/M_CobbleStone_Smooth.uasset" 844
"../../../FlexProject/Content/StarterContent/Textures/T_Concrete_Grime_D.uasset" 845
"../../../FlexProject/Content/StarterContent/Textures/T_Metal_Rust_N.uasset" 846
"../../../FlexProject/Content/StarterContent/Materials/M_Concrete_Grime.uasset" 847
"../../../FlexProject/Content/StarterContent/Textures/T_Concrete_Panels_D.uasset" 848
"../../../FlexProject/Content/StarterContent/Textures/T_Concrete_Panels_N.uasset" 849
"../../../FlexProject/Content/StarterContent/Materials/M_Concrete_Panels.uasset" 850
"../../../FlexProject/Content/StarterContent/Textures/T_Concrete_Poured_D.uasset" 851
"../../../FlexProject/Content/StarterContent/Textures/T_Concrete_Poured_N.uasset" 852
"../../../FlexProject/Content/StarterContent/Materials/M_Concrete_Poured.uasset" 853
"../../../FlexProject/Content/StarterContent/Textures/T_Concrete_Tiles_D.uasset" 854
"../../../FlexProject/Content/StarterContent/Textures/T_Concrete_Tiles_M.uasset" 855
"../../../FlexProject/Content/StarterContent/Textures/T_Concrete_Tiles_N.uasset" 856
"../../../FlexProject/Content/StarterContent/Textures/T_Concrete_Tiles_Variation_M.uasset" 857
"../../../FlexProject/Content/StarterContent/Materials/M_Concrete_Tiles.uasset" 858
"../../../FlexProject/Content/StarterContent/Textures/T_Ground_Gravel_D.uasset" 859
"../../../FlexProject/Content/StarterContent/Textures/T_Ground_Gravel_N.uasset" 860
"../../../FlexProject/Content/StarterContent/Materials/M_Ground_Gravel.uasset" 861
"../../../FlexProject/Content/StarterContent/Textures/T_ground_Moss_D.uasset" 862
"../../../FlexProject/Content/StarterContent/Textures/T_Ground_Moss_N.uasset" 863
"../../../FlexProject/Content/StarterContent/Materials/M_Ground_Moss.uasset" 864
"../../../FlexProject/Content/StarterContent/Materials/M_Metal_Chrome.uasset" 865
"../../../FlexProject/Content/StarterContent/Textures/T_Metal_Gold_D.uasset" 866
"../../../FlexProject/Content/StarterContent/Materials/M_Metal_Gold.uasset" 867
"../../../FlexProject/Content/StarterContent/Textures/T_Metal_Rust_D.uasset" 868
"../../../FlexProject/Content/StarterContent/Materials/M_Metal_Rust.uasset" 869
"../../../FlexProject/Content/StarterContent/Textures/T_Metal_Steel_D.uasset" 870
"../../../FlexProject/Content/StarterContent/Textures/T_Metal_Steel_N.uasset" 871
"../../../FlexProject/Content/StarterContent/Materials/M_Metal_Steel.uasset" 872
"../../../FlexProject/Content/StarterContent/Textures/T_Rock_Basalt_N.uasset" 873
"../../../FlexProject/Content/StarterContent/Materials/M_Rock_Basalt.uasset" 874
"../../../FlexProject/Content/StarterContent/Materials/M_Rock_Marble_Polished.uasset" 875
"../../../FlexProject/Content/StarterContent/Textures/T_Rock_Sandstone_D.uasset" 876
"../../../FlexProject/Content/StarterContent/Textures/T_Rock_Sandstone_N.uasset" 877
"../../../FlexProject/Content/StarterContent/Materials/M_Rock_Sandstone.uasset" 878
"../../../FlexProject/Content/StarterContent/Textures/T_Rock_Slate_D.uasset" 879
"../../../FlexProject/Content/StarterContent/Textures/T_Rock_Slate_N.uasset" 880
"../../../FlexProject/Content/StarterContent/Materials/M_Rock_Slate.uasset" 881
"../../../FlexProject/Content/StarterContent/Textures/T_Checker_Noise_M.uasset" 882
"../../../FlexProject/Content/StarterContent/Textures/T_Single_Tile_N.uasset" 883
"../../../FlexProject/Content/StarterContent/Textures/T_Tech_Dot_M.uasset" 884
"../../../FlexProject/Content/StarterContent/Textures/T_Tech_Dot_N.uasset" 885
"../../../FlexProject/Content/StarterContent/Materials/M_Tech_Checker_Dot.uasset" 886
"../../../FlexProject/Content/StarterContent/Textures/T_Tech_Hex_Tile_M.uasset" 887
"../../../FlexProject/Content/StarterContent/Textures/T_Tech_Hex_Tile_N.uasset" 888
"../../../FlexProject/Content/StarterContent/Materials/M_Tech_Hex_Tile.uasset" 889
"../../../FlexProject/Content/StarterContent/Materials/M_Tech_Hex_Tile_Pulse.uasset" 890
"../../../FlexProject/Content/StarterContent/Textures/T_Tech_Panel_M.uasset" 891
"../../../FlexProject/Content/StarterContent/Textures/T_Tech_Panel_N.uasset" 892
"../../../FlexProject/Content/StarterContent/Materials/M_Tech_Panel.uasset" 893
"../../../FlexProject/Content/StarterContent/Materials/M_Water_Lake.uasset" 894
"../../../FlexProject/Content/StarterContent/Textures/T_Water_M.uasset" 895
"../../../FlexProject/Content/StarterContent/Materials/M_Water_Ocean.uasset" 896
"../../../FlexProject/Content/StarterContent/Textures/T_Wood_Floor_Walnut_D.uasset" 897
"../../../FlexProject/Content/StarterContent/Textures/T_Wood_Floor_Walnut_M.uasset" 898
"../../../FlexProject/Content/StarterContent/Textures/T_Wood_Floor_Walnut_N.uasset" 899
"../../../FlexProject/Content/StarterContent/Materials/M_Wood_Floor_Walnut_Polished.uasset" 900
"../../../Engine/Content/Functions/Engine_MaterialFunctions01/Opacity/AlphaOffset.uasset" 901
"../../../FlexProject/Content/StarterContent/Materials/M_Wood_Floor_Walnut_Worn.uasset" 902
"../../../FlexProject/Content/StarterContent/Textures/T_Wood_Oak_D.uasset" 903
"../../../FlexProject/Content/StarterContent/Textures/T_Wood_Oak_N.uasset" 904
"../../../FlexProject/Content/StarterContent/Materials/M_Wood_Oak.uasset" 905
"../../../FlexProject/Content/StarterContent/Textures/T_Wood_Pine_D.uasset" 906
"../../../FlexProject/Content/StarterContent/Textures/T_Wood_Pine_N.uasset" 907
"../../../FlexProject/Content/StarterContent/Materials/M_Wood_Pine.uasset" 908
"../../../FlexProject/Content/StarterContent/Textures/T_Wood_Walnut_D.uasset" 909
"../../../FlexProject/Content/StarterContent/Textures/T_Wood_Walnut_N.uasset" 910
"../../../FlexProject/Content/StarterContent/Materials/M_Wood_Walnut.uasset" 911
"../../../FlexProject/Content/StarterContent/Architecture/Wall_400x200.uasset" 912
"../../../FlexProject/Content/StarterContent/Architecture/Wall_Door_400x300.uasset" 913
"../../../FlexProject/Content/StarterContent/Architecture/Wall_Window_400x300.uasset" 914
"../../../FlexProject/Content/StarterContent/Audio/Collapse_Cue.uasset" 915
"../../../FlexProject/Content/StarterContent/Audio/Starter_Music_Cue.uasset" 916
"../../../FlexProject/Content/StarterContent/Textures/T_Dust_Particle_D.uasset" 917
"../../../FlexProject/Content/StarterContent/Particles/Materials/M_Dust_Particle.uasset" 918
"../../../FlexProject/Content/StarterContent/Particles/P_Ambient_Dust.uasset" 919
"../../../FlexProject/Content/StarterContent/Props/MaterialSphere.uasset" 920
"../../../FlexProject/Content/StarterContent/Textures/T_Frame_M.uasset" 921
"../../../FlexProject/Content/StarterContent/Textures/T_Frame_N.uasset" 922
"../../../FlexProject/Content/StarterContent/Props/Materials/M_Frame.uasset" 923
"../../../FlexProject/Content/StarterContent/Props/SM_CornerFrame.uasset" 924
"../../../FlexProject/Content/StarterContent/Props/SM_DoorFrame.uasset" 925
"../../../FlexProject/Content/StarterContent/Props/SM_GlassWindow.uasset" 926
"../../../FlexProject/Content/StarterContent/Props/SM_PillarFrame.uasset" 927
"../../../FlexProject/Content/StarterContent/Props/SM_PillarFrame300.uasset" 928
"../../../FlexProject/Content/StarterContent/Props/SM_WindowFrame.uasset" 929
"../../../FlexProject/Content/StarterContent/Shapes/Shape_Cube.uasset" 930
"../../../FlexProject/Content/StarterContent/Shapes/Shape_QuadPyramid.uasset" 931
"../../../FlexProject/Content/StarterContent/Shapes/Shape_Sphere.uasset" 932
"../../../FlexProject/Content/StarterContent/Maps/StarterMap.umap" 933
"../../../Engine/Content/Functions/Engine_MaterialFunctions01/Texturing/ScaleUVsByCenter.uasset" 934
"../../../Engine/Content/Functions/Engine_MaterialFunctions02/ScreenResolution.uasset" 935
"../../../Engine/Content/Functions/Engine_MaterialFunctions02/Texturing/ScreenAlignedUVs.uasset" 936
"../../../Engine/Content/Functions/Engine_MaterialFunctions02/Utility/CameraDirectionVector.uasset" 937
"../../../Engine/Content/Functions/Engine_MaterialFunctions02/Utility/DepthFromWorldPosition.uasset" 938
"../../../FlexProject/Content/VirtualReality/Materials/MF_OccludedPixels.uasset" 939
"../../../FlexProject/Content/VirtualReality/Materials/TeleportMCP.uasset" 940
"../../../Engine/Content/EngineMaterials/Good64x64TilingNoiseHighFreq.uasset" 941
"../../../FlexProject/Content/VirtualReality/Materials/M_ArcEndpoint.uasset" 942
"../../../FlexProject/Content/VirtualReality/Materials/M_TeleportPreviews.uasset" 943
"../../../FlexProject/Content/VirtualReality/Materials/MI_TeleportCylinderPreview.uasset" 944
"../../../FlexProject/Content/VirtualReality/Meshes/BeaconDirection.uasset" 945
"../../../FlexProject/Content/VirtualReality/Meshes/SM_FatCylinder.uasset" 946
"../../../FlexProject/Content/VirtualRealityBP/Blueprints/HMDLocomotionPawn.uasset" 947
"../../../FlexProject/Content/VirtualRealityBP/Maps/HMDLocomotionMap_BuiltData.uasset" 948
"../../../FlexProject/Content/VirtualReality/Materials/M_BaseMaterial.uasset" 949
"../../../FlexProject/Content/VirtualReality/Materials/MI_BaseMaterial2.uasset" 950
"../../../FlexProject/Content/VirtualReality/Materials/MI_BaseMaterial3.uasset" 951
"../../../FlexProject/Content/VirtualRealityBP/Maps/HMDLocomotionMap.umap" 952
"../../../FlexProject/Content/VirtualRealityBP/Blueprints/PickupActorInterface.uasset" 953
"../../../FlexProject/Content/VirtualReality/Materials/MI_SmallCubes.uasset" 954
"../../../FlexProject/Content/VirtualRealityBP/Blueprints/BP_PickupCube.uasset" 955
"../../../FlexProject/Content/VirtualRealityBP/Blueprints/MotionControllerHaptics.uasset" 956
"../../../FlexProject/Content/VirtualReality/Materials/M_SplineArcMat.uasset" 957
"../../../FlexProject/Content/VirtualReality/Materials/MI_ChaperoneOutline.uasset" 958
"../../../FlexProject/Content/VirtualReality/Meshes/1x1_cube.uasset" 959
"../../../FlexProject/Content/VirtualReality/Meshes/BeamMesh.uasset" 960
"../../../FlexProject/Content/VirtualRealityBP/Blueprints/BP_MotionController.uasset" 961
"../../../FlexProject/Content/VirtualRealityBP/Blueprints/MotionControllerPawn.uasset" 962
"../../../FlexProject/Content/VirtualRealityBP/Maps/MotionControllerMap_BuiltData.uasset" 963
"../../../FlexProject/Content/VirtualRealityBP/Maps/MotionControllerMap.umap" 964
"../../../FlexProject/Content/VirtualRealityBP/Maps/StartupMap_BuiltData.uasset" 965
"../../../FlexProject/Content/VirtualReality/Materials/GenericHMDMaterial.uasset" 966
"../../../FlexProject/Content/VirtualReality/Meshes/GenericHMD.uasset" 967
"../../../FlexProject/Content/VirtualRealityBP/Maps/StartupMap.umap" 968
"../../../Engine/Content/Maps/Entry.umap" 969
