Log file open, 08/26/20 16:16:14
LogWindows: Failed to load 'aqProf.dll' (GetLastError=126)
LogWindows: File 'aqProf.dll' does not exist
LogWindows: Failed to load 'VtuneApi.dll' (GetLastError=126)
LogWindows: File 'VtuneApi.dll' does not exist
LogWindows: Failed to load 'VtuneApi32e.dll' (GetLastError=126)
LogWindows: File 'VtuneApi32e.dll' does not exist
LogInit: Display: Running engine for game: FlexProject
LogPlatformFile: Not using cached read wrapper
LogInit: Display: RandInit(915505616) SRandInit(915505616).
LogInit: Read version file with build ID 'd8eccd21-2ca9-432d-a920-8ec535e5cc71'
LogInit: Registered custom module enumerator with build ID 'd8eccd21-2ca9-432d-a920-8ec535e5cc71'
LogTaskGraph: Started task graph with 5 named threads and 47 total threads with 3 sets of task threads.
LogStats: Stats thread started at 0.546617
LogD3D11RHI: Aftermath initialized
LogICUInternationalization: Display: ICU TimeZone Detection - Raw Offset: +1:00, Platform Override: ''
LogModuleManager: Display: Found up-to-date module file ../../../Engine/Plugins/Runtime/GoogleVR/GoogleVRHMD/Binaries/Win64/UE4Editor-GoogleVRHMD.dll (API version 0).
LogModuleManager: Display: Found up-to-date module file ../../../Engine/Plugins/Experimental/OSVR/Binaries/Win64/UE4Editor-OSVR.dll (API version 0).
LogModuleManager: Display: Found up-to-date module file ../../../Engine/Plugins/Experimental/OSVR/Binaries/Win64/UE4Editor-OSVRInput.dll (API version 0).
LogModuleManager: Display: Found up-to-date module file ../../../Engine/Plugins/Runtime/LeapMotion/Binaries/Win64/UE4Editor-LeapMotion.dll (API version 0).
LogModuleManager: Display: Found up-to-date module file ../../../Engine/Plugins/Experimental/RawInput/Binaries/Win64/UE4Editor-RawInput.dll (API version 0).
LogModuleManager: Display: Found up-to-date module file ../../../Engine/Plugins/2D/Paper2D/Binaries/Win64/UE4Editor-Paper2D.dll (API version 0).
LogModuleManager: Display: Found up-to-date module file ../../../Engine/Plugins/2D/Paper2D/Binaries/Win64/UE4Editor-Paper2DEditor.dll (API version 0).
LogModuleManager: Display: Found up-to-date module file ../../../Engine/Plugins/2D/Paper2D/Binaries/Win64/UE4Editor-PaperSpriteSheetImporter.dll (API version 0).
LogModuleManager: Display: Found up-to-date module file ../../../Engine/Plugins/2D/Paper2D/Binaries/Win64/UE4Editor-PaperTiledImporter.dll (API version 0).
LogModuleManager: Display: Found up-to-date module file ../../../Engine/Plugins/2D/Paper2D/Binaries/Win64/UE4Editor-SmartSnapping.dll (API version 0).
LogModuleManager: Display: Found up-to-date module file ../../../Engine/Plugins/Blendables/LightPropagationVolume/Binaries/Win64/UE4Editor-LightPropagationVolumeRuntime.dll (API version 0).
LogModuleManager: Display: Found up-to-date module file ../../../Engine/Plugins/Blendables/LightPropagationVolume/Binaries/Win64/UE4Editor-LightPropagationVolumeEditor.dll (API version 0).
LogModuleManager: Display: Found up-to-date module file ../../../Engine/Plugins/Developer/CLionSourceCodeAccess/Binaries/Win64/UE4Editor-CLionSourceCodeAccess.dll (API version 0).
LogModuleManager: Display: Found up-to-date module file ../../../Engine/Plugins/Developer/GitSourceControl/Binaries/Win64/UE4Editor-GitSourceControl.dll (API version 0).
LogModuleManager: Display: Found up-to-date module file ../../../Engine/Plugins/Developer/PerforceSourceControl/Binaries/Win64/UE4Editor-PerforceSourceControl.dll (API version 0).
LogModuleManager: Display: Found up-to-date module file ../../../Engine/Plugins/Developer/SubversionSourceControl/Binaries/Win64/UE4Editor-SubversionSourceControl.dll (API version 0).
LogModuleManager: Display: Found up-to-date module file ../../../Engine/Plugins/Developer/UObjectPlugin/Binaries/Win64/UE4Editor-UObjectPlugin.dll (API version 0).
LogModuleManager: Display: Found up-to-date module file ../../../Engine/Plugins/Developer/VisualStudioCodeSourceCodeAccess/Binaries/Win64/UE4Editor-VisualStudioCodeSourceCodeAccess.dll (API version 0).
LogModuleManager: Display: Found up-to-date module file ../../../Engine/Plugins/Developer/VisualStudioSourceCodeAccess/Binaries/Win64/UE4Editor-VisualStudioSourceCodeAccess.dll (API version 0).
LogModuleManager: Display: Found up-to-date module file ../../../Engine/Plugins/Editor/AssetManagerEditor/Binaries/Win64/UE4Editor-AssetManagerEditor.dll (API version 0).
LogModuleManager: Display: Found up-to-date module file ../../../Engine/Plugins/Editor/CryptoKeys/Binaries/Win64/UE4Editor-CryptoKeys.dll (API version 0).
LogModuleManager: Display: Found up-to-date module file ../../../Engine/Plugins/Editor/CryptoKeys/Binaries/Win64/UE4Editor-CryptoKeysOpenSSL.dll (API version 0).
LogModuleManager: Display: Found up-to-date module file ../../../Engine/Plugins/Editor/DataValidation/Binaries/Win64/UE4Editor-DataValidation.dll (API version 0).
LogModuleManager: Display: Found up-to-date module file ../../../Engine/Plugins/Editor/FacialAnimation/Binaries/Win64/UE4Editor-FacialAnimation.dll (API version 0).
LogModuleManager: Display: Found up-to-date module file ../../../Engine/Plugins/Editor/FacialAnimation/Binaries/Win64/UE4Editor-FacialAnimationEditor.dll (API version 0).
LogModuleManager: Display: Found up-to-date module file ../../../Engine/Plugins/Editor/GameplayTagsEditor/Binaries/Win64/UE4Editor-GameplayTagsEditor.dll (API version 0).
LogModuleManager: Display: Found up-to-date module file ../../../Engine/Plugins/Editor/MobileLauncherProfileWizard/Binaries/Win64/UE4Editor-MobileLauncherProfileWizard.dll (API version 0).
LogModuleManager: Display: Found up-to-date module file ../../../Engine/Plugins/Editor/PluginBrowser/Binaries/Win64/UE4Editor-PluginBrowser.dll (API version 0).
LogModuleManager: Display: Found up-to-date module file ../../../Engine/Plugins/Editor/SpeedTreeImporter/Binaries/Win64/UE4Editor-SpeedTreeImporter.dll (API version 0).
LogModuleManager: Display: Found up-to-date module file ../../../Engine/Plugins/Enterprise/DatasmithContent/Binaries/Win64/UE4Editor-DatasmithContent.dll (API version 0).
LogModuleManager: Display: Found up-to-date module file ../../../Engine/Plugins/Experimental/AlembicImporter/Binaries/Win64/UE4Editor-AlembicImporter.dll (API version 0).
LogModuleManager: Display: Found up-to-date module file ../../../Engine/Plugins/Experimental/AlembicImporter/Binaries/Win64/UE4Editor-AlembicLibrary.dll (API version 0).
LogModuleManager: Display: Found up-to-date module file ../../../Engine/Plugins/Experimental/CharacterAI/Binaries/Win64/UE4Editor-CharacterAI.dll (API version 0).
LogModuleManager: Display: Found up-to-date module file ../../../Engine/Plugins/Experimental/HTML5Networking/Binaries/Win64/UE4Editor-HTML5Networking.dll (API version 0).
LogModuleManager: Display: Found up-to-date module file ../../../Engine/Plugins/GameWorks/Flex/Binaries/Win64/UE4Editor-Flex.dll (API version 0).
LogModuleManager: Display: Found up-to-date module file ../../../Engine/Plugins/GameWorks/Flex/Binaries/Win64/UE4Editor-FlexEditor.dll (API version 0).
LogModuleManager: Display: Found up-to-date module file ../../../Engine/Plugins/Media/AndroidMedia/Binaries/Win64/UE4Editor-AndroidMediaEditor.dll (API version 0).
LogModuleManager: Display: Found up-to-date module file ../../../Engine/Plugins/Media/AndroidMedia/Binaries/Win64/UE4Editor-AndroidMediaFactory.dll (API version 0).
LogModuleManager: Display: Found up-to-date module file ../../../Engine/Plugins/Media/AvfMedia/Binaries/Win64/UE4Editor-AvfMediaEditor.dll (API version 0).
LogModuleManager: Display: Found up-to-date module file ../../../Engine/Plugins/Media/AvfMedia/Binaries/Win64/UE4Editor-AvfMediaFactory.dll (API version 0).
LogModuleManager: Display: Found up-to-date module file ../../../Engine/Plugins/Media/AvfMedia/Binaries/Win64/UE4Editor-AvfMediaFactory.dll (API version 0).
LogModuleManager: Display: Found up-to-date module file ../../../Engine/Plugins/Media/ImgMedia/Binaries/Win64/UE4Editor-ImgMedia.dll (API version 0).
LogModuleManager: Display: Found up-to-date module file ../../../Engine/Plugins/Media/ImgMedia/Binaries/Win64/UE4Editor-ImgMediaEditor.dll (API version 0).
LogModuleManager: Display: Found up-to-date module file ../../../Engine/Plugins/Media/ImgMedia/Binaries/Win64/UE4Editor-ImgMediaFactory.dll (API version 0).
LogModuleManager: Display: Found up-to-date module file ../../../Engine/Plugins/Media/ImgMedia/Binaries/Win64/UE4Editor-ImgMediaFactory.dll (API version 0).
LogModuleManager: Display: Found up-to-date module file ../../../Engine/Plugins/Media/ImgMedia/Binaries/Win64/UE4Editor-OpenExrWrapper.dll (API version 0).
LogModuleManager: Display: Found up-to-date module file ../../../Engine/Plugins/Media/LinearTimecode/Binaries/Win64/UE4Editor-LinearTimecode.dll (API version 0).
LogModuleManager: Display: Found up-to-date module file ../../../Engine/Plugins/Media/MediaCompositing/Binaries/Win64/UE4Editor-MediaCompositing.dll (API version 0).
LogModuleManager: Display: Found up-to-date module file ../../../Engine/Plugins/Media/MediaCompositing/Binaries/Win64/UE4Editor-MediaCompositingEditor.dll (API version 0).
LogModuleManager: Display: Found up-to-date module file ../../../Engine/Plugins/Media/MediaPlayerEditor/Binaries/Win64/UE4Editor-MediaPlayerEditor.dll (API version 0).
LogModuleManager: Display: Found up-to-date module file ../../../Engine/Plugins/Media/WmfMedia/Binaries/Win64/UE4Editor-WmfMedia.dll (API version 0).
LogModuleManager: Display: Found up-to-date module file ../../../Engine/Plugins/Media/WmfMedia/Binaries/Win64/UE4Editor-WmfMediaEditor.dll (API version 0).
LogModuleManager: Display: Found up-to-date module file ../../../Engine/Plugins/Media/WmfMedia/Binaries/Win64/UE4Editor-WmfMediaFactory.dll (API version 0).
LogModuleManager: Display: Found up-to-date module file ../../../Engine/Plugins/Media/WmfMedia/Binaries/Win64/UE4Editor-WmfMediaFactory.dll (API version 0).
LogModuleManager: Display: Found up-to-date module file ../../../Engine/Plugins/Messaging/TcpMessaging/Binaries/Win64/UE4Editor-TcpMessaging.dll (API version 0).
LogModuleManager: Display: Found up-to-date module file ../../../Engine/Plugins/Messaging/UdpMessaging/Binaries/Win64/UE4Editor-UdpMessaging.dll (API version 0).
LogModuleManager: Display: Found up-to-date module file ../../../Engine/Plugins/MovieScene/ActorSequence/Binaries/Win64/UE4Editor-ActorSequence.dll (API version 0).
LogModuleManager: Display: Found up-to-date module file ../../../Engine/Plugins/MovieScene/LevelSequenceEditor/Binaries/Win64/UE4Editor-LevelSequenceEditor.dll (API version 0).
LogModuleManager: Display: Found up-to-date module file ../../../Engine/Plugins/MovieScene/MatineeToLevelSequence/Binaries/Win64/UE4Editor-MatineeToLevelSequence.dll (API version 0).
LogModuleManager: Display: Found up-to-date module file ../../../Engine/Plugins/NetcodeUnitTest/NetcodeUnitTest/Binaries/Win64/UE4Editor-NetcodeUnitTest.dll (API version 0).
LogModuleManager: Display: Found up-to-date module file ../../../Engine/Plugins/NetcodeUnitTest/NUTUnrealEngine4/Binaries/Win64/UE4Editor-NUTUnrealEngine4.dll (API version 0).
LogModuleManager: Display: Found up-to-date module file ../../../Engine/Plugins/Online/OnlineSubsystem/Binaries/Win64/UE4Editor-OnlineSubsystem.dll (API version 0).
LogModuleManager: Display: Found up-to-date module file ../../../Engine/Plugins/Runtime/AndroidPermission/Binaries/Win64/UE4Editor-AndroidPermission.dll (API version 0).
LogModuleManager: Display: Found up-to-date module file ../../../Engine/Plugins/Online/OnlineSubsystemNull/Binaries/Win64/UE4Editor-OnlineSubsystemNull.dll (API version 0).
LogModuleManager: Display: Found up-to-date module file ../../../Engine/Plugins/Online/OnlineSubsystemUtils/Binaries/Win64/UE4Editor-OnlineSubsystemUtils.dll (API version 0).
LogModuleManager: Display: Found up-to-date module file ../../../Engine/Plugins/Online/OnlineSubsystemUtils/Binaries/Win64/UE4Editor-OnlineBlueprintSupport.dll (API version 0).
LogModuleManager: Display: Found up-to-date module file ../../../Engine/Plugins/Runtime/AndroidDeviceProfileSelector/Binaries/Win64/UE4Editor-AndroidDeviceProfileSelector.dll (API version 0).
LogModuleManager: Display: Found up-to-date module file ../../../Engine/Plugins/Runtime/AppleARKit/Binaries/Win64/UE4Editor-AppleARKit.dll (API version 0).
LogModuleManager: Display: Found up-to-date module file ../../../Engine/Plugins/Runtime/ProceduralMeshComponent/Binaries/Win64/UE4Editor-ProceduralMeshComponent.dll (API version 0).
LogModuleManager: Display: Found up-to-date module file ../../../Engine/Plugins/Runtime/ProceduralMeshComponent/Binaries/Win64/UE4Editor-ProceduralMeshComponentEditor.dll (API version 0).
LogModuleManager: Display: Found up-to-date module file ../../../Engine/Plugins/Animation/LiveLink/Binaries/Win64/UE4Editor-LiveLink.dll (API version 0).
LogModuleManager: Display: Found up-to-date module file ../../../Engine/Plugins/Animation/LiveLink/Binaries/Win64/UE4Editor-LiveLinkEditor.dll (API version 0).
LogModuleManager: Display: Found up-to-date module file ../../../Engine/Plugins/Runtime/ArchVisCharacter/Binaries/Win64/UE4Editor-ArchVisCharacter.dll (API version 0).
LogModuleManager: Display: Found up-to-date module file ../../../Engine/Plugins/Runtime/AudioCapture/Binaries/Win64/UE4Editor-AudioCapture.dll (API version 0).
LogModuleManager: Display: Found up-to-date module file ../../../Engine/Plugins/Runtime/AudioCapture/Binaries/Win64/UE4Editor-AudioCaptureEditor.dll (API version 0).
LogModuleManager: Display: Found up-to-date module file ../../../Engine/Plugins/Runtime/CableComponent/Binaries/Win64/UE4Editor-CableComponent.dll (API version 0).
LogModuleManager: Display: Found up-to-date module file ../../../Engine/Plugins/Runtime/CustomMeshComponent/Binaries/Win64/UE4Editor-CustomMeshComponent.dll (API version 0).
LogModuleManager: Display: Found up-to-date module file ../../../Engine/Plugins/Runtime/ExampleDeviceProfileSelector/Binaries/Win64/UE4Editor-ExampleDeviceProfileSelector.dll (API version 0).
LogModuleManager: Display: Found up-to-date module file ../../../Engine/Plugins/Runtime/ImmediatePhysics/Binaries/Win64/UE4Editor-ImmediatePhysics.dll (API version 0).
LogModuleManager: Display: Found up-to-date module file ../../../Engine/Plugins/Runtime/ImmediatePhysics/Binaries/Win64/UE4Editor-ImmediatePhysicsEditor.dll (API version 0).
LogModuleManager: Display: Found up-to-date module file ../../../Engine/Plugins/Runtime/LocationServicesBPLibrary/Binaries/Win64/UE4Editor-LocationServicesBPLibrary.dll (API version 0).
LogModuleManager: Display: Found up-to-date module file ../../../Engine/Plugins/Runtime/MobilePatchingUtils/Binaries/Win64/UE4Editor-MobilePatchingUtils.dll (API version 0).
LogModuleManager: Display: Found up-to-date module file ../../../Engine/Plugins/Runtime/Oculus/OculusVR/Binaries/Win64/UE4Editor-OculusHMD.dll (API version 0).
LogModuleManager: Display: Found up-to-date module file ../../../Engine/Plugins/Runtime/Oculus/OculusVR/Binaries/Win64/UE4Editor-OculusInput.dll (API version 0).
LogModuleManager: Display: Found up-to-date module file ../../../Engine/Plugins/Runtime/Oculus/OculusVR/Binaries/Win64/UE4Editor-OculusEditor.dll (API version 0).
LogModuleManager: Display: Found up-to-date module file ../../../Engine/Plugins/Runtime/PhysXVehicles/Binaries/Win64/UE4Editor-PhysXVehicles.dll (API version 0).
LogModuleManager: Display: Found up-to-date module file ../../../Engine/Plugins/Runtime/PhysXVehicles/Binaries/Win64/UE4Editor-PhysXVehiclesEditor.dll (API version 0).
LogModuleManager: Display: Found up-to-date module file ../../../Engine/Plugins/Runtime/RuntimePhysXCooking/Binaries/Win64/UE4Editor-RuntimePhysXCooking.dll (API version 0).
LogModuleManager: Display: Found up-to-date module file ../../../Engine/Plugins/Runtime/Steam/SteamVR/Binaries/Win64/UE4Editor-SteamVR.dll (API version 0).
LogModuleManager: Display: Found up-to-date module file ../../../Engine/Plugins/Runtime/Steam/SteamVR/Binaries/Win64/UE4Editor-SteamVRController.dll (API version 0).
LogModuleManager: Display: Found up-to-date module file ../../../Engine/Plugins/Runtime/WindowsMoviePlayer/Binaries/Win64/UE4Editor-WindowsMoviePlayer.dll (API version 0).
LogPluginManager: Mounting plugin Paper2D
LogPluginManager: Mounting plugin LiveLink
LogPluginManager: Mounting plugin LightPropagationVolume
LogPluginManager: Mounting plugin CLionSourceCodeAccess
LogPluginManager: Mounting plugin CodeLiteSourceCodeAccess
LogPluginManager: Mounting plugin GitSourceControl
LogPluginManager: Mounting plugin KDevelopSourceCodeAccess
LogPluginManager: Mounting plugin NullSourceCodeAccess
LogPluginManager: Mounting plugin PerforceSourceControl
LogPluginManager: Mounting plugin SubversionSourceControl
LogPluginManager: Mounting plugin UObjectPlugin
LogPluginManager: Mounting plugin VisualStudioCodeSourceCodeAccess
LogPluginManager: Mounting plugin VisualStudioSourceCodeAccess
LogPluginManager: Mounting plugin XCodeSourceCodeAccess
LogPluginManager: Mounting plugin AssetManagerEditor
LogPluginManager: Mounting plugin CryptoKeys
LogPluginManager: Mounting plugin DataValidation
LogPluginManager: Mounting plugin FacialAnimation
LogPluginManager: Mounting plugin GameplayTagsEditor
LogPluginManager: Mounting plugin MobileLauncherProfileWizard
LogPluginManager: Mounting plugin PluginBrowser
LogPluginManager: Mounting plugin SpeedTreeImporter
LogPluginManager: Mounting plugin DatasmithContent
LogPluginManager: Mounting plugin AlembicImporter
LogPluginManager: Mounting plugin CharacterAI
LogPluginManager: Mounting plugin HTML5Networking
LogPluginManager: Mounting plugin OSVR
LogPluginManager: Mounting plugin RawInput
LogPluginManager: Mounting plugin Flex
LogPluginManager: Plugin shader directory ../../../Engine/Plugins/GameWorks/Flex/Shaders found
LogPluginManager: Mapping shader source directory ../../../Engine/Plugins/GameWorks/Flex/Shaders to virtual directory /Plugin/Flex
LogPluginManager: Mounting plugin AndroidMedia
LogPluginManager: Mounting plugin AvfMedia
LogPluginManager: Mounting plugin ImgMedia
LogPluginManager: Mounting plugin LinearTimecode
LogPluginManager: Mounting plugin MediaCompositing
LogPluginManager: Mounting plugin MediaPlayerEditor
LogPluginManager: Mounting plugin WmfMedia
LogPluginManager: Mounting plugin TcpMessaging
LogPluginManager: Mounting plugin UdpMessaging
LogPluginManager: Mounting plugin ActorSequence
LogPluginManager: Mounting plugin LevelSequenceEditor
LogPluginManager: Mounting plugin MatineeToLevelSequence
LogPluginManager: Mounting plugin NetcodeUnitTest
LogPluginManager: Mounting plugin NUTUnrealEngine4
LogPluginManager: Mounting plugin OnlineSubsystemGooglePlay
LogPluginManager: Mounting plugin OnlineSubsystemIOS
LogPluginManager: Mounting plugin OnlineSubsystem
LogPluginManager: Mounting plugin OnlineSubsystemNull
LogPluginManager: Mounting plugin OnlineSubsystemUtils
LogPluginManager: Mounting plugin AndroidDeviceProfileSelector
LogPluginManager: Mounting plugin AndroidMoviePlayer
LogPluginManager: Mounting plugin AndroidPermission
LogPluginManager: Mounting plugin AppleARKit
LogPluginManager: Mounting plugin AppleMoviePlayer
LogPluginManager: Mounting plugin ArchVisCharacter
LogPluginManager: Mounting plugin AudioCapture
LogPluginManager: Mounting plugin CableComponent
LogPluginManager: Mounting plugin CustomMeshComponent
LogPluginManager: Mounting plugin ExampleDeviceProfileSelector
LogPluginManager: Mounting plugin GoogleCloudMessaging
LogPluginManager: Mounting plugin GoogleVRHMD
LogPluginManager: Mounting plugin ImmediatePhysics
LogPluginManager: Mounting plugin IOSDeviceProfileSelector
LogPluginManager: Mounting plugin LeapMotion
LogPluginManager: Mounting plugin LinuxDeviceProfileSelector
LogPluginManager: Mounting plugin LocationServicesBPLibrary
LogPluginManager: Mounting plugin MobilePatchingUtils
LogPluginManager: Mounting plugin OculusVR
LogPluginManager: Plugin shader directory ../../../Engine/Plugins/Runtime/Oculus/OculusVR/Shaders found
LogPluginManager: Mapping shader source directory ../../../Engine/Plugins/Runtime/Oculus/OculusVR/Shaders to virtual directory /Plugin/OculusVR
LogPluginManager: Mounting plugin PhysXVehicles
LogPluginManager: Mounting plugin ProceduralMeshComponent
LogPluginManager: Mounting plugin RuntimePhysXCooking
LogPluginManager: Mounting plugin SteamVR
LogPluginManager: Mounting plugin WindowsMoviePlayer
LogStreaming: Display: Took  1.082s to configure plugins.
LogInit: Using libcurl 7.47.1
LogInit:  - built for x86_64-pc-win32
LogInit:  - supports SSL with OpenSSL/1.0.2g
LogInit:  - supports HTTP deflate (compression) using libz 1.2.8
LogInit:  - other features:
LogInit:      CURL_VERSION_SSL
LogInit:      CURL_VERSION_LIBZ
LogInit:      CURL_VERSION_IPV6
LogInit:      CURL_VERSION_ASYNCHDNS
LogInit:      CURL_VERSION_LARGEFILE
LogInit:      CURL_VERSION_IDN
LogInit:  CurlRequestOptions (configurable via config and command line):
LogInit:  - bVerifyPeer = false  - Libcurl will NOT verify peer certificate
LogInit:  - bUseHttpProxy = false  - Libcurl will NOT use HTTP proxy
LogInit:  - bDontReuseConnections = false  - Libcurl will reuse connections
LogInit:  - CertBundlePath = nullptr  - Libcurl will use whatever was configured at build time.
LogInit:  - MaxHostConnections = 16  - Libcurl will limit the number of connections to a host
LogInit:  - LocalHostAddr = Default
LogInit: WinSock: version 1.1 (2.2), MaxSocks=32767, MaxUdp=65467
LogInit: WinSock: I am Mika-PC (25.92.36.57:0)
LeapPluginLog: Using LeapPlugin version 2.0.0
LogInit: Build: ++UE4+Release-4.19-CL-0
LogInit: Engine Version: 4.19.2-0+++UE4+Release-4.19
LogInit: Compatible Engine Version: 4.19.0-0+++UE4+Release-4.19
LogInit: Net CL: 0
LogDevObjectVersion: Number of dev versions registered: 18
LogDevObjectVersion:   Dev-Blueprints (B0D832E4-1F89-4F0D-ACCF-7EB736FD4AA2): 10
LogDevObjectVersion:   Dev-Build (E1C64328-A22C-4D53-A36C-8E866417BD8C): 0
LogDevObjectVersion:   Dev-Core (375EC13C-06E4-48FB-B500-84F0262A717E): 2
LogDevObjectVersion:   Dev-Editor (E4B068ED-F494-42E9-A231-DA0B2E46BB41): 23
LogDevObjectVersion:   Dev-Framework (CFFC743F-43B0-4480-9391-14DF171D2073): 33
LogDevObjectVersion:   Dev-Mobile (B02B49B5-BB20-44E9-A304-32B752E40360): 2
LogDevObjectVersion:   Dev-Networking (A4E4105C-59A1-49B5-A7C5-40C4547EDFEE): 0
LogDevObjectVersion:   Dev-Online (39C831C9-5AE6-47DC-9A44-9C173E1C8E7C): 0
LogDevObjectVersion:   Dev-Physics (78F01B33-EBEA-4F98-B9B4-84EACCB95AA2): 0
LogDevObjectVersion:   Dev-Platform (6631380F-2D4D-43E0-8009-CF276956A95A): 0
LogDevObjectVersion:   Dev-Rendering (12F88B9F-8875-4AFC-A67C-D90C383ABD29): 25
LogDevObjectVersion:   Dev-Sequencer (7B5AE74C-D270-4C10-A958-57980B212A5A): 6
LogDevObjectVersion:   Dev-VR (D7296918-1DD6-4BDD-9DE2-64A83CC13884): 1
LogDevObjectVersion:   Dev-LoadTimes (C2A15278-BFE7-4AFE-6C17-90FF531DF755): 1
LogDevObjectVersion:   Private-Geometry (6EACA3D4-40EC-4CC1-B786-8BED09428FC5): 2
LogDevObjectVersion:   Dev-AnimPhys (29E575DD-E0A3-4627-9D10-D276232CDCEA): 16
LogDevObjectVersion:   Dev-ReflectionCapture (6B266CEC-1EC7-4B8F-A30B-E4D90942FC07): 1
LogDevObjectVersion:   Dev-Automation (0DF73D61-A23F-47EA-B727-89E90C41499A): 1
LogInit: Compiled (64-bit): Apr  5 2020 17:39:17
LogInit: Compiled with Visual C++: 19.00.24234.01
LogInit: Build Configuration: Development
LogInit: Branch Name: ++UE4+Release-4.19
LogInit: Command Line:  
LogInit: Base Directory: F:/UnrealEngine-FleX-4.19.2/Engine/Binaries/Win64/
LogInit: Installed Engine Build: 0
LogStreaming: Display: Took  0.000s to delete old logs.
LogInit: Presizing for max 8388607 objects, including 0 objects not considered by GC, pre-allocating 0 bytes for permanent pool.
LogInit: Object subsystem initialized
[2020.08.26-14.16.15:980][  0]LogInit: Selected Device Profile: [Windows]
[2020.08.26-14.16.15:980][  0]LogInit: Applying CVar settings loaded from the selected device profile: [Windows]
[2020.08.26-14.16.15:989][  0]LogInit: Computer: MIKA-PC
[2020.08.26-14.16.15:989][  0]LogInit: User: Mika
[2020.08.26-14.16.15:989][  0]LogInit: CPU Page size=4096, Cores=8
[2020.08.26-14.16.15:989][  0]LogInit: High frequency timer resolution =10.000000 MHz
[2020.08.26-14.16.15:989][  0]LogMemory: Memory total: Physical=15.9GB (16GB approx)
[2020.08.26-14.16.15:989][  0]LogMemory: Platform Memory Stats for Windows
[2020.08.26-14.16.15:989][  0]LogMemory: Process Physical Memory: 279.76 MB used, 279.77 MB peak
[2020.08.26-14.16.15:989][  0]LogMemory: Process Virtual Memory: 273.44 MB used, 273.44 MB peak
[2020.08.26-14.16.15:989][  0]LogMemory: Physical Memory: 9723.96 MB used,  6608.30 MB free, 16332.27 MB total
[2020.08.26-14.16.15:989][  0]LogMemory: Virtual Memory: 4848.03 MB used,  6608.30 MB free, 134217728.00 MB total
[2020.08.26-14.16.16:009][  0]LogInit: Using OS detected language (en-US).
[2020.08.26-14.16.16:009][  0]LogInit: Using OS detected locale (en-US).
[2020.08.26-14.16.16:014][  0]LogTextLocalizationManager: No specific localization for 'en-US' exists, so the 'en' localization will be used.
[2020.08.26-14.16.16:504][  0]LogStreaming: Display: Took  0.495s to EndInitTextLocalization.
[2020.08.26-14.16.16:504][  0]LogInit: Setting process to per monitor DPI aware
[2020.08.26-14.16.16:540][  0]LogSlate: New Slate User Created.  User Index 0, Is Virtual User: 0
[2020.08.26-14.16.16:540][  0]LogSlate: Slate User Registered.  User Index 0, Is Virtual User: 0
[2020.08.26-14.16.17:027][  0]LogD3D11RHI: D3D11 adapters:
[2020.08.26-14.16.17:130][  0]LogD3D11RHI:    0. 'NVIDIA GeForce GTX 1080' (Feature Level 11_0)
[2020.08.26-14.16.17:130][  0]LogD3D11RHI:       8079/0/8166 MB DedicatedVideo/DedicatedSystem/SharedSystem, Outputs:3, VendorId:0x10de
[2020.08.26-14.16.17:134][  0]LogD3D11RHI:    1. 'Microsoft Basic Render Driver' (Feature Level 11_0)
[2020.08.26-14.16.17:134][  0]LogD3D11RHI:       0/0/8166 MB DedicatedVideo/DedicatedSystem/SharedSystem, Outputs:0, VendorId:0x1414
[2020.08.26-14.16.17:134][  0]LogD3D11RHI: Chosen D3D11 Adapter: 0
[2020.08.26-14.16.17:145][  0]LogD3D11RHI: Creating new Direct3DDevice
[2020.08.26-14.16.17:145][  0]LogD3D11RHI:     GPU DeviceId: 0x1b80 (for the marketing name, search the web for "GPU Device Id")
[2020.08.26-14.16.17:145][  0]LogWindows: EnumDisplayDevices:
[2020.08.26-14.16.17:145][  0]LogWindows:    0. 'NVIDIA GeForce GTX 1080' (P:0 D:1)
[2020.08.26-14.16.17:145][  0]LogWindows:    1. 'NVIDIA GeForce GTX 1080' (P:1 D:1)
[2020.08.26-14.16.17:145][  0]LogWindows:    2. 'NVIDIA GeForce GTX 1080' (P:0 D:1)
[2020.08.26-14.16.17:146][  0]LogWindows:    3. 'NVIDIA GeForce GTX 1080' (P:0 D:0)
[2020.08.26-14.16.17:146][  0]LogWindows: DebugString: GetVideoDriverDetailsInvalid PrimaryIsNotTheChoosenAdapter GetVideoDriverDetailsInvalid PrimaryIsNotTheChoosenAdapter GetVideoDriverDetailsInvalid PrimaryIsNotTheChoosenAdapter GetVideoDriverDetailsInvalid PrimaryIsNotTheChoosenAdapter FoundDriverCount:0 
[2020.08.26-14.16.17:146][  0]LogD3D11RHI:     Adapter Name: NVIDIA GeForce GTX 1080
[2020.08.26-14.16.17:146][  0]LogD3D11RHI:   Driver Version: Unknown (internal:Unknown, unified:Unknown)
[2020.08.26-14.16.17:146][  0]LogD3D11RHI:      Driver Date: Unknown
[2020.08.26-14.16.17:146][  0]LogRHI: Texture pool is 5655 MB (70% of 8079 MB)
[2020.08.26-14.16.17:225][  0]LogD3D11RHI: [Aftermath] Aftermath enabled and primed
[2020.08.26-14.16.17:225][  0]LogD3D11RHI: [Aftermath] Aftermath enabled and primed
[2020.08.26-14.16.17:225][  0]LogD3D11RHI: Async texture creation enabled
[2020.08.26-14.16.17:460][  0]LogD3D11RHI: GPU Timing Frequency: 1000.000000 (Debug: 2 2)
[2020.08.26-14.16.17:708][  0]LogFlex: Display: Initialized Flex with GPU: NVIDIA GeForce GTX 1080
[2020.08.26-14.16.17:709][  0]LogShaderCompilers: Guid format shader working directory is 25 characters bigger than the processId version (../../../FlexProject/Intermediate/Shaders/WorkingDirectory/9792/).
[2020.08.26-14.16.17:709][  0]LogShaderCompilers: Cleaned the shader compiler working directory 'C:/Users/Mika/AppData/Local/Temp/UnrealShaderWorkingDir/2B9ECBB845BD10ACB29B93A2CDE35894/'.
[2020.08.26-14.16.18:584][  0]LogTemp: Display: Loaded TP AllDesktopTargetPlatform
[2020.08.26-14.16.18:608][  0]LogTemp: Display: Loaded TP MacClientTargetPlatform
[2020.08.26-14.16.18:634][  0]LogTemp: Display: Loaded TP MacNoEditorTargetPlatform
[2020.08.26-14.16.18:653][  0]LogTemp: Display: Loaded TP MacServerTargetPlatform
[2020.08.26-14.16.18:701][  0]LogTemp: Display: Loaded TP MacTargetPlatform
[2020.08.26-14.16.18:738][  0]LogTemp: Display: Loaded TP WindowsClientTargetPlatform
[2020.08.26-14.16.18:752][  0]LogTemp: Display: Loaded TP WindowsNoEditorTargetPlatform
[2020.08.26-14.16.18:766][  0]LogTemp: Display: Loaded TP WindowsServerTargetPlatform
[2020.08.26-14.16.18:774][  0]LogTemp: Display: Loaded TP WindowsTargetPlatform
[2020.08.26-14.16.18:787][  0]LogTemp: Display: Loaded TP Android_ASTCTargetPlatform
[2020.08.26-14.16.18:801][  0]LogTemp: Display: Loaded TP Android_ATCTargetPlatform
[2020.08.26-14.16.18:814][  0]LogTemp: Display: Loaded TP Android_DXTTargetPlatform
[2020.08.26-14.16.18:827][  0]LogTemp: Display: Loaded TP Android_ETC1aTargetPlatform
[2020.08.26-14.16.18:840][  0]LogTemp: Display: Loaded TP Android_ETC1TargetPlatform
[2020.08.26-14.16.18:854][  0]LogTemp: Display: Loaded TP Android_ETC2TargetPlatform
[2020.08.26-14.16.18:881][  0]LogTemp: Display: Loaded TP Android_MultiTargetPlatform
[2020.08.26-14.16.18:881][  0]LogTemp: Display: Loaded TP Android_PVRTCTargetPlatform
[2020.08.26-14.16.18:906][  0]LogTemp: Display: Loaded TP AndroidTargetPlatform
[2020.08.26-14.16.18:909][  0]LogTemp: Display: Loaded TP HTML5TargetPlatform
[2020.08.26-14.16.18:992][  0]LogTemp: Display: Loaded TP IOSTargetPlatform
[2020.08.26-14.16.19:004][  0]LogTemp: Display: Loaded TP TVOSTargetPlatform
[2020.08.26-14.16.19:004][  0]LogTargetPlatformManager: Display: Building Assets For Windows
[2020.08.26-14.16.19:825][  0]LogXGEController: Cannot use XGE Controller as Incredibuild is not installed on this machine.
[2020.08.26-14.16.19:832][  0]LogShaderCompilers: Cannot use XGE Shader Compiler as Incredibuild is not installed on this machine.
[2020.08.26-14.16.19:832][  0]LogShaderCompilers: Display: Using Local Shader Compiler.
[2020.08.26-14.16.21:703][  0]LogDerivedDataCache: Display: Max Cache Size: 512 MB
[2020.08.26-14.16.23:016][  0]LogDerivedDataCache: Loaded boot cache 1.28s 76MB ../../../FlexProject/DerivedDataCache/Boot.ddc.
[2020.08.26-14.16.23:016][  0]LogDerivedDataCache: Display: Loaded Boot cache: ../../../FlexProject/DerivedDataCache/Boot.ddc
[2020.08.26-14.16.23:016][  0]LogDerivedDataCache: FDerivedDataBackendGraph:  Pak pak cache file ../../../FlexProject/DerivedDataCache/DDC.ddp not found, will not use a pak cache.
[2020.08.26-14.16.23:016][  0]LogDerivedDataCache: Unable to find inner node Pak for hierarchical cache Hierarchy.
[2020.08.26-14.16.23:038][  0]LogDerivedDataCache: FDerivedDataBackendGraph:  EnginePak pak cache file ../../../Engine/DerivedDataCache/DDC.ddp not found, will not use a pak cache.
[2020.08.26-14.16.23:038][  0]LogDerivedDataCache: Unable to find inner node EnginePak for hierarchical cache Hierarchy.
[2020.08.26-14.16.23:051][  0]LogDerivedDataCache: Using Local data cache path ../../../Engine/DerivedDataCache: Writable
[2020.08.26-14.16.23:051][  0]LogDerivedDataCache: Shared data cache path not found in *engine.ini, will not use an Shared cache.
[2020.08.26-14.16.23:051][  0]LogDerivedDataCache: Unable to find inner node Shared for hierarchical cache Hierarchy.
[2020.08.26-14.16.23:168][  0]LogMaterial: Verifying Global Shaders for PCD3D_SM5
[2020.08.26-14.16.23:214][  0]LogSlate: Using Freetype 2.6.0
[2020.08.26-14.16.23:318][  0]LogSlate: SlateFontCache - WITH_FREETYPE: 1, WITH_HARFBUZZ: 1
[2020.08.26-14.16.23:318][  0]LogSlate: SlateFontCache - WITH_FREETYPE: 1, WITH_HARFBUZZ: 1
[2020.08.26-14.16.28:384][  0]LogAssetRegistry: FAssetRegistry took 0.0283 seconds to start up
[2020.08.26-14.16.36:978][  0]LogInit: Selected Device Profile: [Windows]
[2020.08.26-14.16.44:411][  0]LogMeshReduction: Using QuadricMeshReduction for automatic static mesh reduction
[2020.08.26-14.16.44:411][  0]LogMeshReduction: No automatic skeletal mesh reduction module available
[2020.08.26-14.16.44:411][  0]LogMeshReduction: No automatic mesh merging module available
[2020.08.26-14.16.44:411][  0]LogMeshReduction: No distributed automatic mesh merging module available
[2020.08.26-14.16.44:411][  0]LogMeshMerging: No automatic mesh merging module available
[2020.08.26-14.16.44:412][  0]LogMeshMerging: No distributed automatic mesh merging module available
[2020.08.26-14.16.45:653][  0]LogNetVersion: FlexProject , NetCL: 0, EngineNetVer: 2, GameNetVer: 0 (Checksum: 2459518851)
[2020.08.26-14.16.54:159][  0]LogAssetRegistry: Error: Failed to open file for write ../../../FlexProject/Intermediate/AssetRegistryCache/2657c409.bin
[2020.08.26-14.16.54:235][  0]LogPackageLocalizationCache: Processed 10 localized package path(s) for 2 prioritized culture(s) in 0.163500 seconds
[2020.08.26-14.16.54:323][  0]LogUObjectArray: 37715 objects as part of root set at end of initial load.
[2020.08.26-14.16.54:323][  0]LogUObjectAllocator: 7514704 out of 0 bytes used by permanent object pool.
[2020.08.26-14.16.54:323][  0]LogUObjectArray: CloseDisregardForGC: 0/0 objects in disregard for GC pool
[2020.08.26-14.17.01:892][  0]LogStreaming: Warning: Failed to read file '../../../Engine/Content/Editor/Slate/Launcher/Mac/Platform_Mac_24x.png' error.
[2020.08.26-14.17.01:892][  0]LogSlate: Could not find file for Slate resource: ../../../Engine/Content/Editor/Slate/Launcher/Mac/Platform_Mac_24x.png
[2020.08.26-14.17.01:902][  0]LogStreaming: Warning: Failed to read file '../../../Engine/Content/Editor/Slate/Launcher/Mac/Platform_Mac_128x.png' error.
[2020.08.26-14.17.01:902][  0]LogSlate: Could not find file for Slate resource: ../../../Engine/Content/Editor/Slate/Launcher/Mac/Platform_Mac_128x.png
[2020.08.26-14.17.01:902][  0]LogStreaming: Warning: Failed to read file '../../../Engine/Content/Editor/Slate/Launcher/Mac/Platform_Mac_128x.png' error.
[2020.08.26-14.17.01:902][  0]LogSlate: Could not find file for Slate resource: ../../../Engine/Content/Editor/Slate/Launcher/Mac/Platform_Mac_128x.png
[2020.08.26-14.17.01:902][  0]LogStreaming: Warning: Failed to read file '../../../Engine/Content/Editor/Slate/Launcher/Mac/Platform_Mac_24x.png' error.
[2020.08.26-14.17.01:902][  0]LogSlate: Could not find file for Slate resource: ../../../Engine/Content/Editor/Slate/Launcher/Mac/Platform_Mac_24x.png
[2020.08.26-14.17.01:903][  0]LogStreaming: Warning: Failed to read file '../../../Engine/Content/Editor/Slate/Launcher/Mac/Platform_Mac_128x.png' error.
[2020.08.26-14.17.01:903][  0]LogSlate: Could not find file for Slate resource: ../../../Engine/Content/Editor/Slate/Launcher/Mac/Platform_Mac_128x.png
[2020.08.26-14.17.01:903][  0]LogStreaming: Warning: Failed to read file '../../../Engine/Content/Editor/Slate/Launcher/Mac/Platform_Mac_128x.png' error.
[2020.08.26-14.17.01:903][  0]LogSlate: Could not find file for Slate resource: ../../../Engine/Content/Editor/Slate/Launcher/Mac/Platform_Mac_128x.png
[2020.08.26-14.17.01:903][  0]LogStreaming: Warning: Failed to read file '../../../Engine/Content/Editor/Slate/Launcher/Mac/Platform_Mac_24x.png' error.
[2020.08.26-14.17.01:903][  0]LogSlate: Could not find file for Slate resource: ../../../Engine/Content/Editor/Slate/Launcher/Mac/Platform_Mac_24x.png
[2020.08.26-14.17.01:903][  0]LogStreaming: Warning: Failed to read file '../../../Engine/Content/Editor/Slate/Launcher/Mac/Platform_Mac_128x.png' error.
[2020.08.26-14.17.01:903][  0]LogSlate: Could not find file for Slate resource: ../../../Engine/Content/Editor/Slate/Launcher/Mac/Platform_Mac_128x.png
[2020.08.26-14.17.01:903][  0]LogStreaming: Warning: Failed to read file '../../../Engine/Content/Editor/Slate/Launcher/Mac/Platform_Mac_128x.png' error.
[2020.08.26-14.17.01:903][  0]LogSlate: Could not find file for Slate resource: ../../../Engine/Content/Editor/Slate/Launcher/Mac/Platform_Mac_128x.png
[2020.08.26-14.17.01:903][  0]LogStreaming: Warning: Failed to read file '../../../Engine/Content/Editor/Slate/Launcher/Mac/Platform_Mac_24x.png' error.
[2020.08.26-14.17.01:903][  0]LogSlate: Could not find file for Slate resource: ../../../Engine/Content/Editor/Slate/Launcher/Mac/Platform_Mac_24x.png
[2020.08.26-14.17.01:903][  0]LogStreaming: Warning: Failed to read file '../../../Engine/Content/Editor/Slate/Launcher/Mac/Platform_Mac_128x.png' error.
[2020.08.26-14.17.01:903][  0]LogSlate: Could not find file for Slate resource: ../../../Engine/Content/Editor/Slate/Launcher/Mac/Platform_Mac_128x.png
[2020.08.26-14.17.01:903][  0]LogStreaming: Warning: Failed to read file '../../../Engine/Content/Editor/Slate/Launcher/Mac/Platform_Mac_128x.png' error.
[2020.08.26-14.17.01:903][  0]LogSlate: Could not find file for Slate resource: ../../../Engine/Content/Editor/Slate/Launcher/Mac/Platform_Mac_128x.png
[2020.08.26-14.17.01:903][  0]LogStreaming: Warning: Failed to read file '../../../Engine/Content/Editor/Slate/Launcher/Linux/Platform_Linux_24x.png' error.
[2020.08.26-14.17.01:903][  0]LogSlate: Could not find file for Slate resource: ../../../Engine/Content/Editor/Slate/Launcher/Linux/Platform_Linux_24x.png
[2020.08.26-14.17.01:903][  0]LogStreaming: Warning: Failed to read file '../../../Engine/Content/Editor/Slate/Launcher/Linux/Platform_Linux_128x.png' error.
[2020.08.26-14.17.01:903][  0]LogSlate: Could not find file for Slate resource: ../../../Engine/Content/Editor/Slate/Launcher/Linux/Platform_Linux_128x.png
[2020.08.26-14.17.01:903][  0]LogStreaming: Warning: Failed to read file '../../../Engine/Content/Editor/Slate/Launcher/Linux/Platform_Linux_128x.png' error.
[2020.08.26-14.17.01:903][  0]LogSlate: Could not find file for Slate resource: ../../../Engine/Content/Editor/Slate/Launcher/Linux/Platform_Linux_128x.png
[2020.08.26-14.17.01:903][  0]LogStreaming: Warning: Failed to read file '../../../Engine/Content/Editor/Slate/Launcher/Linux/Platform_Linux_24x.png' error.
[2020.08.26-14.17.01:903][  0]LogSlate: Could not find file for Slate resource: ../../../Engine/Content/Editor/Slate/Launcher/Linux/Platform_Linux_24x.png
[2020.08.26-14.17.01:903][  0]LogStreaming: Warning: Failed to read file '../../../Engine/Content/Editor/Slate/Launcher/Linux/Platform_Linux_128x.png' error.
[2020.08.26-14.17.01:903][  0]LogSlate: Could not find file for Slate resource: ../../../Engine/Content/Editor/Slate/Launcher/Linux/Platform_Linux_128x.png
[2020.08.26-14.17.01:903][  0]LogStreaming: Warning: Failed to read file '../../../Engine/Content/Editor/Slate/Launcher/Linux/Platform_Linux_128x.png' error.
[2020.08.26-14.17.01:903][  0]LogSlate: Could not find file for Slate resource: ../../../Engine/Content/Editor/Slate/Launcher/Linux/Platform_Linux_128x.png
[2020.08.26-14.17.01:903][  0]LogStreaming: Warning: Failed to read file '../../../Engine/Content/Editor/Slate/Launcher/Linux/Platform_Linux_24x.png' error.
[2020.08.26-14.17.01:903][  0]LogSlate: Could not find file for Slate resource: ../../../Engine/Content/Editor/Slate/Launcher/Linux/Platform_Linux_24x.png
[2020.08.26-14.17.01:903][  0]LogStreaming: Warning: Failed to read file '../../../Engine/Content/Editor/Slate/Launcher/Linux/Platform_Linux_128x.png' error.
[2020.08.26-14.17.01:904][  0]LogSlate: Could not find file for Slate resource: ../../../Engine/Content/Editor/Slate/Launcher/Linux/Platform_Linux_128x.png
[2020.08.26-14.17.01:904][  0]LogStreaming: Warning: Failed to read file '../../../Engine/Content/Editor/Slate/Launcher/Linux/Platform_Linux_128x.png' error.
[2020.08.26-14.17.01:904][  0]LogSlate: Could not find file for Slate resource: ../../../Engine/Content/Editor/Slate/Launcher/Linux/Platform_Linux_128x.png
[2020.08.26-14.17.01:904][  0]LogStreaming: Warning: Failed to read file '../../../Engine/Content/Editor/Slate/Launcher/Linux/Platform_Linux_24x.png' error.
[2020.08.26-14.17.01:904][  0]LogSlate: Could not find file for Slate resource: ../../../Engine/Content/Editor/Slate/Launcher/Linux/Platform_Linux_24x.png
[2020.08.26-14.17.01:904][  0]LogStreaming: Warning: Failed to read file '../../../Engine/Content/Editor/Slate/Launcher/Linux/Platform_Linux_128x.png' error.
[2020.08.26-14.17.01:904][  0]LogSlate: Could not find file for Slate resource: ../../../Engine/Content/Editor/Slate/Launcher/Linux/Platform_Linux_128x.png
[2020.08.26-14.17.01:904][  0]LogStreaming: Warning: Failed to read file '../../../Engine/Content/Editor/Slate/Launcher/Linux/Platform_Linux_128x.png' error.
[2020.08.26-14.17.01:904][  0]LogSlate: Could not find file for Slate resource: ../../../Engine/Content/Editor/Slate/Launcher/Linux/Platform_Linux_128x.png
[2020.08.26-14.17.01:906][  0]LogStreaming: Warning: Failed to read file '../../../Engine/Content/Editor/Slate/Launcher/Android/Platform_Android_24x.png' error.
[2020.08.26-14.17.01:906][  0]LogSlate: Could not find file for Slate resource: ../../../Engine/Content/Editor/Slate/Launcher/Android/Platform_Android_24x.png
[2020.08.26-14.17.01:906][  0]LogStreaming: Warning: Failed to read file '../../../Engine/Content/Editor/Slate/Launcher/Android/Platform_Android_128x.png' error.
[2020.08.26-14.17.01:906][  0]LogSlate: Could not find file for Slate resource: ../../../Engine/Content/Editor/Slate/Launcher/Android/Platform_Android_128x.png
[2020.08.26-14.17.01:906][  0]LogStreaming: Warning: Failed to read file '../../../Engine/Content/Editor/Slate/Launcher/Android/Platform_Android_128x.png' error.
[2020.08.26-14.17.01:906][  0]LogSlate: Could not find file for Slate resource: ../../../Engine/Content/Editor/Slate/Launcher/Android/Platform_Android_128x.png
[2020.08.26-14.17.01:906][  0]LogStreaming: Warning: Failed to read file '../../../Engine/Content/Editor/Slate/Launcher/Android/Platform_Android_24x.png' error.
[2020.08.26-14.17.01:906][  0]LogSlate: Could not find file for Slate resource: ../../../Engine/Content/Editor/Slate/Launcher/Android/Platform_Android_24x.png
[2020.08.26-14.17.01:906][  0]LogStreaming: Warning: Failed to read file '../../../Engine/Content/Editor/Slate/Launcher/Android/Platform_Android_128x.png' error.
[2020.08.26-14.17.01:906][  0]LogSlate: Could not find file for Slate resource: ../../../Engine/Content/Editor/Slate/Launcher/Android/Platform_Android_128x.png
[2020.08.26-14.17.01:906][  0]LogStreaming: Warning: Failed to read file '../../../Engine/Content/Editor/Slate/Launcher/Android/Platform_Android_128x.png' error.
[2020.08.26-14.17.01:906][  0]LogSlate: Could not find file for Slate resource: ../../../Engine/Content/Editor/Slate/Launcher/Android/Platform_Android_128x.png
[2020.08.26-14.17.01:906][  0]LogStreaming: Warning: Failed to read file '../../../Engine/Content/Editor/Slate/Launcher/Android/Platform_Android_ATC_24x.png' error.
[2020.08.26-14.17.01:906][  0]LogSlate: Could not find file for Slate resource: ../../../Engine/Content/Editor/Slate/Launcher/Android/Platform_Android_ATC_24x.png
[2020.08.26-14.17.01:906][  0]LogStreaming: Warning: Failed to read file '../../../Engine/Content/Editor/Slate/Launcher/Android/Platform_Android_128x.png' error.
[2020.08.26-14.17.01:906][  0]LogSlate: Could not find file for Slate resource: ../../../Engine/Content/Editor/Slate/Launcher/Android/Platform_Android_128x.png
[2020.08.26-14.17.01:906][  0]LogStreaming: Warning: Failed to read file '../../../Engine/Content/Editor/Slate/Launcher/Android/Platform_Android_128x.png' error.
[2020.08.26-14.17.01:906][  0]LogSlate: Could not find file for Slate resource: ../../../Engine/Content/Editor/Slate/Launcher/Android/Platform_Android_128x.png
[2020.08.26-14.17.01:906][  0]LogStreaming: Warning: Failed to read file '../../../Engine/Content/Editor/Slate/Launcher/Android/Platform_Android_DXT_24x.png' error.
[2020.08.26-14.17.01:906][  0]LogSlate: Could not find file for Slate resource: ../../../Engine/Content/Editor/Slate/Launcher/Android/Platform_Android_DXT_24x.png
[2020.08.26-14.17.01:906][  0]LogStreaming: Warning: Failed to read file '../../../Engine/Content/Editor/Slate/Launcher/Android/Platform_Android_128x.png' error.
[2020.08.26-14.17.01:906][  0]LogSlate: Could not find file for Slate resource: ../../../Engine/Content/Editor/Slate/Launcher/Android/Platform_Android_128x.png
[2020.08.26-14.17.01:906][  0]LogStreaming: Warning: Failed to read file '../../../Engine/Content/Editor/Slate/Launcher/Android/Platform_Android_128x.png' error.
[2020.08.26-14.17.01:906][  0]LogSlate: Could not find file for Slate resource: ../../../Engine/Content/Editor/Slate/Launcher/Android/Platform_Android_128x.png
[2020.08.26-14.17.01:906][  0]LogStreaming: Warning: Failed to read file '../../../Engine/Content/Editor/Slate/Launcher/Android/Platform_Android_ETC1_24x.png' error.
[2020.08.26-14.17.01:906][  0]LogSlate: Could not find file for Slate resource: ../../../Engine/Content/Editor/Slate/Launcher/Android/Platform_Android_ETC1_24x.png
[2020.08.26-14.17.01:906][  0]LogStreaming: Warning: Failed to read file '../../../Engine/Content/Editor/Slate/Launcher/Android/Platform_Android_128x.png' error.
[2020.08.26-14.17.01:906][  0]LogSlate: Could not find file for Slate resource: ../../../Engine/Content/Editor/Slate/Launcher/Android/Platform_Android_128x.png
[2020.08.26-14.17.01:907][  0]LogStreaming: Warning: Failed to read file '../../../Engine/Content/Editor/Slate/Launcher/Android/Platform_Android_128x.png' error.
[2020.08.26-14.17.01:907][  0]LogSlate: Could not find file for Slate resource: ../../../Engine/Content/Editor/Slate/Launcher/Android/Platform_Android_128x.png
[2020.08.26-14.17.01:907][  0]LogStreaming: Warning: Failed to read file '../../../Engine/Content/Editor/Slate/Launcher/Android/Platform_Android_ETC2_24x.png' error.
[2020.08.26-14.17.01:907][  0]LogSlate: Could not find file for Slate resource: ../../../Engine/Content/Editor/Slate/Launcher/Android/Platform_Android_ETC2_24x.png
[2020.08.26-14.17.01:907][  0]LogStreaming: Warning: Failed to read file '../../../Engine/Content/Editor/Slate/Launcher/Android/Platform_Android_128x.png' error.
[2020.08.26-14.17.01:907][  0]LogSlate: Could not find file for Slate resource: ../../../Engine/Content/Editor/Slate/Launcher/Android/Platform_Android_128x.png
[2020.08.26-14.17.01:907][  0]LogStreaming: Warning: Failed to read file '../../../Engine/Content/Editor/Slate/Launcher/Android/Platform_Android_128x.png' error.
[2020.08.26-14.17.01:907][  0]LogSlate: Could not find file for Slate resource: ../../../Engine/Content/Editor/Slate/Launcher/Android/Platform_Android_128x.png
[2020.08.26-14.17.01:907][  0]LogStreaming: Warning: Failed to read file '../../../Engine/Content/Editor/Slate/Launcher/Android/Platform_Android_ETC2_24x.png' error.
[2020.08.26-14.17.01:907][  0]LogSlate: Could not find file for Slate resource: ../../../Engine/Content/Editor/Slate/Launcher/Android/Platform_Android_ETC2_24x.png
[2020.08.26-14.17.01:907][  0]LogStreaming: Warning: Failed to read file '../../../Engine/Content/Editor/Slate/Launcher/Android/Platform_Android_128x.png' error.
[2020.08.26-14.17.01:907][  0]LogSlate: Could not find file for Slate resource: ../../../Engine/Content/Editor/Slate/Launcher/Android/Platform_Android_128x.png
[2020.08.26-14.17.01:907][  0]LogStreaming: Warning: Failed to read file '../../../Engine/Content/Editor/Slate/Launcher/Android/Platform_Android_128x.png' error.
[2020.08.26-14.17.01:907][  0]LogSlate: Could not find file for Slate resource: ../../../Engine/Content/Editor/Slate/Launcher/Android/Platform_Android_128x.png
[2020.08.26-14.17.01:907][  0]LogStreaming: Warning: Failed to read file '../../../Engine/Content/Editor/Slate/Launcher/Android/Platform_Android_PVRTC_24x.png' error.
[2020.08.26-14.17.01:907][  0]LogSlate: Could not find file for Slate resource: ../../../Engine/Content/Editor/Slate/Launcher/Android/Platform_Android_PVRTC_24x.png
[2020.08.26-14.17.01:907][  0]LogStreaming: Warning: Failed to read file '../../../Engine/Content/Editor/Slate/Launcher/Android/Platform_Android_128x.png' error.
[2020.08.26-14.17.01:907][  0]LogSlate: Could not find file for Slate resource: ../../../Engine/Content/Editor/Slate/Launcher/Android/Platform_Android_128x.png
[2020.08.26-14.17.01:907][  0]LogStreaming: Warning: Failed to read file '../../../Engine/Content/Editor/Slate/Launcher/Android/Platform_Android_128x.png' error.
[2020.08.26-14.17.01:907][  0]LogSlate: Could not find file for Slate resource: ../../../Engine/Content/Editor/Slate/Launcher/Android/Platform_Android_128x.png
[2020.08.26-14.17.01:907][  0]LogStreaming: Warning: Failed to read file '../../../Engine/Content/Editor/Slate/Launcher/Android/Platform_Android_ASTC_24x.png' error.
[2020.08.26-14.17.01:907][  0]LogSlate: Could not find file for Slate resource: ../../../Engine/Content/Editor/Slate/Launcher/Android/Platform_Android_ASTC_24x.png
[2020.08.26-14.17.01:907][  0]LogStreaming: Warning: Failed to read file '../../../Engine/Content/Editor/Slate/Launcher/Android/Platform_Android_128x.png' error.
[2020.08.26-14.17.01:907][  0]LogSlate: Could not find file for Slate resource: ../../../Engine/Content/Editor/Slate/Launcher/Android/Platform_Android_128x.png
[2020.08.26-14.17.01:907][  0]LogStreaming: Warning: Failed to read file '../../../Engine/Content/Editor/Slate/Launcher/Android/Platform_Android_128x.png' error.
[2020.08.26-14.17.01:907][  0]LogSlate: Could not find file for Slate resource: ../../../Engine/Content/Editor/Slate/Launcher/Android/Platform_Android_128x.png
[2020.08.26-14.17.22:034][  0]OSVREntryPointLog: Display: OSVR client context could not connect. Most likely the server isn't running. Treating this as if the HMD is not connected.
[2020.08.26-14.17.22:163][  0]LogTcpMessaging: Initializing TcpMessaging bridge
[2020.08.26-14.17.22:210][  0]LogUdpMessaging: Initializing bridge on interface 0.0.0.0:0 to multicast group 230.0.0.1:6666.
[2020.08.26-14.17.23:577][  0]SourceControl: Source control is disabled
[2020.08.26-14.17.23:579][  0]SourceControl: Source control is disabled
[2020.08.26-14.17.23:675][  0]SourceControl: Source control is disabled
[2020.08.26-14.17.23:710][  0]SourceControl: Source control is disabled
[2020.08.26-14.17.25:432][  0]LogAndroidPermission: UAndroidPermissionCallbackProxy::GetInstance
[2020.08.26-14.17.25:823][  0]LogOcInput: OculusInput pre-init called
[2020.08.26-14.17.26:656][  0]LogEngine: Initializing Engine...
[2020.08.26-14.17.26:946][  0]LogInstantPreview: Warning: Adb Not Detected.  Please set the ANDROID_HOME environment variable to your Android SDK directory and restart the Unreal editor.
[2020.08.26-14.17.26:946][  0]LogHMD: GoogleVR API created
[2020.08.26-14.17.27:016][  0]LogStats: UGameplayTagsManager::ConstructGameplayTagTree: Construct from data asset -  0.000 s
[2020.08.26-14.17.27:017][  0]LogStats: UGameplayTagsManager::ConstructGameplayTagTree: GameplayTagTreeChangedEvent.Broadcast -  0.000 s
[2020.08.26-14.17.29:461][  0]LogAIModule: Creating AISystem for world Untitled
[2020.08.26-14.17.29:751][  0]LogInit: XAudio2 using 'Realtek Digital Output (Realtek(R) Audio)' : 2 channels at 48 kHz using 16 bits per sample (channel mask 0x3)
[2020.08.26-14.17.29:789][  0]LogInit: FAudioDevice initialized.
[2020.08.26-14.17.29:865][  0]LogDerivedDataCache: Error: Could not save memory cache ../../../FlexProject/DerivedDataCache/Boot.ddc.
[2020.08.26-14.17.29:878][  0]LogInit: Texture streaming: Enabled
[2020.08.26-14.17.30:096][  0]LogEngineSessionManager: EngineSessionManager initialized
[2020.08.26-14.17.30:804][  0]LogInit: Transaction tracking system initialized
[2020.08.26-14.17.31:259][  0]BlueprintLog: New page: Editor Load
[2020.08.26-14.17.32:994][  0]LocalizationService: Localization service is disabled
[2020.08.26-14.17.34:236][  0]LogConsoleResponse: Display: 
[2020.08.26-14.17.38:266][  0]LogFileCache: Scanning file cache for directory 'F:/UnrealEngine-FleX-4.19.2/FlexProject/Content/' took 0.05s
[2020.08.26-14.17.38:266][  0]LogCook: Display: Max memory allowance for cook 16384mb min free memory 0mb
[2020.08.26-14.17.38:317][  0]LogCook: Display: Mobile HDR setting 1
[2020.08.26-14.17.38:330][  0]LogGameplayTags: Display: UGameplayTagsManager::DoneAddingNativeTags. DelegateIsBound: 0
[2020.08.26-14.17.38:330][  0]LogStats: UGameplayTagsManager::ConstructGameplayTagTree: Construct from data asset -  0.000 s
[2020.08.26-14.17.38:330][  0]LogStats: UGameplayTagsManager::ConstructGameplayTagTree: GameplayTagTreeChangedEvent.Broadcast -  0.000 s
[2020.08.26-14.17.43:827][  0]SourceControl: Source control is disabled
[2020.08.26-14.17.44:484][  0]Cmd: MAP LOAD FILE="../../../FlexProject/Content/Maps/testMaps/radforce-test.umap" TEMPLATE=0 SHOWPROGRESS=1 FEATURELEVEL=3
[2020.08.26-14.17.44:629][  0]LightingResults: New page: Lighting Build
[2020.08.26-14.17.45:237][  0]MapCheck: New page: Map Check
[2020.08.26-14.17.45:237][  0]LightingResults: New page: Lighting Build
[2020.08.26-14.17.53:861][  0]LogAIModule: Creating AISystem for world radforce-test
[2020.08.26-14.17.57:720][  0]LogEditorServer: Finished looking for orphan Actors (0.000 secs)
[2020.08.26-14.17.57:935][  0]Cmd: MAP CHECKDEP NOCLEARLOG
[2020.08.26-14.17.57:995][  0]MapCheck: Map check complete: 0 Error(s), 0 Warning(s), took 56.626ms to complete.
[2020.08.26-14.17.58:815][  0]LogFileHelpers: Loading map 'radforce-test' took 14.363
[2020.08.26-14.18.01:287][  0]LogCollectionManager: Loaded 0 collections in 0.015688 seconds
[2020.08.26-14.18.01:478][  0]LogFileCache: Scanning file cache for directory 'F:/UnrealEngine-FleX-4.19.2/FlexProject/Saved/Collections/' took 0.01s
[2020.08.26-14.18.01:478][  0]LogFileCache: Scanning file cache for directory 'F:/UnrealEngine-FleX-4.19.2/FlexProject/Content/Developers/Mika/Collections/' took 0.01s
[2020.08.26-14.18.01:478][  0]LogFileCache: Scanning file cache for directory 'F:/UnrealEngine-FleX-4.19.2/FlexProject/Content/Collections/' took 0.01s
[2020.08.26-14.18.01:478][  0]LogCollectionManager: Rebuilt the GUID cache for 0 collections in 0.000000 seconds
[2020.08.26-14.18.01:507][  0]LogContentBrowser: Native class hierarchy populated in 0.0279 seconds. Added 2508 classes and 572 folders.
[2020.08.26-14.18.01:680][  0]LogContentBrowser: Native class hierarchy updated for 'WidgetCarousel' in 0.0003 seconds. Added 0 classes and 0 folders.
[2020.08.26-14.18.03:210][  0]LogContentBrowser: Native class hierarchy updated for 'AddContentDialog' in 0.0003 seconds. Added 0 classes and 0 folders.
[2020.08.26-14.18.03:303][  0]LogContentBrowser: Native class hierarchy updated for 'SceneOutliner' in 0.0003 seconds. Added 1 classes and 2 folders.
[2020.08.26-14.18.04:102][  0]LogSlate: Took 0.008465 seconds to synchronously load lazily loaded font '../../../Engine/Content/Slate/Fonts/Roboto-Regular.ttf' (155K)
[2020.08.26-14.18.04:208][  0]LogSlate: Took 0.095603 seconds to synchronously load lazily loaded font '../../../Engine/Content/Slate/Fonts/Roboto-Bold.ttf' (160K)
[2020.08.26-14.18.04:301][  0]LogSlate: Took 0.012693 seconds to synchronously load lazily loaded font '../../../Engine/Content/Editor/Slate/Fonts/FontAwesome.ttf' (139K)
[2020.08.26-14.18.05:247][  0]LogRenderer: Reallocating scene render targets to support 1232x704 Format 10 NumSamples 1 (Frame:1).
[2020.08.26-14.18.06:407][  0]LogContentBrowser: Native class hierarchy updated for 'HierarchicalLODOutliner' in 0.0003 seconds. Added 0 classes and 0 folders.
[2020.08.26-14.18.06:408][  0]LogLoad: (Engine Initialization) Total time: 113.19 seconds
[2020.08.26-14.18.06:408][  0]LogLoad: (Engine Initialization) Total Blueprint compile time: 0.00 seconds
[2020.08.26-14.18.06:805][  0]LogRawInputWindows: Warning: Found device 0 devices
[2020.08.26-14.18.06:806][  0]LogRawInputWindows: Warning: Found device 0 devices
[2020.08.26-14.18.06:806][  0]LogRawInputWindows: Warning: Device was registered succesfully but not connected (Usage:4 UsagePage:1)
[2020.08.26-14.18.06:806][  0]LogRawInputWindows: Warning: Found device 1 devices
[2020.08.26-14.18.06:806][  0]LogRawInputWindows: Warning: Device was registered succesfully but not connected (Usage:5 UsagePage:1)
[2020.08.26-14.18.07:324][  0]LogContentStreaming: Texture pool size now 1000 MB
[2020.08.26-14.18.07:721][  0]LogSlate: Took 0.014585 seconds to synchronously load lazily loaded font '../../../Engine/Content/Slate/Fonts/Roboto-Light.ttf' (167K)
[2020.08.26-14.18.09:122][  4]LogAssetRegistry: Asset discovery search completed in 100.7609 seconds
[2020.08.26-14.18.09:172][  4]LogFlexEditor: FFlexEditorModule::OnFilesLoaded() ProjectFilePath = '../../../FlexProject/FlexProject.uproject'
[2020.08.26-14.18.09:172][  4]LogCollectionManager: Rebuilt the object cache for 0 collections in 0.000000 seconds (found 0 objects)
[2020.08.26-14.18.09:172][  4]LogCollectionManager: Fixed up redirectors for 0 collections in 0.000476 seconds (updated 0 objects)
[2020.08.26-14.21.04:531][529]LogWindowsTextInputMethodSystem: Display: IME system now deactivated.
[2020.08.26-14.21.04:531][529]LogWindowsTextInputMethodSystem: Display: IME system now deactivated.
[2020.08.26-14.21.04:536][529]LogSlate: FSceneViewport::OnFocusLost() reason 0
[2020.08.26-14.21.10:561][760]LogSlate: Window 'FlexProject - Unreal Editor' being destroyed
[2020.08.26-14.21.10:562][760]LogWindowsTextInputMethodSystem: Display: IME system now deactivated.
[2020.08.26-14.21.13:080][761]Cmd: QUIT_EDITOR
[2020.08.26-14.21.13:109][761]LogExit: Preparing to exit.
[2020.08.26-14.21.13:357][761]LogDirectoryWatcher: A directory notification for 'F:/UnrealEngine-FleX-4.19.2/FlexProject/Content/' was aborted.
[2020.08.26-14.21.13:378][761]LogExit: Editor shut down
[2020.08.26-14.21.13:380][761]LogExit: Transaction tracking system shut down
[2020.08.26-14.21.13:848][761]LogDirectoryWatcher: A directory notification for '../../../Engine/Content/' was aborted.
[2020.08.26-14.21.13:848][761]LogDirectoryWatcher: A directory notification for '../../../FlexProject/Content/' was aborted.
[2020.08.26-14.21.13:848][761]LogDirectoryWatcher: A directory notification for '../../Plugins/2D/Paper2D/Content/' was aborted.
[2020.08.26-14.21.13:848][761]LogDirectoryWatcher: A directory notification for '../../Plugins/Enterprise/DatasmithContent/Content/' was aborted.
[2020.08.26-14.21.13:848][761]LogDirectoryWatcher: A directory notification for '../../Plugins/Media/MediaCompositing/Content/' was aborted.
[2020.08.26-14.21.13:848][761]LogDirectoryWatcher: A directory notification for '../../Plugins/Runtime/AppleARKit/Content/' was aborted.
[2020.08.26-14.21.13:848][761]LogDirectoryWatcher: A directory notification for '../../Plugins/Runtime/LeapMotion/Content/' was aborted.
[2020.08.26-14.21.13:849][761]LogDirectoryWatcher: A directory notification for '../../Plugins/Runtime/Oculus/OculusVR/Content/' was aborted.
[2020.08.26-14.21.13:849][761]LogDirectoryWatcher: A directory notification for '../../Plugins/Runtime/Steam/SteamVR/Content/' was aborted.
[2020.08.26-14.21.13:956][761]LogExit: Object subsystem successfully closed.
[2020.08.26-14.21.14:014][761]LogShaderCompilers: Display: Shaders left to compile 0
[2020.08.26-14.21.14:019][761]LogD3D11RHI: Shutdown
[2020.08.26-14.21.14:019][761]LogD3D11RHI: CleanupD3DDevice
[2020.08.26-14.21.14:022][761]LogD3D11RHI: ~FD3D11DynamicRHI
[2020.08.26-14.21.14:593][761]LogModuleManager: Shutting down and abandoning module HierarchicalLODOutliner (576)
[2020.08.26-14.21.14:593][761]LogModuleManager: Shutting down and abandoning module DesktopPlatform (574)
[2020.08.26-14.21.14:619][761]LogModuleManager: Shutting down and abandoning module SceneOutliner (572)
[2020.08.26-14.21.14:644][761]LogModuleManager: Shutting down and abandoning module AddContentDialog (570)
[2020.08.26-14.21.14:703][761]LogDirectoryWatcher: A directory notification for 'F:/UnrealEngine-FleX-4.19.2/FeaturePacks/' was aborted.
[2020.08.26-14.21.14:705][761]LogModuleManager: Shutting down and abandoning module WidgetCarousel (569)
[2020.08.26-14.21.14:705][761]LogModuleManager: Shutting down and abandoning module EditorWidgets (566)
[2020.08.26-14.21.14:705][761]LogModuleManager: Shutting down and abandoning module CollectionManager (564)
[2020.08.26-14.21.14:721][761]LogDirectoryWatcher: A directory notification for 'F:/UnrealEngine-FleX-4.19.2/FlexProject/Content/Collections/' was aborted.
[2020.08.26-14.21.14:721][761]LogDirectoryWatcher: A directory notification for 'F:/UnrealEngine-FleX-4.19.2/FlexProject/Content/Developers/Mika/Collections/' was aborted.
[2020.08.26-14.21.14:722][761]LogDirectoryWatcher: A directory notification for 'F:/UnrealEngine-FleX-4.19.2/FlexProject/Saved/Collections/' was aborted.
[2020.08.26-14.21.14:722][761]LogModuleManager: Shutting down and abandoning module StatsViewer (562)
[2020.08.26-14.21.14:728][761]LogModuleManager: Shutting down and abandoning module FoliageEdit (560)
[2020.08.26-14.21.14:728][761]LogModuleManager: Shutting down and abandoning module LandscapeEditor (558)
[2020.08.26-14.21.14:761][761]LogModuleManager: Shutting down and abandoning module MeshPaintMode (556)
[2020.08.26-14.21.14:783][761]LogModuleManager: Shutting down and abandoning module SceneDepthPickerMode (554)
[2020.08.26-14.21.14:783][761]LogModuleManager: Shutting down and abandoning module ActorPickerMode (552)
[2020.08.26-14.21.14:783][761]LogModuleManager: Shutting down and abandoning module GeometryMode (550)
[2020.08.26-14.21.14:811][761]LogModuleManager: Shutting down and abandoning module TextureAlignMode (548)
[2020.08.26-14.21.14:811][761]LogModuleManager: Shutting down and abandoning module BspMode (546)
[2020.08.26-14.21.14:811][761]LogModuleManager: Shutting down and abandoning module PIEPreviewDeviceProfileSelector (544)
[2020.08.26-14.21.14:811][761]LogModuleManager: Shutting down and abandoning module HardwareSurvey (542)
[2020.08.26-14.21.14:811][761]LogModuleManager: Shutting down and abandoning module SequenceRecorderSections (540)
[2020.08.26-14.21.14:819][761]LogModuleManager: Shutting down and abandoning module AutomationWorker (538)
[2020.08.26-14.21.14:819][761]LogModuleManager: Shutting down and abandoning module AudioCaptureEditor (536)
[2020.08.26-14.21.14:819][761]LogModuleManager: Shutting down and abandoning module SequenceRecorder (535)
[2020.08.26-14.21.14:843][761]LogModuleManager: Shutting down and abandoning module MatineeToLevelSequence (532)
[2020.08.26-14.21.14:857][761]LogModuleManager: Shutting down and abandoning module LevelSequenceEditor (530)
[2020.08.26-14.21.14:926][761]LogModuleManager: Shutting down and abandoning module PlacementMode (529)
[2020.08.26-14.21.14:926][761]LogModuleManager: Shutting down and abandoning module MaterialEditor (528)
[2020.08.26-14.21.15:044][761]LogModuleManager: Shutting down and abandoning module WmfMediaFactory (524)
[2020.08.26-14.21.15:044][761]LogModuleManager: Shutting down and abandoning module WmfMediaEditor (522)
[2020.08.26-14.21.15:044][761]LogModuleManager: Shutting down and abandoning module MediaPlayerEditor (520)
[2020.08.26-14.21.15:117][761]LogModuleManager: Shutting down and abandoning module OpenExrWrapper (518)
[2020.08.26-14.21.15:117][761]LogModuleManager: Shutting down and abandoning module ImgMediaFactory (516)
[2020.08.26-14.21.15:117][761]LogModuleManager: Shutting down and abandoning module ImgMediaEditor (514)
[2020.08.26-14.21.15:117][761]LogModuleManager: Shutting down and abandoning module AvfMediaFactory (512)
[2020.08.26-14.21.15:117][761]LogModuleManager: Shutting down and abandoning module AvfMediaEditor (510)
[2020.08.26-14.21.15:117][761]LogModuleManager: Shutting down and abandoning module AndroidMediaFactory (508)
[2020.08.26-14.21.15:117][761]LogModuleManager: Shutting down and abandoning module AndroidMediaEditor (506)
[2020.08.26-14.21.15:117][761]LogModuleManager: Shutting down and abandoning module CharacterAI (504)
[2020.08.26-14.21.15:117][761]LogModuleManager: Shutting down and abandoning module SmartSnapping (502)
[2020.08.26-14.21.15:117][761]LogModuleManager: Shutting down and abandoning module SessionServices (500)
[2020.08.26-14.21.15:117][761]LogModuleManager: Shutting down and abandoning module ViewportSnapping (498)
[2020.08.26-14.21.15:118][761]LogModuleManager: Shutting down and abandoning module ViewportInteraction (496)
[2020.08.26-14.21.15:118][761]LogModuleManager: Shutting down and abandoning module ClothPainter (494)
[2020.08.26-14.21.15:179][761]LogModuleManager: Shutting down and abandoning module SkeletalMeshEditor (493)
[2020.08.26-14.21.15:234][761]LogModuleManager: Shutting down and abandoning module LogVisualizer (490)
[2020.08.26-14.21.15:263][761]LogModuleManager: Shutting down and abandoning module IntroTutorials (488)
[2020.08.26-14.21.15:342][761]LogModuleManager: Shutting down and abandoning module GameProjectGeneration (487)
[2020.08.26-14.21.15:367][761]LogModuleManager: Shutting down and abandoning module IOSPlatformEditor (484)
[2020.08.26-14.21.15:385][761]LogModuleManager: Shutting down and abandoning module HTML5PlatformEditor (482)
[2020.08.26-14.21.15:385][761]LogModuleManager: Shutting down and abandoning module AndroidPlatformEditor (480)
[2020.08.26-14.21.15:385][761]LogModuleManager: Shutting down and abandoning module AndroidDeviceDetection (479)
[2020.08.26-14.21.16:347][761]LogModuleManager: Shutting down and abandoning module WindowsPlatformEditor (476)
[2020.08.26-14.21.16:347][761]LogModuleManager: Shutting down and abandoning module IOSRuntimeSettings (474)
[2020.08.26-14.21.16:347][761]LogModuleManager: Shutting down and abandoning module AndroidRuntimeSettings (472)
[2020.08.26-14.21.16:347][761]LogModuleManager: Shutting down and abandoning module InputBindingEditor (470)
[2020.08.26-14.21.16:394][761]LogModuleManager: Shutting down and abandoning module MergeActors (468)
[2020.08.26-14.21.16:410][761]LogModuleManager: Shutting down and abandoning module LocalizationDashboard (466)
[2020.08.26-14.21.16:427][761]LogModuleManager: Shutting down and abandoning module LocalizationService (465)
[2020.08.26-14.21.16:457][761]LogModuleManager: Shutting down and abandoning module HardwareTargeting (462)
[2020.08.26-14.21.16:457][761]LogModuleManager: Shutting down and abandoning module DeviceProfileEditor (460)
[2020.08.26-14.21.16:484][761]LogModuleManager: Shutting down and abandoning module UndoHistory (458)
[2020.08.26-14.21.16:484][761]LogModuleManager: Shutting down and abandoning module XmlParser (456)
[2020.08.26-14.21.16:497][761]LogModuleManager: Shutting down and abandoning module Blutility (454)
[2020.08.26-14.21.16:497][761]LogModuleManager: Shutting down and abandoning module ProjectSettingsViewer (452)
[2020.08.26-14.21.16:497][761]LogModuleManager: Shutting down and abandoning module ProjectTargetPlatformEditor (451)
[2020.08.26-14.21.16:498][761]LogModuleManager: Shutting down and abandoning module EditorSettingsViewer (448)
[2020.08.26-14.21.16:498][761]LogModuleManager: Shutting down and abandoning module SettingsEditor (446)
[2020.08.26-14.21.16:541][761]LogModuleManager: Shutting down and abandoning module ProjectLauncher (444)
[2020.08.26-14.21.16:556][761]LogModuleManager: Shutting down and abandoning module SessionFrontend (442)
[2020.08.26-14.21.16:583][761]LogModuleManager: Shutting down and abandoning module ProfilerClient (440)
[2020.08.26-14.21.16:594][761]LogModuleManager: Shutting down and abandoning module DeviceManager (438)
[2020.08.26-14.21.16:605][761]LogModuleManager: Shutting down and abandoning module TargetDeviceServices (437)
[2020.08.26-14.21.16:684][761]LogModuleManager: Shutting down and abandoning module AutomationController (434)
[2020.08.26-14.21.16:753][761]LogModuleManager: Shutting down and abandoning module AutomationWindow (432)
[2020.08.26-14.21.16:767][761]LogModuleManager: Shutting down and abandoning module Layers (430)
[2020.08.26-14.21.16:794][761]LogModuleManager: Shutting down and abandoning module ComponentVisualizers (428)
[2020.08.26-14.21.16:794][761]LogModuleManager: Shutting down and abandoning module DetailCustomizations (426)
[2020.08.26-14.21.16:809][761]LogModuleManager: Shutting down and abandoning module PackagesDialog (424)
[2020.08.26-14.21.16:823][761]LogModuleManager: Shutting down and abandoning module Persona (422)
[2020.08.26-14.21.16:847][761]LogModuleManager: Shutting down and abandoning module AdvancedPreviewScene (421)
[2020.08.26-14.21.16:847][761]LogModuleManager: Shutting down and abandoning module AnimGraph (419)
[2020.08.26-14.21.16:847][761]LogModuleManager: Shutting down and abandoning module Kismet (416)
[2020.08.26-14.21.16:869][761]LogModuleManager: Shutting down and abandoning module GraphEditor (414)
[2020.08.26-14.21.16:912][761]LogModuleManager: Shutting down and abandoning module ClassViewer (412)
[2020.08.26-14.21.16:912][761]LogModuleManager: Shutting down and abandoning module Toolbox (410)
[2020.08.26-14.21.16:912][761]LogModuleManager: Shutting down and abandoning module ModuleUI (408)
[2020.08.26-14.21.16:938][761]LogModuleManager: Shutting down and abandoning module MovieSceneTools (406)
[2020.08.26-14.21.16:971][761]LogModuleManager: Shutting down and abandoning module OutputLog (404)
[2020.08.26-14.21.16:978][761]LogModuleManager: Shutting down and abandoning module GammaUI (402)
[2020.08.26-14.21.16:984][761]LogModuleManager: Shutting down and abandoning module Documentation (400)
[2020.08.26-14.21.16:984][761]LogModuleManager: Shutting down and abandoning module MovieSceneTracks (398)
[2020.08.26-14.21.16:984][761]LogModuleManager: Shutting down and abandoning module MovieScene (396)
[2020.08.26-14.21.16:984][761]LogModuleManager: Shutting down and abandoning module StreamingPauseRendering (394)
[2020.08.26-14.21.16:984][761]LogModuleManager: Shutting down and abandoning module LauncherPlatform (392)
[2020.08.26-14.21.16:984][761]LogModuleManager: Shutting down and abandoning module AnalyticsET (390)
[2020.08.26-14.21.16:984][761]LogModuleManager: Shutting down and abandoning module PortalServices (388)
[2020.08.26-14.21.16:984][761]LogModuleManager: Shutting down and abandoning module PortalRpc (386)
[2020.08.26-14.21.16:984][761]LogModuleManager: Shutting down and abandoning module MessagingRpc (384)
[2020.08.26-14.21.16:984][761]LogModuleManager: Shutting down and abandoning module AIModule (382)
[2020.08.26-14.21.16:984][761]LogModuleManager: Shutting down and abandoning module GameplayDebugger (381)
[2020.08.26-14.21.16:984][761]LogModuleManager: Shutting down and abandoning module AITestSuite (379)
[2020.08.26-14.21.16:991][761]LogModuleManager: Shutting down and abandoning module ProfilerService (376)
[2020.08.26-14.21.17:221][761]LogModuleManager: Shutting down and abandoning module TaskGraph (374)
[2020.08.26-14.21.17:250][761]LogModuleManager: Shutting down and abandoning module SteamVRController (372)
[2020.08.26-14.21.17:250][761]LogModuleManager: Shutting down and abandoning module ProceduralMeshComponentEditor (370)
[2020.08.26-14.21.17:250][761]LogModuleManager: Shutting down and abandoning module ProceduralMeshComponent (368)
[2020.08.26-14.21.17:261][761]LogModuleManager: Shutting down and abandoning module OculusInput (366)
[2020.08.26-14.21.17:268][761]LogModuleManager: Shutting down and abandoning module MobilePatchingUtils (364)
[2020.08.26-14.21.17:268][761]LogModuleManager: Shutting down and abandoning module CustomMeshComponent (362)
[2020.08.26-14.21.17:268][761]LogModuleManager: Shutting down and abandoning module CableComponent (360)
[2020.08.26-14.21.17:276][761]LogModuleManager: Shutting down and abandoning module AudioCapture (358)
[2020.08.26-14.21.17:276][761]LogModuleManager: Shutting down and abandoning module ArchVisCharacter (356)
[2020.08.26-14.21.17:276][761]LogModuleManager: Shutting down and abandoning module AndroidPermission (354)
[2020.08.26-14.21.17:276][761]LogModuleManager: Shutting down and abandoning module NUTUnrealEngine4 (350)
[2020.08.26-14.21.17:276][761]LogModuleManager: Shutting down and abandoning module NetcodeUnitTest (348)
[2020.08.26-14.21.17:327][761]LogModuleManager: Shutting down and abandoning module MediaCompositingEditor (346)
[2020.08.26-14.21.17:327][761]LogModuleManager: Shutting down and abandoning module MediaCompositing (344)
[2020.08.26-14.21.17:327][761]LogModuleManager: Shutting down and abandoning module LinearTimecode (342)
[2020.08.26-14.21.17:327][761]LogModuleManager: Shutting down and abandoning module ImgMedia (340)
[2020.08.26-14.21.17:345][761]LogModuleManager: Shutting down and abandoning module FlexEditor (338)
[2020.08.26-14.21.17:345][761]LogModuleManager: Shutting down and abandoning module RawInput (336)
[2020.08.26-14.21.17:345][761]LogSlate: Slate User Destroyed.  User Index 0, Is Virtual User: 0
[2020.08.26-14.21.17:345][761]LogModuleManager: Shutting down and abandoning module HTML5Networking (334)
[2020.08.26-14.21.17:345][761]LogModuleManager: Shutting down and abandoning module AlembicImporter (332)
[2020.08.26-14.21.17:354][761]LogModuleManager: Shutting down and abandoning module AlembicLibrary (331)
[2020.08.26-14.21.17:354][761]LogModuleManager: Shutting down and abandoning module GeometryCache (330)
[2020.08.26-14.21.17:354][761]LogModuleManager: Shutting down and abandoning module GeometryCacheEd (329)
[2020.08.26-14.21.17:354][761]LogModuleManager: Shutting down and abandoning module DatasmithContent (324)
[2020.08.26-14.21.17:355][761]LogModuleManager: Shutting down and abandoning module SpeedTreeImporter (322)
[2020.08.26-14.21.17:355][761]LogModuleManager: Shutting down and abandoning module PluginBrowser (320)
[2020.08.26-14.21.17:467][761]LogModuleManager: Shutting down and abandoning module MobileLauncherProfileWizard (318)
[2020.08.26-14.21.17:498][761]LogModuleManager: Shutting down and abandoning module CryptoKeysOpenSSL (316)
[2020.08.26-14.21.17:523][761]LogModuleManager: Shutting down and abandoning module CryptoKeys (314)
[2020.08.26-14.21.17:523][761]LogModuleManager: Shutting down and abandoning module VisualStudioSourceCodeAccess (312)
[2020.08.26-14.21.17:523][761]LogModuleManager: Shutting down and abandoning module VisualStudioCodeSourceCodeAccess (310)
[2020.08.26-14.21.17:523][761]LogModuleManager: Shutting down and abandoning module UObjectPlugin (308)
[2020.08.26-14.21.17:523][761]LogModuleManager: Shutting down and abandoning module SubversionSourceControl (306)
[2020.08.26-14.21.17:543][761]LogModuleManager: Shutting down and abandoning module PerforceSourceControl (304)
[2020.08.26-14.21.17:573][761]LogModuleManager: Shutting down and abandoning module GitSourceControl (302)
[2020.08.26-14.21.17:619][761]LogModuleManager: Shutting down and abandoning module SourceControl (301)
[2020.08.26-14.21.17:629][761]LogModuleManager: Shutting down and abandoning module CLionSourceCodeAccess (298)
[2020.08.26-14.21.17:635][761]LogModuleManager: Shutting down and abandoning module LightPropagationVolumeEditor (296)
[2020.08.26-14.21.17:635][761]LogModuleManager: Shutting down and abandoning module PaperTiledImporter (294)
[2020.08.26-14.21.17:635][761]LogModuleManager: Shutting down and abandoning module PaperSpriteSheetImporter (292)
[2020.08.26-14.21.17:635][761]LogModuleManager: Shutting down and abandoning module Paper2DEditor (290)
[2020.08.26-14.21.17:680][761]LogModuleManager: Shutting down and abandoning module MeshPaint (289)
[2020.08.26-14.21.17:758][761]LogModuleManager: Shutting down and abandoning module RuntimePhysXCooking (286)
[2020.08.26-14.21.17:758][761]LogModuleManager: Shutting down and abandoning module PhysXVehiclesEditor (284)
[2020.08.26-14.21.17:758][761]LogModuleManager: Shutting down and abandoning module PhysXVehicles (282)
[2020.08.26-14.21.17:758][761]LogModuleManager: Shutting down and abandoning module OculusEditor (280)
[2020.08.26-14.21.17:758][761]LogModuleManager: Shutting down and abandoning module LocationServicesBPLibrary (278)
[2020.08.26-14.21.17:758][761]LogModuleManager: Shutting down and abandoning module ImmediatePhysicsEditor (276)
[2020.08.26-14.21.17:758][761]LogModuleManager: Shutting down and abandoning module ImmediatePhysics (274)
[2020.08.26-14.21.17:796][761]LogModuleManager: Shutting down and abandoning module ActorSequence (272)
[2020.08.26-14.21.17:796][761]LogModuleManager: Shutting down and abandoning module UdpMessaging (270)
[2020.08.26-14.21.17:937][761]LogModuleManager: Shutting down and abandoning module TcpMessaging (268)
[2020.08.26-14.21.18:050][761]LogModuleManager: Shutting down and abandoning module OSVRInput (266)
[2020.08.26-14.21.18:050][761]LogModuleManager: Shutting down and abandoning module OSVR (264)
[2020.08.26-14.21.18:103][761]LogModuleManager: Shutting down and abandoning module GameplayTagsEditor (262)
[2020.08.26-14.21.18:110][761]LogModuleManager: Shutting down and abandoning module FacialAnimationEditor (260)
[2020.08.26-14.21.18:110][761]LogModuleManager: Shutting down and abandoning module FacialAnimation (258)
[2020.08.26-14.21.18:110][761]LogModuleManager: Shutting down and abandoning module DataValidation (256)
[2020.08.26-14.21.18:110][761]LogModuleManager: Shutting down and abandoning module AssetManagerEditor (254)
[2020.08.26-14.21.18:142][761]LogModuleManager: Shutting down and abandoning module LevelEditor (253)
[2020.08.26-14.21.18:162][761]LogModuleManager: Shutting down and abandoning module PixelInspectorModule (252)
[2020.08.26-14.21.18:181][761]LogModuleManager: Shutting down and abandoning module CommonMenuExtensions (250)
[2020.08.26-14.21.18:182][761]LogModuleManager: Shutting down and abandoning module MainFrame (248)
[2020.08.26-14.21.18:182][761]LogModuleManager: Shutting down and abandoning module HotReload (247)
[2020.08.26-14.21.18:213][761]LogModuleManager: Shutting down and abandoning module ContentBrowser (243)
[2020.08.26-14.21.18:214][761]LogModuleManager: Shutting down and abandoning module TreeMap (241)
[2020.08.26-14.21.18:258][761]LogModuleManager: Shutting down and abandoning module LightPropagationVolumeRuntime (238)
[2020.08.26-14.21.18:258][761]LogModuleManager: Shutting down and abandoning module LiveLinkEditor (236)
[2020.08.26-14.21.18:279][761]LogModuleManager: Shutting down and abandoning module LiveLink (234)
[2020.08.26-14.21.19:225][761]LogModuleManager: Shutting down and abandoning module Paper2D (232)
[2020.08.26-14.21.19:237][761]LogModuleManager: Shutting down and abandoning module WindowsMoviePlayer (230)
[2020.08.26-14.21.19:259][761]LogModuleManager: Shutting down and abandoning module WmfMedia (228)
[2020.08.26-14.21.19:276][761]LogModuleManager: Shutting down and abandoning module Media (227)
[2020.08.26-14.21.19:282][761]LogModuleManager: Shutting down and abandoning module PacketHandler (224)
[2020.08.26-14.21.19:282][761]LogModuleManager: Shutting down and abandoning module ClothingSystemEditor (222)
[2020.08.26-14.21.19:283][761]LogModuleManager: Shutting down and abandoning module ClothingSystemRuntime (220)
[2020.08.26-14.21.19:326][761]LogModuleManager: Shutting down and abandoning module MediaAssets (218)
[2020.08.26-14.21.19:326][761]LogModuleManager: Shutting down and abandoning module Overlay (216)
[2020.08.26-14.21.19:326][761]LogModuleManager: Shutting down and abandoning module OverlayEditor (215)
[2020.08.26-14.21.19:326][761]LogModuleManager: Shutting down and abandoning module VREditor (212)
[2020.08.26-14.21.19:386][761]LogModuleManager: Shutting down and abandoning module StringTableEditor (210)
[2020.08.26-14.21.19:420][761]LogModuleManager: Shutting down and abandoning module GameplayTasksEditor (208)
[2020.08.26-14.21.19:420][761]LogModuleManager: Shutting down and abandoning module BehaviorTreeEditor (206)
[2020.08.26-14.21.19:586][761]LogModuleManager: Shutting down and abandoning module FunctionalTesting (204)
[2020.08.26-14.21.19:597][761]LogModuleManager: Shutting down and abandoning module CollisionAnalyzer (202)
[2020.08.26-14.21.19:607][761]LogModuleManager: Shutting down and abandoning module WorkspaceMenuStructure (201)
[2020.08.26-14.21.19:607][761]LogModuleManager: Shutting down and abandoning module UMG (198)
[2020.08.26-14.21.19:637][761]LogModuleManager: Shutting down and abandoning module UMGEditor (197)
[2020.08.26-14.21.19:668][761]LogModuleManager: Shutting down and abandoning module Sequencer (196)
[2020.08.26-14.21.19:717][761]LogModuleManager: Shutting down and abandoning module MessageLog (193)
[2020.08.26-14.21.19:717][761]LogModuleManager: Shutting down and abandoning module SlateReflector (188)
[2020.08.26-14.21.19:744][761]LogModuleManager: Shutting down and abandoning module Slate (186)
[2020.08.26-14.21.19:744][761]LogModuleManager: Shutting down and abandoning module EditorStyle (184)
[2020.08.26-14.21.19:747][761]LogModuleManager: Shutting down and abandoning module MRMesh (182)
[2020.08.26-14.21.19:747][761]LogModuleManager: Shutting down and abandoning module SourceCodeAccess (180)
[2020.08.26-14.21.19:747][761]LogModuleManager: Shutting down and abandoning module HeadMountedDisplay (178)
[2020.08.26-14.21.19:747][761]LogModuleManager: Shutting down and abandoning module XAudio2 (176)
[2020.08.26-14.21.19:747][761]LogModuleManager: Shutting down and abandoning module Networking (174)
[2020.08.26-14.21.19:747][761]LogModuleManager: Shutting down and abandoning module Core (172)
[2020.08.26-14.21.19:747][761]LogModuleManager: Shutting down and abandoning module LevelSequence (170)
[2020.08.26-14.21.19:796][761]LogModuleManager: Shutting down and abandoning module KismetCompiler (168)
[2020.08.26-14.21.19:796][761]LogModuleManager: Shutting down and abandoning module MeshUtilities (166)
[2020.08.26-14.21.19:822][761]LogModuleManager: Shutting down and abandoning module MeshMergeUtilities (165)
[2020.08.26-14.21.19:827][761]LogModuleManager: Shutting down and abandoning module MeshReductionInterface (164)
[2020.08.26-14.21.19:827][761]LogModuleManager: Shutting down and abandoning module QuadricMeshReduction (163)
[2020.08.26-14.21.19:849][761]LogModuleManager: Shutting down and abandoning module MaterialBaking (159)
[2020.08.26-14.21.19:869][761]LogModuleManager: Shutting down and abandoning module DirectoryWatcher (155)
[2020.08.26-14.21.19:871][761]LogModuleManager: Shutting down and abandoning module DerivedDataCache (152)
[2020.08.26-14.21.19:942][761]LogDerivedDataCache: Shutdown
[2020.08.26-14.21.19:943][761]LogModuleManager: Shutting down and abandoning module XGEController (150)
[2020.08.26-14.21.19:943][761]LogModuleManager: Shutting down and abandoning module TargetPlatform (148)
[2020.08.26-14.21.19:943][761]LogModuleManager: Shutting down and abandoning module VulkanShaderFormat (147)
[2020.08.26-14.21.19:943][761]LogModuleManager: Shutting down and abandoning module ShaderFormatVectorVM (145)
[2020.08.26-14.21.19:943][761]LogModuleManager: Shutting down and abandoning module ShaderFormatOpenGL (143)
[2020.08.26-14.21.19:943][761]LogModuleManager: Shutting down and abandoning module ShaderFormatD3D (141)
[2020.08.26-14.21.19:943][761]LogModuleManager: Shutting down and abandoning module MetalShaderFormat (139)
[2020.08.26-14.21.19:951][761]LogModuleManager: Shutting down and abandoning module TextureFormatUncompressed (137)
[2020.08.26-14.21.19:951][761]LogModuleManager: Shutting down and abandoning module TextureFormatPVR (135)
[2020.08.26-14.21.19:951][761]LogModuleManager: Shutting down and abandoning module TextureFormatDXT (133)
[2020.08.26-14.21.19:966][761]LogModuleManager: Shutting down and abandoning module TextureFormatIntelISPCTexComp (131)
[2020.08.26-14.21.19:973][761]LogModuleManager: Shutting down and abandoning module TextureFormatASTC (129)
[2020.08.26-14.21.19:973][761]LogModuleManager: Shutting down and abandoning module ImageWrapper (128)
[2020.08.26-14.21.19:973][761]LogModuleManager: Shutting down and abandoning module TextureFormatAndroid (125)
[2020.08.26-14.21.19:973][761]LogModuleManager: Shutting down and abandoning module AudioFormatOpus (123)
[2020.08.26-14.21.19:973][761]LogModuleManager: Shutting down and abandoning module AudioFormatOgg (121)
[2020.08.26-14.21.19:973][761]LogModuleManager: Shutting down and abandoning module AudioFormatADPCM (119)
[2020.08.26-14.21.19:973][761]LogModuleManager: Shutting down and abandoning module TVOSTargetPlatform (117)
[2020.08.26-14.21.19:973][761]LogModuleManager: Shutting down and abandoning module Messaging (115)
[2020.08.26-14.21.19:973][761]LogModuleManager: Shutting down and abandoning module IOSTargetPlatform (113)
[2020.08.26-14.21.19:973][761]LogModuleManager: Shutting down and abandoning module HTML5TargetPlatform (111)
[2020.08.26-14.21.19:973][761]LogModuleManager: Shutting down and abandoning module AndroidTargetPlatform (109)
[2020.08.26-14.21.19:973][761]LogModuleManager: Shutting down and abandoning module Android_PVRTCTargetPlatform (107)
[2020.08.26-14.21.19:973][761]LogModuleManager: Shutting down and abandoning module Android_MultiTargetPlatform (105)
[2020.08.26-14.21.19:973][761]LogModuleManager: Shutting down and abandoning module Android_ETC2TargetPlatform (103)
[2020.08.26-14.21.19:973][761]LogModuleManager: Shutting down and abandoning module Android_ETC1TargetPlatform (101)
[2020.08.26-14.21.19:973][761]LogModuleManager: Shutting down and abandoning module Android_ETC1aTargetPlatform (99)
[2020.08.26-14.21.19:973][761]LogModuleManager: Shutting down and abandoning module Android_DXTTargetPlatform (97)
[2020.08.26-14.21.19:973][761]LogModuleManager: Shutting down and abandoning module Android_ATCTargetPlatform (95)
[2020.08.26-14.21.19:973][761]LogModuleManager: Shutting down and abandoning module Android_ASTCTargetPlatform (93)
[2020.08.26-14.21.19:973][761]LogModuleManager: Shutting down and abandoning module WindowsTargetPlatform (91)
[2020.08.26-14.21.19:973][761]LogModuleManager: Shutting down and abandoning module WindowsServerTargetPlatform (89)
[2020.08.26-14.21.19:973][761]LogModuleManager: Shutting down and abandoning module WindowsNoEditorTargetPlatform (87)
[2020.08.26-14.21.19:973][761]LogModuleManager: Shutting down and abandoning module WindowsClientTargetPlatform (85)
[2020.08.26-14.21.19:973][761]LogModuleManager: Shutting down and abandoning module MacTargetPlatform (83)
[2020.08.26-14.21.19:973][761]LogModuleManager: Shutting down and abandoning module MacServerTargetPlatform (81)
[2020.08.26-14.21.19:973][761]LogModuleManager: Shutting down and abandoning module MacNoEditorTargetPlatform (79)
[2020.08.26-14.21.19:973][761]LogModuleManager: Shutting down and abandoning module MacClientTargetPlatform (77)
[2020.08.26-14.21.19:973][761]LogModuleManager: Shutting down and abandoning module AllDesktopTargetPlatform (75)
[2020.08.26-14.21.19:973][761]LogModuleManager: Shutting down and abandoning module InputCore (72)
[2020.08.26-14.21.19:973][761]LogModuleManager: Shutting down and abandoning module Settings (70)
[2020.08.26-14.21.19:973][761]LogModuleManager: Shutting down and abandoning module PhysXCooking (68)
[2020.08.26-14.21.19:973][761]LogModuleManager: Shutting down and abandoning module SteamVR (66)
[2020.08.26-14.21.19:982][761]LogModuleManager: Shutting down and abandoning module OculusHMD (64)
[2020.08.26-14.21.20:001][761]LogModuleManager: Shutting down and abandoning module LeapMotion (62)
[2020.08.26-14.21.20:001][761]LogModuleManager: Shutting down and abandoning module GoogleVRHMD (60)
[2020.08.26-14.21.20:001][761]LogModuleManager: Shutting down and abandoning module ExampleDeviceProfileSelector (58)
[2020.08.26-14.21.20:001][761]LogModuleManager: Shutting down and abandoning module AppleARKit (56)
[2020.08.26-14.21.20:001][761]LogModuleManager: Shutting down and abandoning module AugmentedReality (53)
[2020.08.26-14.21.20:001][761]LogModuleManager: Shutting down and abandoning module OnlineBlueprintSupport (50)
[2020.08.26-14.21.20:001][761]LogModuleManager: Shutting down and abandoning module OnlineSubsystem (46)
[2020.08.26-14.21.20:044][761]LogModuleManager: Shutting down and abandoning module XMPP (45)
[2020.08.26-14.21.20:066][761]LogModuleManager: Shutting down and abandoning module HTTP (43)
[2020.08.26-14.21.20:069][761]LogHttp: Display: Http module shutting down, but needs to wait on 1 outstanding Http requests:
[2020.08.26-14.21.20:069][761]LogHttp: Display: 	verb=[POST] url=[https://datarouter.ol.epicgames.com/datarouter/api/v1/public/data?SessionID=%7B5F2D9137-4A42-9900-BE4F-3C9695967EBC%7D&AppID=UEEditor.UnrealEngine.Release&AppVersion=4.19.2-0%2B%2B%2BUE4%2BRelease-4.19&UserID=a16bd2d24964dc91948f188a9269302b%7C92febfaa186d424daed92473982fae20%7C1b6012d9-0e68-4421-843e-f249568fa6a7&AppEnvironment=datacollector-source&UploadType=eteventstream] status=Processing
[2020.08.26-14.21.20:091][761]LogModuleManager: Shutting down and abandoning module SSL (42)
[2020.08.26-14.21.20:092][761]LogModuleManager: Shutting down and abandoning module Flex (38)
[2020.08.26-14.21.20:125][761]LogModuleManager: Shutting down and abandoning module AnimationModifiers (36)
[2020.08.26-14.21.20:138][761]LogModuleManager: Shutting down and abandoning module PropertyEditor (35)
[2020.08.26-14.21.20:160][761]LogModuleManager: Shutting down and abandoning module AudioEditor (32)
[2020.08.26-14.21.20:208][761]LogModuleManager: Shutting down and abandoning module TextureCompressor (30)
[2020.08.26-14.21.20:219][761]LogModuleManager: Shutting down and abandoning module ShaderCore (28)
[2020.08.26-14.21.20:219][761]LogModuleManager: Shutting down and abandoning module Landscape (26)
[2020.08.26-14.21.20:219][761]LogModuleManager: Shutting down and abandoning module SlateRHIRenderer (24)
[2020.08.26-14.21.20:255][761]LogModuleManager: Shutting down and abandoning module OpenGLDrv (22)
[2020.08.26-14.21.20:278][761]LogModuleManager: Shutting down and abandoning module D3D11RHI (20)
[2020.08.26-14.21.20:278][761]LogModuleManager: Shutting down and abandoning module AnimGraphRuntime (18)
[2020.08.26-14.21.20:303][761]LogModuleManager: Shutting down and abandoning module Renderer (16)
[2020.08.26-14.21.20:303][761]LogModuleManager: Shutting down and abandoning module Engine (14)
[2020.08.26-14.21.20:303][761]LogModuleManager: Shutting down and abandoning module CoreUObject (12)
[2020.08.26-14.21.20:303][761]LogModuleManager: Shutting down and abandoning module NetworkFile (10)
[2020.08.26-14.21.20:312][761]LogModuleManager: Shutting down and abandoning module CookedIterativeFile (8)
[2020.08.26-14.21.20:312][761]LogModuleManager: Shutting down and abandoning module StreamingFile (6)
[2020.08.26-14.21.20:317][761]LogModuleManager: Shutting down and abandoning module SandboxFile (4)
[2020.08.26-14.21.20:320][761]LogModuleManager: Shutting down and abandoning module PakFile (2)
[2020.08.26-14.21.20:372][761]LogExit: Exiting.
[2020.08.26-14.21.20:403][761]Log file closed, 08/26/20 16:21:20
